Output       : /shared/home/erg966/LosslessModelCompression/compression_results_zstd_finegrained.jsonl
RESULTS dir  : /shared/home/erg966/LosslessModelCompression/RESULTS_2_30
Chunk size   : 128 MB
Workers      : 42
Algorithms   : ['raw_zstd', 'byte_transpose', 'semantic_sep', 'bitplane', 'gorilla_base', 'xor_delta', 'gorilla_xor_delta']
Zstd level   : 1
Total trials : 294

[  1/294]  MXFP4E2M1/Var0p025/raw_zstd                ratio=0.9572  c=   1.31s  elapsed=21s
[  2/294]  NVFP4E2M1/Var0p01/raw_zstd                ratio=1.0000  c=   0.78s  elapsed=21s
[  3/294]  NVFP4E2M1/Var0p5/raw_zstd                ratio=1.0000  c=   0.79s  elapsed=21s
[  4/294]  MXFP4E2M1/Var0p01/raw_zstd                ratio=0.9406  c=   1.40s  elapsed=22s
[  5/294]  MXFP4E2M1/Var0p05/raw_zstd                ratio=0.9428  c=   1.50s  elapsed=22s
[  6/294]  NVFP4E2M1/Var0p1/raw_zstd                ratio=1.0000  c=   0.78s  elapsed=22s
[  7/294]  NVFP4E2M1/Var0p05/raw_zstd                ratio=1.0000  c=   0.89s  elapsed=22s
[  8/294]  NVFP4E2M1/Var0p25/raw_zstd                ratio=1.0000  c=   0.82s  elapsed=22s
[  9/294]  NVFP4E2M1/Var0p025/raw_zstd                ratio=1.0000  c=   0.81s  elapsed=22s
[ 10/294]  MXFP4E2M1/Var0p1/raw_zstd                ratio=0.9572  c=   1.17s  elapsed=22s
[ 11/294]  MXFP4E2M1/Var0p5/raw_zstd                ratio=0.9484  c=   1.46s  elapsed=22s
[ 12/294]  MXFP4E2M1/Var0p25/raw_zstd                ratio=0.9514  c=   1.52s  elapsed=22s
[ 13/294]  FP8E5M2/Var0p1/raw_zstd                ratio=0.7140  c=   2.43s  elapsed=36s
[ 14/294]  FP8E5M2/Var0p01/raw_zstd                ratio=0.7140  c=   2.32s  elapsed=37s
[ 15/294]  FP8E5M2/Var0p025/raw_zstd                ratio=0.7140  c=   2.22s  elapsed=37s
[ 16/294]  FP8E5M2/Var0p05/raw_zstd                ratio=0.7140  c=   2.20s  elapsed=37s
[ 17/294]  FP8E5M2/Var0p5/raw_zstd                ratio=0.7140  c=   2.15s  elapsed=37s
[ 18/294]  FP8E5M2/Var0p25/raw_zstd                ratio=0.7140  c=   2.25s  elapsed=37s
[ 19/294]  FP8E4M3/Var0p25/raw_zstd                ratio=0.8017  c=   2.36s  elapsed=37s
[ 20/294]  FP8E4M3/Var0p025/raw_zstd                ratio=0.8017  c=   2.35s  elapsed=38s
[ 21/294]  FP8E4M3/Var0p05/raw_zstd                ratio=0.8017  c=   2.36s  elapsed=38s
[ 22/294]  FP8E4M3/Var0p01/raw_zstd                ratio=0.8018  c=   2.25s  elapsed=38s
[ 23/294]  FP8E4M3/Var0p5/raw_zstd                ratio=0.8017  c=   2.44s  elapsed=38s
[ 24/294]  FP8E4M3/Var0p1/raw_zstd                ratio=0.8017  c=   2.32s  elapsed=38s
