Output       : /shared/home/erg966/LosslessModelCompression/compression_results_huffman.jsonl
RESULTS dir  : /shared/home/erg966/LosslessModelCompression/RESULTS_2_10
Chunk size   : 128 MB
Workers      : 42
Algorithms   : ['raw_huffman', 'byte_transpose', 'semantic_sep', 'bitplane', 'gorilla_base', 'xor_delta', 'gorilla_xor_delta']
Codec        : naive Huffman (byte symbols, per-stream tables)
Total trials : 294

  OK   BF16E8M7/Var0p01/raw_huffman                             ratio=0.7715  c=   0.01s  d= 0.0001s
  OK   BF16E8M7/Var0p05/raw_huffman                             ratio=0.7651  c=   0.01s  d= 0.0001s
  OK   FP32E8M23/Var0p25/raw_huffman                            ratio=0.9185  c=   0.01s  d= 0.0001s
  OK   FP32E8M23/Var0p1/raw_huffman                             ratio=0.9177  c=   0.01s  d= 0.0002s
  OK   FP16E5M10/Var0p05/raw_huffman                            ratio=0.9067  c=   0.01s  d= 0.0001s
  OK   FP32E8M23/Var0p01/raw_huffman                            ratio=0.9214  c=   0.01s  d= 0.0001s
  OK   FP16E5M10/Var0p025/raw_huffman                           ratio=0.9077  c=   0.01s  d= 0.0001s
  OK   FP32E8M23/Var0p5/raw_huffman                             ratio=0.9182  c=   0.01s  d= 0.0002s
  OK   FP16E5M10/Var0p01/raw_huffman                            ratio=0.9082  c=   0.01s  d= 0.0001s
  OK   FP32E8M23/Var0p025/raw_huffman                           ratio=0.9163  c=   0.01s  d= 0.0002s
  OK   FP16E5M10/Var0p25/raw_huffman                            ratio=0.9077  c=   0.01s  d= 0.0001s
  OK   FP16E5M10/Var0p1/raw_huffman                             ratio=0.9062  c=   0.01s  d= 0.0002s
  OK   FP32E8M23/Var0p05/raw_huffman                            ratio=0.9148  c=   0.01s  d= 0.0001s
  OK   BF16E8M7/Var0p025/raw_huffman                            ratio=0.7676  c=   0.01s  d= 0.0001s
  OK   BF16E8M7/Var0p5/raw_huffman                              ratio=0.7686  c=   0.01s  d= 0.0001s
  OK   BF16E8M7/Var0p1/raw_huffman                              ratio=0.7715  c=   0.01s  d= 0.0001s
  OK   BF16E8M7/Var0p25/raw_huffman                             ratio=0.7710  c=   0.01s  d= 0.0001s
  OK   FP16E5M10/Var0p5/raw_huffman                             ratio=0.9087  c=   0.01s  d= 0.0001s
  OK   FP8E4M3/Var0p01/raw_huffman                              ratio=0.7617  c=   0.01s  d= 0.0001s
  OK   FP8E5M2/Var0p025/raw_huffman                             ratio=0.7324  c=   0.01s  d= 0.0001s
  OK   MXFP4E2M1/Var0p05/raw_huffman                            ratio=0.9043  c=   0.01s  d= 0.0001s
  OK   FP8E4M3/Var0p05/raw_huffman                              ratio=0.8037  c=   0.01s  d= 0.0001s
  OK   FP8E4M3/Var0p025/raw_huffman                             ratio=0.8184  c=   0.01s  d= 0.0001s
  OK   NVFP4E2M1/Var0p05/raw_huffman                            ratio=0.9473  c=   0.01s  d= 0.0001s
  OK   FP8E5M2/Var0p05/raw_huffman                              ratio=0.7295  c=   0.01s  d= 0.0001s
  OK   MXFP4E2M1/Var0p1/raw_huffman                             ratio=0.9160  c=   0.01s  d= 0.0001s
  OK   FP8E4M3/Var0p25/raw_huffman                              ratio=0.7891  c=   0.01s  d= 0.0001s
  OK   NVFP4E2M1/Var0p01/raw_huffman                            ratio=0.9453  c=   0.01s  d= 0.0001s
  OK   NVFP4E2M1/Var0p025/raw_huffman                           ratio=0.9434  c=   0.01s  d= 0.0001s
  OK   FP8E5M2/Var0p5/raw_huffman                               ratio=0.6865  c=   0.01s  d= 0.0000s
  OK   MXFP4E2M1/Var0p25/raw_huffman                            ratio=0.9082  c=   0.01s  d= 0.0001s
  OK   FP8E4M3/Var0p1/raw_huffman                               ratio=0.7949  c=   0.01s  d= 0.0001s
  OK   FP8E5M2/Var0p01/raw_huffman                              ratio=0.6875  c=   0.01s  d= 0.0001s
  OK   NVFP4E2M1/Var0p5/raw_huffman                             ratio=0.9512  c=   0.01s  d= 0.0001s
  OK   MXFP4E2M1/Var0p025/raw_huffman                           ratio=0.9121  c=   0.01s  d= 0.0001s
  OK   NVFP4E2M1/Var0p1/raw_huffman                             ratio=0.9414  c=   0.01s  d= 0.0001s
  OK   FP8E4M3/Var0p5/raw_huffman                               ratio=0.7637  c=   0.01s  d= 0.0001s
  OK   MXFP4E2M1/Var0p5/raw_huffman                             ratio=0.8984  c=   0.01s  d= 0.0001s
  OK   MXFP4E2M1/Var0p01/raw_huffman                            ratio=0.8984  c=   0.01s  d= 0.0001s
  OK   NVFP4E2M1/Var0p25/raw_huffman                            ratio=0.9512  c=   0.01s  d= 0.0001s
  OK   BF16E8M7/Var0p01/byte_transpose                          ratio=0.6611  c=   0.02s  d= 0.0001s
  OK   FP8E5M2/Var0p25/raw_huffman                              ratio=0.7090  c=   0.01s  d= 0.0001s
  OK   FP8E5M2/Var0p1/raw_huffman                               ratio=0.7227  c=   0.01s  d= 0.0001s
  OK   BF16E8M7/Var0p05/byte_transpose                          ratio=0.6548  c=   0.02s  d= 0.0001s
  OK   FP16E5M10/Var0p025/byte_transpose                        ratio=0.8281  c=   0.01s  d= 0.0002s
  OK   FP16E5M10/Var0p01/byte_transpose                         ratio=0.8291  c=   0.01s  d= 0.0002s
  OK   FP16E5M10/Var0p05/byte_transpose                         ratio=0.8315  c=   0.02s  d= 0.0002s
  OK   FP16E5M10/Var0p1/byte_transpose                          ratio=0.8320  c=   0.01s  d= 0.0002s
  OK   BF16E8M7/Var0p025/byte_transpose                         ratio=0.6567  c=   0.01s  d= 0.0001s
  OK   FP16E5M10/Var0p25/byte_transpose                         ratio=0.8306  c=   0.02s  d= 0.0002s
  OK   BF16E8M7/Var0p5/byte_transpose                           ratio=0.6553  c=   0.02s  d= 0.0001s
  OK   BF16E8M7/Var0p1/byte_transpose                           ratio=0.6592  c=   0.02s  d= 0.0002s
  OK   BF16E8M7/Var0p25/byte_transpose                          ratio=0.6606  c=   0.02s  d= 0.0001s
  OK   FP16E5M10/Var0p5/byte_transpose                          ratio=0.8330  c=   0.02s  d= 0.0002s
  OK   MXFP4E2M1/Var0p05/byte_transpose                         ratio=0.9043  c=   0.01s  d= 0.0001s
  OK   MXFP4E2M1/Var0p1/byte_transpose                          ratio=0.9160  c=   0.01s  d= 0.0001s
  OK   NVFP4E2M1/Var0p05/byte_transpose                         ratio=0.9473  c=   0.01s  d= 0.0001s
  OK   FP32E8M23/Var0p25/byte_transpose                         ratio=0.8208  c=   0.03s  d= 0.0004s
  OK   FP32E8M23/Var0p025/byte_transpose                        ratio=0.8186  c=   0.03s  d= 0.0004s
  OK   FP32E8M23/Var0p05/byte_transpose                         ratio=0.8176  c=   0.03s  d= 0.0003s
  OK   MXFP4E2M1/Var0p25/byte_transpose                         ratio=0.9082  c=   0.01s  d= 0.0002s
  OK   FP32E8M23/Var0p01/byte_transpose                         ratio=0.8206  c=   0.03s  d= 0.0004s
  OK   NVFP4E2M1/Var0p5/byte_transpose                          ratio=0.9512  c=   0.01s  d= 0.0001s
  OK   MXFP4E2M1/Var0p025/byte_transpose                        ratio=0.9121  c=   0.01s  d= 0.0001s
  OK   NVFP4E2M1/Var0p01/byte_transpose                         ratio=0.9453  c=   0.01s  d= 0.0001s
  OK   NVFP4E2M1/Var0p025/byte_transpose                        ratio=0.9434  c=   0.01s  d= 0.0001s
  OK   FP32E8M23/Var0p5/byte_transpose                          ratio=0.8176  c=   0.03s  d= 0.0004s
  OK   MXFP4E2M1/Var0p01/byte_transpose                         ratio=0.8984  c=   0.01s  d= 0.0001s
  OK   NVFP4E2M1/Var0p25/byte_transpose                         ratio=0.9512  c=   0.01s  d= 0.0001s
  OK   FP32E8M23/Var0p1/byte_transpose                          ratio=0.8201  c=   0.04s  d= 0.0004s
  OK   NVFP4E2M1/Var0p1/byte_transpose                          ratio=0.9414  c=   0.01s  d= 0.0001s
  OK   MXFP4E2M1/Var0p5/byte_transpose                          ratio=0.8984  c=   0.01s  d= 0.0001s
  OK   FP8E5M2/Var0p05/byte_transpose                           ratio=0.7295  c=   0.01s  d= 0.0000s
  OK   FP8E4M3/Var0p05/byte_transpose                           ratio=0.8037  c=   0.01s  d= 0.0001s
  OK   FP8E4M3/Var0p01/byte_transpose                           ratio=0.7617  c=   0.01s  d= 0.0001s
  OK   FP8E4M3/Var0p25/byte_transpose                           ratio=0.7891  c=   0.01s  d= 0.0001s
  OK   FP8E4M3/Var0p025/byte_transpose                          ratio=0.8184  c=   0.01s  d= 0.0001s
  OK   FP8E5M2/Var0p025/byte_transpose                          ratio=0.7324  c=   0.01s  d= 0.0000s
  OK   FP8E5M2/Var0p5/byte_transpose                            ratio=0.6865  c=   0.01s  d= 0.0000s
  OK   FP8E4M3/Var0p1/byte_transpose                            ratio=0.7949  c=   0.01s  d= 0.0001s
  OK   FP8E4M3/Var0p5/byte_transpose                            ratio=0.7637  c=   0.01s  d= 0.0001s
  OK   FP8E5M2/Var0p01/byte_transpose                           ratio=0.6875  c=   0.01s  d= 0.0000s
  OK   FP8E5M2/Var0p1/byte_transpose                            ratio=0.7227  c=   0.01s  d= 0.0000s
  OK   FP8E5M2/Var0p25/byte_transpose                           ratio=0.7090  c=   0.01s  d= 0.0000s
  OK   MXFP4E2M1/Var0p05/semantic_sep                           ratio=0.7930  c=   0.03s  d= 0.0002s
  OK   MXFP4E2M1/Var0p1/semantic_sep                            ratio=0.8047  c=   0.03s  d= 0.0002s
  OK   MXFP4E2M1/Var0p01/semantic_sep                           ratio=0.8027  c=   0.03s  d= 0.0002s
  OK   MXFP4E2M1/Var0p25/semantic_sep                           ratio=0.8008  c=   0.03s  d= 0.0002s
  OK   MXFP4E2M1/Var0p025/semantic_sep                          ratio=0.8027  c=   0.04s  d= 0.0003s
  OK   MXFP4E2M1/Var0p5/semantic_sep                            ratio=0.8027  c=   0.03s  d= 0.0002s
  OK   NVFP4E2M1/Var0p05/semantic_sep                           ratio=0.8164  c=   0.03s  d= 0.0002s
  OK   NVFP4E2M1/Var0p025/semantic_sep                          ratio=0.8203  c=   0.03s  d= 0.0003s
  OK   NVFP4E2M1/Var0p5/semantic_sep                            ratio=0.8242  c=   0.03s  d= 0.0002s
  OK   NVFP4E2M1/Var0p25/semantic_sep                           ratio=0.8223  c=   0.03s  d= 0.0002s
  OK   NVFP4E2M1/Var0p1/semantic_sep                            ratio=0.8145  c=   0.03s  d= 0.0002s
  OK   NVFP4E2M1/Var0p01/semantic_sep                           ratio=0.8164  c=   0.03s  d= 0.0003s
  OK   FP16E5M10/Var0p01/semantic_sep                           ratio=0.7432  c=   0.12s  d= 0.0009s
  OK   FP16E5M10/Var0p025/semantic_sep                          ratio=0.7441  c=   0.13s  d= 0.0008s
  OK   FP16E5M10/Var0p25/semantic_sep                           ratio=0.7246  c=   0.12s  d= 0.0008s
  OK   FP16E5M10/Var0p1/semantic_sep                            ratio=0.7344  c=   0.12s  d= 0.0008s
  OK   BF16E8M7/Var0p01/semantic_sep                            ratio=0.6133  c=   0.13s  d= 0.0006s
  OK   BF16E8M7/Var0p05/semantic_sep                            ratio=0.6069  c=   0.13s  d= 0.0006s
  OK   BF16E8M7/Var0p025/semantic_sep                           ratio=0.6138  c=   0.13s  d= 0.0008s
  OK   FP16E5M10/Var0p05/semantic_sep                           ratio=0.7349  c=   0.13s  d= 0.0008s
  OK   BF16E8M7/Var0p1/semantic_sep                             ratio=0.6025  c=   0.13s  d= 0.0007s
  OK   BF16E8M7/Var0p5/semantic_sep                             ratio=0.5962  c=   0.13s  d= 0.0007s
  OK   BF16E8M7/Var0p25/semantic_sep                            ratio=0.5962  c=   0.13s  d= 0.0006s
  OK   FP16E5M10/Var0p5/semantic_sep                            ratio=0.7212  c=   0.13s  d= 0.0008s
  OK   MXFP4E2M1/Var0p1/bitplane                                ratio=0.7227  c=   0.06s  d= 0.0003s
  OK   MXFP4E2M1/Var0p05/bitplane                               ratio=0.7109  c=   0.06s  d= 0.0003s
  OK   MXFP4E2M1/Var0p25/bitplane                               ratio=0.7285  c=   0.06s  d= 0.0003s
  OK   MXFP4E2M1/Var0p01/bitplane                               ratio=0.7168  c=   0.06s  d= 0.0003s
  OK   MXFP4E2M1/Var0p5/bitplane                                ratio=0.7109  c=   0.06s  d= 0.0003s
  OK   MXFP4E2M1/Var0p025/bitplane                              ratio=0.7090  c=   0.06s  d= 0.0003s
  OK   MXFP4E2M1/Var0p1/gorilla_base                            ratio=0.9414  c=   0.01s  d= 0.0002s
  OK   MXFP4E2M1/Var0p05/gorilla_base                           ratio=0.9414  c=   0.01s  d= 0.0001s
  OK   MXFP4E2M1/Var0p25/gorilla_base                           ratio=0.9414  c=   0.01s  d= 0.0001s
  OK   MXFP4E2M1/Var0p01/gorilla_base                           ratio=0.9492  c=   0.01s  d= 0.0001s
  OK   MXFP4E2M1/Var0p5/gorilla_base                            ratio=0.9453  c=   0.01s  d= 0.0001s
  OK   MXFP4E2M1/Var0p025/gorilla_base                          ratio=0.9395  c=   0.01s  d= 0.0001s
  OK   MXFP4E2M1/Var0p05/xor_delta                              ratio=0.1387  c=   0.02s  d= 0.0000s
  OK   NVFP4E2M1/Var0p05/bitplane                               ratio=0.7246  c=   0.06s  d= 0.0003s
  OK   MXFP4E2M1/Var0p1/xor_delta                               ratio=0.1348  c=   0.02s  d= 0.0000s
  OK   MXFP4E2M1/Var0p25/xor_delta                              ratio=0.1387  c=   0.02s  d= 0.0000s
  OK   NVFP4E2M1/Var0p25/bitplane                               ratio=0.7266  c=   0.06s  d= 0.0003s
  OK   NVFP4E2M1/Var0p5/bitplane                                ratio=0.7168  c=   0.06s  d= 0.0003s
  OK   MXFP4E2M1/Var0p01/xor_delta                              ratio=0.1367  c=   0.02s  d= 0.0000s
  OK   FP16E5M10/Var0p01/bitplane                               ratio=0.7432  c=   0.12s  d= 0.0008s
  OK   NVFP4E2M1/Var0p025/bitplane                              ratio=0.7324  c=   0.06s  d= 0.0003s
  OK   NVFP4E2M1/Var0p1/bitplane                                ratio=0.7305  c=   0.06s  d= 0.0003s
  OK   NVFP4E2M1/Var0p01/bitplane                               ratio=0.7285  c=   0.06s  d= 0.0003s
  OK   MXFP4E2M1/Var0p5/xor_delta                               ratio=0.1445  c=   0.02s  d= 0.0000s
  OK   BF16E8M7/Var0p01/bitplane                                ratio=0.6133  c=   0.12s  d= 0.0007s
  OK   FP16E5M10/Var0p025/bitplane                              ratio=0.7441  c=   0.12s  d= 0.0008s
  OK   MXFP4E2M1/Var0p025/xor_delta                             ratio=0.1309  c=   0.02s  d= 0.0000s
  OK   BF16E8M7/Var0p025/bitplane                               ratio=0.6138  c=   0.12s  d= 0.0007s
  OK   FP16E5M10/Var0p25/bitplane                               ratio=0.7246  c=   0.13s  d= 0.0007s
  OK   NVFP4E2M1/Var0p05/gorilla_base                           ratio=0.9551  c=   0.01s  d= 0.0001s
  OK   FP16E5M10/Var0p01/gorilla_base                           ratio=0.9438  c=   0.01s  d= 0.0002s
  OK   NVFP4E2M1/Var0p25/gorilla_base                           ratio=0.9609  c=   0.01s  d= 0.0001s
  OK   FP16E5M10/Var0p1/bitplane                                ratio=0.7344  c=   0.13s  d= 0.0008s
  OK   NVFP4E2M1/Var0p5/gorilla_base                            ratio=0.9453  c=   0.01s  d= 0.0002s
  OK   FP16E5M10/Var0p05/bitplane                               ratio=0.7349  c=   0.13s  d= 0.0007s
  OK   BF16E8M7/Var0p1/bitplane                                 ratio=0.6025  c=   0.13s  d= 0.0007s
  OK   FP16E5M10/Var0p025/gorilla_base                          ratio=0.9331  c=   0.01s  d= 0.0001s
  OK   BF16E8M7/Var0p05/bitplane                                ratio=0.6069  c=   0.13s  d= 0.0007s
  OK   BF16E8M7/Var0p01/gorilla_base                            ratio=0.8096  c=   0.01s  d= 0.0001s
  OK   MXFP4E2M1/Var0p05/gorilla_xor_delta                      ratio=0.1504  c=   0.01s  d= 0.0000s
[ 1/42]  MXFP4E2M1/Var0p05  → 7 records written  (cumulative 7/294, elapsed 0s)
  OK   BF16E8M7/Var0p25/bitplane                                ratio=0.5962  c=   0.12s  d= 0.0006s
  OK   FP32E8M23/Var0p25/semantic_sep                           ratio=0.7104  c=   0.25s  d= 0.0015s
  OK   NVFP4E2M1/Var0p1/gorilla_base                            ratio=0.9512  c=   0.01s  d= 0.0001s
  OK   BF16E8M7/Var0p5/bitplane                                 ratio=0.5962  c=   0.13s  d= 0.0006s
  OK   BF16E8M7/Var0p025/gorilla_base                           ratio=0.7959  c=   0.01s  d= 0.0002s
  OK   FP16E5M10/Var0p25/gorilla_base                           ratio=0.9336  c=   0.01s  d= 0.0002s
  OK   NVFP4E2M1/Var0p01/gorilla_base                           ratio=0.9531  c=   0.01s  d= 0.0001s
  OK   NVFP4E2M1/Var0p025/gorilla_base                          ratio=0.9531  c=   0.01s  d= 0.0001s
  OK   FP16E5M10/Var0p5/bitplane                                ratio=0.7212  c=   0.12s  d= 0.0008s
  OK   FP16E5M10/Var0p1/gorilla_base                            ratio=0.9341  c=   0.01s  d= 0.0001s
  OK   FP16E5M10/Var0p05/gorilla_base                           ratio=0.9316  c=   0.01s  d= 0.0001s
  OK   FP32E8M23/Var0p05/semantic_sep                           ratio=0.7119  c=   0.25s  d= 0.0016s
  OK   BF16E8M7/Var0p05/gorilla_base                            ratio=0.7925  c=   0.01s  d= 0.0001s
  OK   BF16E8M7/Var0p1/gorilla_base                             ratio=0.8008  c=   0.01s  d= 0.0001s
  OK   MXFP4E2M1/Var0p1/gorilla_xor_delta                       ratio=0.1426  c=   0.01s  d= 0.0000s
  OK   MXFP4E2M1/Var0p25/gorilla_xor_delta                      ratio=0.1504  c=   0.01s  d= 0.0000s
[ 2/42]  MXFP4E2M1/Var0p1  → 7 records written  (cumulative 14/294, elapsed 0s)
[ 3/42]  MXFP4E2M1/Var0p25  → 7 records written  (cumulative 21/294, elapsed 0s)
  OK   BF16E8M7/Var0p25/gorilla_base                            ratio=0.7930  c=   0.01s  d= 0.0001s
  OK   BF16E8M7/Var0p5/gorilla_base                             ratio=0.7949  c=   0.01s  d= 0.0001s
  OK   FP32E8M23/Var0p01/semantic_sep                           ratio=0.7156  c=   0.25s  d= 0.0015s
  OK   FP32E8M23/Var0p1/semantic_sep                            ratio=0.7141  c=   0.25s  d= 0.0016s
  OK   FP16E5M10/Var0p5/gorilla_base                            ratio=0.9321  c=   0.01s  d= 0.0001s
  OK   FP32E8M23/Var0p5/semantic_sep                            ratio=0.7080  c=   0.25s  d= 0.0015s
  OK   FP16E5M10/Var0p01/xor_delta                              ratio=0.1333  c=   0.02s  d= 0.0000s
  OK   MXFP4E2M1/Var0p01/gorilla_xor_delta                      ratio=0.1445  c=   0.01s  d= 0.0000s
[ 4/42]  MXFP4E2M1/Var0p01  → 7 records written  (cumulative 28/294, elapsed 0s)
  OK   FP32E8M23/Var0p025/semantic_sep                          ratio=0.7190  c=   0.26s  d= 0.0016s
  OK   FP16E5M10/Var0p025/xor_delta                             ratio=0.1294  c=   0.02s  d= 0.0000s
  OK   MXFP4E2M1/Var0p5/gorilla_xor_delta                       ratio=0.1504  c=   0.01s  d= 0.0000s
  OK   BF16E8M7/Var0p01/xor_delta                               ratio=0.1313  c=   0.02s  d= 0.0000s
[ 5/42]  MXFP4E2M1/Var0p5  → 7 records written  (cumulative 35/294, elapsed 0s)
  OK   MXFP4E2M1/Var0p025/gorilla_xor_delta                     ratio=0.1348  c=   0.01s  d= 0.0000s
  OK   FP16E5M10/Var0p25/xor_delta                              ratio=0.1353  c=   0.02s  d= 0.0000s
[ 6/42]  MXFP4E2M1/Var0p025  → 7 records written  (cumulative 42/294, elapsed 0s)
  OK   BF16E8M7/Var0p025/xor_delta                              ratio=0.1284  c=   0.02s  d= 0.0000s
  OK   FP16E5M10/Var0p05/xor_delta                              ratio=0.1343  c=   0.02s  d= 0.0000s
  OK   BF16E8M7/Var0p05/xor_delta                               ratio=0.1323  c=   0.02s  d= 0.0000s
  OK   FP16E5M10/Var0p1/xor_delta                               ratio=0.1313  c=   0.02s  d= 0.0000s
  OK   BF16E8M7/Var0p1/xor_delta                                ratio=0.1304  c=   0.02s  d= 0.0000s
  OK   FP16E5M10/Var0p01/gorilla_xor_delta                      ratio=0.1411  c=   0.02s  d= 0.0000s
[ 7/42]  FP16E5M10/Var0p01  → 7 records written  (cumulative 49/294, elapsed 0s)
  OK   NVFP4E2M1/Var0p05/xor_delta                              ratio=0.1543  c=   0.02s  d= 0.0000s
  OK   BF16E8M7/Var0p25/xor_delta                               ratio=0.1323  c=   0.02s  d= 0.0000s
  OK   NVFP4E2M1/Var0p25/xor_delta                              ratio=0.1445  c=   0.02s  d= 0.0000s
  OK   BF16E8M7/Var0p5/xor_delta                                ratio=0.1289  c=   0.02s  d= 0.0000s
  OK   FP16E5M10/Var0p025/gorilla_xor_delta                     ratio=0.1333  c=   0.02s  d= 0.0000s
  OK   BF16E8M7/Var0p01/gorilla_xor_delta                       ratio=0.1377  c=   0.01s  d= 0.0000s
[ 8/42]  FP16E5M10/Var0p025  → 7 records written  (cumulative 56/294, elapsed 0s)
[ 9/42]  BF16E8M7/Var0p01  → 7 records written  (cumulative 63/294, elapsed 0s)
  OK   FP16E5M10/Var0p25/gorilla_xor_delta                      ratio=0.1450  c=   0.01s  d= 0.0000s
  OK   FP16E5M10/Var0p5/xor_delta                               ratio=0.1309  c=   0.02s  d= 0.0000s
  OK   NVFP4E2M1/Var0p5/xor_delta                               ratio=0.1387  c=   0.02s  d= 0.0000s
[10/42]  FP16E5M10/Var0p25  → 7 records written  (cumulative 70/294, elapsed 0s)
  OK   BF16E8M7/Var0p025/gorilla_xor_delta                      ratio=0.1318  c=   0.01s  d= 0.0000s
[11/42]  BF16E8M7/Var0p025  → 7 records written  (cumulative 77/294, elapsed 0s)
  OK   BF16E8M7/Var0p05/gorilla_xor_delta                       ratio=0.1396  c=   0.01s  d= 0.0000s
  OK   FP16E5M10/Var0p05/gorilla_xor_delta                      ratio=0.1431  c=   0.01s  d= 0.0000s
  OK   NVFP4E2M1/Var0p1/xor_delta                               ratio=0.1367  c=   0.02s  d= 0.0000s
[12/42]  BF16E8M7/Var0p05  → 7 records written  (cumulative 84/294, elapsed 0s)
  OK   NVFP4E2M1/Var0p025/xor_delta                             ratio=0.1309  c=   0.02s  d= 0.0000s
[13/42]  FP16E5M10/Var0p05  → 7 records written  (cumulative 91/294, elapsed 0s)
  OK   NVFP4E2M1/Var0p01/xor_delta                              ratio=0.1426  c=   0.02s  d= 0.0000s
  OK   BF16E8M7/Var0p1/gorilla_xor_delta                        ratio=0.1353  c=   0.01s  d= 0.0000s
  OK   FP16E5M10/Var0p1/gorilla_xor_delta                       ratio=0.1377  c=   0.01s  d= 0.0000s
[14/42]  BF16E8M7/Var0p1  → 7 records written  (cumulative 98/294, elapsed 0s)
[15/42]  FP16E5M10/Var0p1  → 7 records written  (cumulative 105/294, elapsed 0s)
  OK   BF16E8M7/Var0p25/gorilla_xor_delta                       ratio=0.1392  c=   0.01s  d= 0.0000s
[16/42]  BF16E8M7/Var0p25  → 7 records written  (cumulative 112/294, elapsed 0s)
  OK   BF16E8M7/Var0p5/gorilla_xor_delta                        ratio=0.1328  c=   0.01s  d= 0.0000s
[17/42]  BF16E8M7/Var0p5  → 7 records written  (cumulative 119/294, elapsed 0s)
  OK   FP16E5M10/Var0p5/gorilla_xor_delta                       ratio=0.1367  c=   0.01s  d= 0.0000s
[18/42]  FP16E5M10/Var0p5  → 7 records written  (cumulative 126/294, elapsed 0s)
  OK   NVFP4E2M1/Var0p05/gorilla_xor_delta                      ratio=0.1758  c=   0.01s  d= 0.0000s
[19/42]  NVFP4E2M1/Var0p05  → 7 records written  (cumulative 133/294, elapsed 0s)
  OK   NVFP4E2M1/Var0p25/gorilla_xor_delta                      ratio=0.1621  c=   0.01s  d= 0.0000s
[20/42]  NVFP4E2M1/Var0p25  → 7 records written  (cumulative 140/294, elapsed 0s)
  OK   NVFP4E2M1/Var0p5/gorilla_xor_delta                       ratio=0.1465  c=   0.01s  d= 0.0000s
[21/42]  NVFP4E2M1/Var0p5  → 7 records written  (cumulative 147/294, elapsed 0s)
  OK   NVFP4E2M1/Var0p025/gorilla_xor_delta                     ratio=0.1348  c=   0.01s  d= 0.0000s
[22/42]  NVFP4E2M1/Var0p025  → 7 records written  (cumulative 154/294, elapsed 0s)
  OK   NVFP4E2M1/Var0p1/gorilla_xor_delta                       ratio=0.1465  c=   0.01s  d= 0.0000s
[23/42]  NVFP4E2M1/Var0p1  → 7 records written  (cumulative 161/294, elapsed 0s)
  OK   NVFP4E2M1/Var0p01/gorilla_xor_delta                      ratio=0.1543  c=   0.01s  d= 0.0000s
[24/42]  NVFP4E2M1/Var0p01  → 7 records written  (cumulative 168/294, elapsed 0s)
  OK   FP8E4M3/Var0p05/semantic_sep                             ratio=0.7139  c=   0.06s  d= 0.0004s
  OK   FP8E4M3/Var0p025/semantic_sep                            ratio=0.7227  c=   0.06s  d= 0.0004s
  OK   FP8E5M2/Var0p05/semantic_sep                             ratio=0.6504  c=   0.06s  d= 0.0003s
  OK   FP8E4M3/Var0p01/semantic_sep                             ratio=0.7051  c=   0.06s  d= 0.0004s
  OK   FP8E5M2/Var0p1/semantic_sep                              ratio=0.6543  c=   0.07s  d= 0.0004s
  OK   FP8E4M3/Var0p25/semantic_sep                             ratio=0.7139  c=   0.07s  d= 0.0004s
  OK   FP8E5M2/Var0p025/semantic_sep                            ratio=0.6562  c=   0.06s  d= 0.0003s
  OK   FP8E4M3/Var0p1/semantic_sep                              ratio=0.7109  c=   0.07s  d= 0.0004s
  OK   FP8E4M3/Var0p5/semantic_sep                              ratio=0.7002  c=   0.06s  d= 0.0004s
  OK   FP8E5M2/Var0p5/semantic_sep                              ratio=0.6455  c=   0.06s  d= 0.0003s
  OK   FP8E5M2/Var0p01/semantic_sep                             ratio=0.6387  c=   0.06s  d= 0.0003s
  OK   FP8E5M2/Var0p25/semantic_sep                             ratio=0.6484  c=   0.06s  d= 0.0003s
  OK   FP32E8M23/Var0p25/bitplane                               ratio=0.7104  c=   0.20s  d= 0.0014s
  OK   FP32E8M23/Var0p25/gorilla_base                           ratio=0.9294  c=   0.01s  d= 0.0001s
  OK   FP32E8M23/Var0p05/bitplane                               ratio=0.7119  c=   0.20s  d= 0.0014s
  OK   FP32E8M23/Var0p5/bitplane                                ratio=0.7080  c=   0.20s  d= 0.0014s
  OK   FP32E8M23/Var0p05/gorilla_base                           ratio=0.9270  c=   0.01s  d= 0.0001s
  OK   FP32E8M23/Var0p1/bitplane                                ratio=0.7141  c=   0.20s  d= 0.0017s
  OK   FP32E8M23/Var0p01/bitplane                               ratio=0.7156  c=   0.20s  d= 0.0014s
  OK   FP32E8M23/Var0p025/bitplane                              ratio=0.7190  c=   0.20s  d= 0.0015s
  OK   FP32E8M23/Var0p5/gorilla_base                            ratio=0.9292  c=   0.01s  d= 0.0001s
  OK   FP32E8M23/Var0p1/gorilla_base                            ratio=0.9294  c=   0.01s  d= 0.0001s
  OK   FP32E8M23/Var0p01/gorilla_base                           ratio=0.9353  c=   0.01s  d= 0.0001s
  OK   FP32E8M23/Var0p25/xor_delta                              ratio=0.1355  c=   0.02s  d= 0.0000s
  OK   FP32E8M23/Var0p025/gorilla_base                          ratio=0.9292  c=   0.01s  d= 0.0001s
  OK   FP32E8M23/Var0p05/xor_delta                              ratio=0.1355  c=   0.01s  d= 0.0000s
  OK   FP32E8M23/Var0p5/xor_delta                               ratio=0.1311  c=   0.02s  d= 0.0000s
  OK   FP32E8M23/Var0p25/gorilla_xor_delta                      ratio=0.1458  c=   0.01s  d= 0.0000s
[25/42]  FP32E8M23/Var0p25  → 7 records written  (cumulative 175/294, elapsed 1s)
  OK   FP32E8M23/Var0p1/xor_delta                               ratio=0.1323  c=   0.02s  d= 0.0000s
  OK   FP32E8M23/Var0p05/gorilla_xor_delta                      ratio=0.1460  c=   0.01s  d= 0.0000s
[26/42]  FP32E8M23/Var0p05  → 7 records written  (cumulative 182/294, elapsed 1s)
  OK   FP32E8M23/Var0p01/xor_delta                              ratio=0.1338  c=   0.02s  d= 0.0000s
  OK   FP32E8M23/Var0p025/xor_delta                             ratio=0.1301  c=   0.02s  d= 0.0000s
  OK   FP32E8M23/Var0p5/gorilla_xor_delta                       ratio=0.1370  c=   0.01s  d= 0.0000s
[27/42]  FP32E8M23/Var0p5  → 7 records written  (cumulative 189/294, elapsed 1s)
  OK   FP32E8M23/Var0p1/gorilla_xor_delta                       ratio=0.1394  c=   0.01s  d= 0.0000s
[28/42]  FP32E8M23/Var0p1  → 7 records written  (cumulative 196/294, elapsed 1s)
  OK   FP32E8M23/Var0p01/gorilla_xor_delta                      ratio=0.1423  c=   0.01s  d= 0.0000s
[29/42]  FP32E8M23/Var0p01  → 7 records written  (cumulative 203/294, elapsed 1s)
  OK   FP32E8M23/Var0p025/gorilla_xor_delta                     ratio=0.1350  c=   0.01s  d= 0.0000s
[30/42]  FP32E8M23/Var0p025  → 7 records written  (cumulative 210/294, elapsed 1s)
  OK   FP8E4M3/Var0p05/bitplane                                 ratio=0.7139  c=   0.05s  d= 0.0004s
  OK   FP8E4M3/Var0p025/bitplane                                ratio=0.7227  c=   0.05s  d= 0.0004s
  OK   FP8E5M2/Var0p05/bitplane                                 ratio=0.6504  c=   0.05s  d= 0.0003s
  OK   FP8E4M3/Var0p25/bitplane                                 ratio=0.7139  c=   0.05s  d= 0.0004s
  OK   FP8E4M3/Var0p5/bitplane                                  ratio=0.7002  c=   0.05s  d= 0.0004s
  OK   FP8E5M2/Var0p1/bitplane                                  ratio=0.6543  c=   0.05s  d= 0.0003s
  OK   FP8E4M3/Var0p1/bitplane                                  ratio=0.7109  c=   0.05s  d= 0.0004s
  OK   FP8E4M3/Var0p01/bitplane                                 ratio=0.7051  c=   0.05s  d= 0.0003s
  OK   FP8E5M2/Var0p5/bitplane                                  ratio=0.6455  c=   0.05s  d= 0.0003s
  OK   FP8E5M2/Var0p025/bitplane                                ratio=0.6562  c=   0.05s  d= 0.0003s
  OK   FP8E5M2/Var0p25/bitplane                                 ratio=0.6484  c=   0.05s  d= 0.0003s
  OK   FP8E5M2/Var0p01/bitplane                                 ratio=0.6387  c=   0.05s  d= 0.0003s
  OK   FP8E4M3/Var0p05/gorilla_base                             ratio=0.8652  c=   0.01s  d= 0.0001s
  OK   FP8E4M3/Var0p025/gorilla_base                            ratio=0.8691  c=   0.01s  d= 0.0001s
  OK   FP8E5M2/Var0p05/gorilla_base                             ratio=0.7676  c=   0.01s  d= 0.0001s
  OK   FP8E4M3/Var0p25/gorilla_base                             ratio=0.8623  c=   0.01s  d= 0.0001s
  OK   FP8E4M3/Var0p5/gorilla_base                              ratio=0.8564  c=   0.01s  d= 0.0001s
  OK   FP8E5M2/Var0p1/gorilla_base                              ratio=0.7842  c=   0.01s  d= 0.0001s
  OK   FP8E4M3/Var0p1/gorilla_base                              ratio=0.8652  c=   0.01s  d= 0.0001s
  OK   FP8E4M3/Var0p01/gorilla_base                             ratio=0.8555  c=   0.01s  d= 0.0001s
  OK   FP8E5M2/Var0p025/gorilla_base                            ratio=0.7764  c=   0.01s  d= 0.0001s
  OK   FP8E5M2/Var0p25/gorilla_base                             ratio=0.7588  c=   0.01s  d= 0.0000s
  OK   FP8E5M2/Var0p5/gorilla_base                              ratio=0.7607  c=   0.01s  d= 0.0001s
  OK   FP8E5M2/Var0p01/gorilla_base                             ratio=0.7510  c=   0.01s  d= 0.0001s
  OK   FP8E4M3/Var0p025/xor_delta                               ratio=0.1289  c=   0.01s  d= 0.0000s
  OK   FP8E5M2/Var0p05/xor_delta                                ratio=0.1328  c=   0.01s  d= 0.0000s
  OK   FP8E4M3/Var0p05/xor_delta                                ratio=0.1328  c=   0.02s  d= 0.0000s
  OK   FP8E4M3/Var0p01/xor_delta                                ratio=0.1318  c=   0.01s  d= 0.0000s
  OK   FP8E5M2/Var0p025/xor_delta                               ratio=0.1279  c=   0.01s  d= 0.0000s
  OK   FP8E5M2/Var0p1/xor_delta                                 ratio=0.1289  c=   0.02s  d= 0.0000s
  OK   FP8E4M3/Var0p25/xor_delta                                ratio=0.1338  c=   0.02s  d= 0.0000s
  OK   FP8E4M3/Var0p1/xor_delta                                 ratio=0.1299  c=   0.02s  d= 0.0000s
  OK   FP8E4M3/Var0p5/xor_delta                                 ratio=0.1299  c=   0.02s  d= 0.0000s
  OK   FP8E5M2/Var0p25/xor_delta                                ratio=0.1318  c=   0.02s  d= 0.0000s
  OK   FP8E5M2/Var0p01/xor_delta                                ratio=0.1318  c=   0.02s  d= 0.0000s
  OK   FP8E5M2/Var0p5/xor_delta                                 ratio=0.1299  c=   0.02s  d= 0.0000s
  OK   FP8E4M3/Var0p025/gorilla_xor_delta                       ratio=0.1318  c=   0.01s  d= 0.0000s
[31/42]  FP8E4M3/Var0p025  → 7 records written  (cumulative 217/294, elapsed 1s)
  OK   FP8E5M2/Var0p05/gorilla_xor_delta                        ratio=0.1406  c=   0.01s  d= 0.0000s
[32/42]  FP8E5M2/Var0p05  → 7 records written  (cumulative 224/294, elapsed 1s)
  OK   FP8E4M3/Var0p05/gorilla_xor_delta                        ratio=0.1406  c=   0.01s  d= 0.0000s
[33/42]  FP8E4M3/Var0p05  → 7 records written  (cumulative 231/294, elapsed 1s)
  OK   FP8E4M3/Var0p01/gorilla_xor_delta                        ratio=0.1377  c=   0.01s  d= 0.0000s
[34/42]  FP8E4M3/Var0p01  → 7 records written  (cumulative 238/294, elapsed 1s)
  OK   FP8E5M2/Var0p025/gorilla_xor_delta                       ratio=0.1299  c=   0.01s  d= 0.0000s
  OK   FP8E5M2/Var0p1/gorilla_xor_delta                         ratio=0.1318  c=   0.01s  d= 0.0000s
[35/42]  FP8E5M2/Var0p025  → 7 records written  (cumulative 245/294, elapsed 1s)
[36/42]  FP8E5M2/Var0p1  → 7 records written  (cumulative 252/294, elapsed 1s)
  OK   FP8E4M3/Var0p5/gorilla_xor_delta                         ratio=0.1338  c=   0.01s  d= 0.0000s
  OK   FP8E5M2/Var0p25/gorilla_xor_delta                        ratio=0.1387  c=   0.01s  d= 0.0000s
  OK   FP8E4M3/Var0p25/gorilla_xor_delta                        ratio=0.1416  c=   0.01s  d= 0.0000s
  OK   FP8E4M3/Var0p1/gorilla_xor_delta                         ratio=0.1348  c=   0.01s  d= 0.0000s
[37/42]  FP8E4M3/Var0p5  → 7 records written  (cumulative 259/294, elapsed 1s)
[38/42]  FP8E5M2/Var0p25  → 7 records written  (cumulative 266/294, elapsed 1s)
[39/42]  FP8E4M3/Var0p25  → 7 records written  (cumulative 273/294, elapsed 1s)
[40/42]  FP8E4M3/Var0p1  → 7 records written  (cumulative 280/294, elapsed 1s)
  OK   FP8E5M2/Var0p5/gorilla_xor_delta                         ratio=0.1348  c=   0.01s  d= 0.0000s
[41/42]  FP8E5M2/Var0p5  → 7 records written  (cumulative 287/294, elapsed 1s)
  OK   FP8E5M2/Var0p01/gorilla_xor_delta                        ratio=0.1377  c=   0.01s  d= 0.0000s
[42/42]  FP8E5M2/Var0p01  → 7 records written  (cumulative 294/294, elapsed 1s)

All done.  Wall time: 0.8s  (0.0 min)
Results → /shared/home/erg966/LosslessModelCompression/compression_results_huffman.jsonl
