=== generate_weights ===
N_PARAMS      = 1024 (2^30)
P_OUTLIER     = 0.001
KAPPA         = 20
P_REDRAW      = 0.01
N_VARIANCES   = 6
THREADS/PROC  = 8
========================

All output directories created under RESULTS/
Spawned PID 7203 for variance=0.01 (Var0p01)
Spawned PID 7204 for variance=0.025 (Var0p025)
Spawned PID 7205 for variance=0.05 (Var0p05)
Spawned PID 7206 for variance=0.1 (Var0p1)
Spawned PID 7207 for variance=0.25 (Var0p25)
Spawned PID 7208 for variance=0.5 (Var0p5)
[var 3 / Var0p1] sigma=0.316228 spawning 8 threads
=== generate_weights ===
N_PARAMS      = 1024 (2^30)
P_OUTLIER     = 0.001
KAPPA         = 20
P_REDRAW      = 0.01
N_VARIANCES   = 6
THREADS/PROC  = 8
========================

All output directories created under RESULTS/
[var 0 / Var0p01] sigma=0.1 spawning 8 threads
[var 4 / Var0p25] sigma=0.5 spawning 8 threads
[var 5 / Var0p5] sigma=0.707107 spawning 8 threads
[var 1 / Var0p025] sigma=0.158114 spawning 8 threads
[var 2 / Var0p05] sigma=0.223607 spawning 8 threads
[var 4] threads done, concatenating...
[var 3] threads done, concatenating...
[var 2] threads done, concatenating...
[var 0] threads done, concatenating...
[var 5] threads done, concatenating...
[var 1] threads done, concatenating...
[var 4 / Var0p25] DONE
[var 3 / Var0p1] DONE
[var 5 / Var0p5] DONE
[var 2 / Var0p05] DONE
[var 0 / Var0p01] DONE
[var 1 / Var0p025] DONE

All variance workers completed successfully.
