Output       : /shared/home/erg966/LosslessModelCompression/compression_results.jsonl
RESULTS dir  : /shared/home/erg966/LosslessModelCompression/RESULTS_2_10
Chunk size   : 128 MB
Workers      : 42  (7 formats × 6 variances)
Algorithms   : ['raw_zstd', 'byte_transpose', 'semantic_sep', 'bitplane', 'gorilla_base', 'xor_delta', 'gorilla_xor_delta']
Zstd level   : 1
Total trials : 294

  OK   BF16E8M7/Var0p025/raw_zstd                               ratio=0.8057  c=    0.0s  d=   0.0s
  OK   BF16E8M7/Var0p01/raw_zstd                                ratio=0.8174  c=    0.0s  d=   0.0s
  OK   FP32E8M23/Var0p025/raw_zstd                              ratio=0.9353  c=    0.0s  d=   0.0s
  OK   BF16E8M7/Var0p1/raw_zstd                                 ratio=0.8110  c=    0.0s  d=   0.0s
  OK   BF16E8M7/Var0p25/raw_zstd                                ratio=0.8145  c=    0.0s  d=   0.0s
  OK   FP32E8M23/Var0p01/raw_zstd                               ratio=0.9399  c=    0.0s  d=   0.0s
  OK   FP16E5M10/Var0p01/raw_zstd                               ratio=0.9526  c=    0.0s  d=   0.0s
  OK   BF16E8M7/Var0p05/raw_zstd                                ratio=0.8047  c=    0.0s  d=   0.0s
  OK   FP32E8M23/Var0p25/raw_zstd                               ratio=0.9377  c=    0.0s  d=   0.0s
  OK   FP32E8M23/Var0p5/raw_zstd                                ratio=0.9365  c=    0.0s  d=   0.0s
  OK   FP32E8M23/Var0p1/raw_zstd                                ratio=0.9370  c=    0.0s  d=   0.0s
  OK   FP16E5M10/Var0p025/raw_zstd                              ratio=0.9497  c=    0.0s  d=   0.0s
  OK   FP16E5M10/Var0p25/raw_zstd                               ratio=0.9517  c=    0.0s  d=   0.0s
  OK   FP16E5M10/Var0p5/raw_zstd                                ratio=0.9507  c=    0.0s  d=   0.0s
  OK   FP16E5M10/Var0p1/raw_zstd                                ratio=0.9502  c=    0.0s  d=   0.0s
  OK   FP16E5M10/Var0p05/raw_zstd                               ratio=0.9502  c=    0.0s  d=   0.0s
  OK   BF16E8M7/Var0p5/raw_zstd                                 ratio=0.8096  c=    0.0s  d=   0.0s
  OK   FP32E8M23/Var0p05/raw_zstd                               ratio=0.9338  c=    0.0s  d=   0.0s
  OK   FP8E4M3/Var0p05/raw_zstd                                 ratio=0.8994  c=    0.0s  d=   0.0s
  OK   BF16E8M7/Var0p01/byte_transpose                          ratio=0.7197  c=    0.0s  d=   0.0s
  OK   BF16E8M7/Var0p025/byte_transpose                         ratio=0.7246  c=    0.0s  d=   0.0s
  OK   FP8E5M2/Var0p1/raw_zstd                                  ratio=0.8018  c=    0.0s  d=   0.0s
  OK   MXFP4E2M1/Var0p5/raw_zstd                                ratio=1.0195  c=    0.0s  d=   0.0s
  OK   BF16E8M7/Var0p1/byte_transpose                           ratio=0.7261  c=    0.0s  d=   0.0s
  OK   FP32E8M23/Var0p01/byte_transpose                         ratio=0.8647  c=    0.0s  d=   0.0s
  OK   BF16E8M7/Var0p25/byte_transpose                          ratio=0.7212  c=    0.0s  d=   0.0s
  OK   FP16E5M10/Var0p01/byte_transpose                         ratio=0.8799  c=    0.0s  d=   0.0s
  OK   BF16E8M7/Var0p05/byte_transpose                          ratio=0.7227  c=    0.0s  d=   0.0s
  OK   FP32E8M23/Var0p025/byte_transpose                        ratio=0.8669  c=    0.0s  d=   0.0s
  OK   FP8E4M3/Var0p025/raw_zstd                                ratio=0.9131  c=    0.0s  d=   0.0s
  OK   FP8E4M3/Var0p01/raw_zstd                                 ratio=0.8525  c=    0.0s  d=   0.0s
  OK   NVFP4E2M1/Var0p01/raw_zstd                               ratio=1.0195  c=    0.0s  d=   0.0s
  OK   NVFP4E2M1/Var0p5/raw_zstd                                ratio=1.0195  c=    0.0s  d=   0.0s
  OK   NVFP4E2M1/Var0p05/raw_zstd                               ratio=1.0195  c=    0.0s  d=   0.0s
  OK   MXFP4E2M1/Var0p025/raw_zstd                              ratio=1.0195  c=    0.0s  d=   0.0s
  OK   MXFP4E2M1/Var0p1/raw_zstd                                ratio=1.0195  c=    0.0s  d=   0.0s
  OK   FP8E4M3/Var0p25/raw_zstd                                 ratio=0.8799  c=    0.0s  d=   0.0s
  OK   NVFP4E2M1/Var0p025/raw_zstd                              ratio=1.0195  c=    0.0s  d=   0.0s
  OK   FP8E5M2/Var0p5/raw_zstd                                  ratio=0.7617  c=    0.0s  d=   0.0s
  OK   NVFP4E2M1/Var0p1/raw_zstd                                ratio=1.0195  c=    0.0s  d=   0.0s
  OK   MXFP4E2M1/Var0p05/raw_zstd                               ratio=1.0195  c=    0.0s  d=   0.0s
  OK   FP8E5M2/Var0p05/raw_zstd                                 ratio=0.8066  c=    0.0s  d=   0.0s
  OK   FP8E5M2/Var0p01/raw_zstd                                 ratio=0.7637  c=    0.0s  d=   0.0s
  OK   MXFP4E2M1/Var0p01/raw_zstd                               ratio=1.0195  c=    0.0s  d=   0.0s
  OK   FP8E4M3/Var0p5/raw_zstd                                  ratio=0.8545  c=    0.0s  d=   0.0s
  OK   FP8E5M2/Var0p25/raw_zstd                                 ratio=0.7822  c=    0.0s  d=   0.0s
  OK   NVFP4E2M1/Var0p25/raw_zstd                               ratio=1.0195  c=    0.0s  d=   0.0s
  OK   FP8E5M2/Var0p025/raw_zstd                                ratio=0.8154  c=    0.0s  d=   0.0s
  OK   FP8E4M3/Var0p1/raw_zstd                                  ratio=0.8906  c=    0.0s  d=   0.0s
  OK   MXFP4E2M1/Var0p25/raw_zstd                               ratio=1.0195  c=    0.0s  d=   0.0s
  OK   FP32E8M23/Var0p5/byte_transpose                          ratio=0.8662  c=    0.0s  d=   0.0s
  OK   FP32E8M23/Var0p1/byte_transpose                          ratio=0.8684  c=    0.0s  d=   0.0s
  OK   FP16E5M10/Var0p025/byte_transpose                        ratio=0.8765  c=    0.0s  d=   0.0s
  OK   FP16E5M10/Var0p05/byte_transpose                         ratio=0.8838  c=    0.0s  d=   0.0s
  OK   FP16E5M10/Var0p25/byte_transpose                         ratio=0.8809  c=    0.0s  d=   0.0s
  OK   FP32E8M23/Var0p05/byte_transpose                         ratio=0.8662  c=    0.0s  d=   0.0s
  OK   BF16E8M7/Var0p5/byte_transpose                           ratio=0.7227  c=    0.0s  d=   0.0s
  OK   FP16E5M10/Var0p5/byte_transpose                          ratio=0.8843  c=    0.0s  d=   0.0s
  OK   FP16E5M10/Var0p1/byte_transpose                          ratio=0.8853  c=    0.0s  d=   0.0s
  OK   FP32E8M23/Var0p25/byte_transpose                         ratio=0.8652  c=    0.0s  d=   0.0s
  OK   BF16E8M7/Var0p01/semantic_sep                            ratio=0.8130  c=    0.0s  d=   0.0s
  OK   FP16E5M10/Var0p01/semantic_sep                           ratio=0.9888  c=    0.0s  d=   0.0s
  OK   FP32E8M23/Var0p01/semantic_sep                           ratio=0.9416  c=    0.0s  d=   0.0s
  OK   BF16E8M7/Var0p1/semantic_sep                             ratio=0.8208  c=    0.0s  d=   0.0s
  OK   BF16E8M7/Var0p05/semantic_sep                            ratio=0.8149  c=    0.0s  d=   0.0s
  OK   BF16E8M7/Var0p025/semantic_sep                           ratio=0.8291  c=    0.0s  d=   0.0s
  OK   BF16E8M7/Var0p25/semantic_sep                            ratio=0.7993  c=    0.0s  d=   0.0s
  OK   FP32E8M23/Var0p025/semantic_sep                          ratio=0.9497  c=    0.0s  d=   0.0s
  OK   FP16E5M10/Var0p25/semantic_sep                           ratio=0.9663  c=    0.0s  d=   0.0s
  OK   FP32E8M23/Var0p1/semantic_sep                            ratio=0.9456  c=    0.0s  d=   0.0s
  OK   FP16E5M10/Var0p1/semantic_sep                            ratio=0.9907  c=    0.0s  d=   0.0s
  OK   FP32E8M23/Var0p05/semantic_sep                           ratio=0.9426  c=    0.0s  d=   0.0s
  OK   FP16E5M10/Var0p025/semantic_sep                          ratio=0.9946  c=    0.0s  d=   0.0s
  OK   FP16E5M10/Var0p05/semantic_sep                           ratio=0.9819  c=    0.0s  d=   0.0s
  OK   FP16E5M10/Var0p5/semantic_sep                            ratio=0.9790  c=    0.0s  d=   0.0s
  OK   FP32E8M23/Var0p5/semantic_sep                            ratio=0.9521  c=    0.0s  d=   0.0s
  OK   BF16E8M7/Var0p5/semantic_sep                             ratio=0.8340  c=    0.0s  d=   0.0s
  OK   FP32E8M23/Var0p25/semantic_sep                           ratio=0.9348  c=    0.0s  d=   0.0s
  OK   FP8E4M3/Var0p05/byte_transpose                           ratio=0.8994  c=    0.0s  d=   0.0s
  OK   NVFP4E2M1/Var0p01/byte_transpose                         ratio=1.0195  c=    0.0s  d=   0.0s
  OK   MXFP4E2M1/Var0p5/byte_transpose                          ratio=1.0195  c=    0.0s  d=   0.0s
  OK   FP8E4M3/Var0p01/byte_transpose                           ratio=0.8525  c=    0.0s  d=   0.0s
  OK   FP8E5M2/Var0p1/byte_transpose                            ratio=0.8018  c=    0.0s  d=   0.0s
  OK   NVFP4E2M1/Var0p5/byte_transpose                          ratio=1.0195  c=    0.0s  d=   0.0s
  OK   BF16E8M7/Var0p01/bitplane                                ratio=0.8130  c=    0.0s  d=   0.0s
  OK   BF16E8M7/Var0p05/bitplane                                ratio=0.8149  c=    0.0s  d=   0.0s
  OK   FP8E4M3/Var0p025/byte_transpose                          ratio=0.9131  c=    0.0s  d=   0.0s
  OK   BF16E8M7/Var0p25/bitplane                                ratio=0.7993  c=    0.0s  d=   0.0s
  OK   FP16E5M10/Var0p01/bitplane                               ratio=0.9888  c=    0.0s  d=   0.0s
  OK   BF16E8M7/Var0p025/bitplane                               ratio=0.8291  c=    0.0s  d=   0.0s
  OK   FP32E8M23/Var0p025/bitplane                              ratio=0.9497  c=    0.0s  d=   0.0s
  OK   FP32E8M23/Var0p01/bitplane                               ratio=0.9416  c=    0.0s  d=   0.0s
  OK   BF16E8M7/Var0p1/bitplane                                 ratio=0.8208  c=    0.0s  d=   0.0s
  OK   NVFP4E2M1/Var0p1/byte_transpose                          ratio=1.0195  c=    0.0s  d=   0.0s
  OK   MXFP4E2M1/Var0p1/byte_transpose                          ratio=1.0195  c=    0.0s  d=   0.0s
  OK   MXFP4E2M1/Var0p01/byte_transpose                         ratio=1.0195  c=    0.0s  d=   0.0s
  OK   NVFP4E2M1/Var0p25/byte_transpose                         ratio=1.0195  c=    0.0s  d=   0.0s
  OK   MXFP4E2M1/Var0p05/byte_transpose                         ratio=1.0195  c=    0.0s  d=   0.0s
  OK   NVFP4E2M1/Var0p05/byte_transpose                         ratio=1.0195  c=    0.0s  d=   0.0s
  OK   FP8E5M2/Var0p5/byte_transpose                            ratio=0.7617  c=    0.0s  d=   0.0s
  OK   MXFP4E2M1/Var0p025/byte_transpose                        ratio=1.0195  c=    0.0s  d=   0.0s
  OK   NVFP4E2M1/Var0p025/byte_transpose                        ratio=1.0195  c=    0.0s  d=   0.0s
  OK   FP8E5M2/Var0p025/byte_transpose                          ratio=0.8154  c=    0.0s  d=   0.0s
  OK   FP8E4M3/Var0p25/byte_transpose                           ratio=0.8799  c=    0.0s  d=   0.0s
  OK   MXFP4E2M1/Var0p25/byte_transpose                         ratio=1.0195  c=    0.0s  d=   0.0s
  OK   FP8E5M2/Var0p05/byte_transpose                           ratio=0.8066  c=    0.0s  d=   0.0s
  OK   FP8E5M2/Var0p25/byte_transpose                           ratio=0.7822  c=    0.0s  d=   0.0s
  OK   FP8E5M2/Var0p01/byte_transpose                           ratio=0.7637  c=    0.0s  d=   0.0s
  OK   FP8E4M3/Var0p1/byte_transpose                            ratio=0.8906  c=    0.0s  d=   0.0s
  OK   FP8E4M3/Var0p5/byte_transpose                            ratio=0.8545  c=    0.0s  d=   0.0s
  OK   BF16E8M7/Var0p01/gorilla_base                            ratio=0.8481  c=    0.0s  d=   0.0s
  OK   FP32E8M23/Var0p05/bitplane                               ratio=0.9426  c=    0.0s  d=   0.0s
  OK   FP16E5M10/Var0p01/gorilla_base                           ratio=0.9868  c=    0.0s  d=   0.0s
  OK   BF16E8M7/Var0p05/gorilla_base                            ratio=0.8335  c=    0.0s  d=   0.0s
  OK   BF16E8M7/Var0p5/bitplane                                 ratio=0.8340  c=    0.0s  d=   0.0s
  OK   FP32E8M23/Var0p025/gorilla_base                          ratio=0.9492  c=    0.0s  d=   0.0s
  OK   FP16E5M10/Var0p05/bitplane                               ratio=0.9819  c=    0.0s  d=   0.0s
  OK   FP16E5M10/Var0p5/bitplane                                ratio=0.9790  c=    0.0s  d=   0.0s
  OK   FP16E5M10/Var0p1/bitplane                                ratio=0.9907  c=    0.0s  d=   0.0s
  OK   FP32E8M23/Var0p01/gorilla_base                           ratio=0.9543  c=    0.0s  d=   0.0s
  OK   FP32E8M23/Var0p25/bitplane                               ratio=0.9348  c=    0.0s  d=   0.0s
  OK   BF16E8M7/Var0p025/gorilla_base                           ratio=0.8340  c=    0.0s  d=   0.0s
  OK   FP32E8M23/Var0p5/bitplane                                ratio=0.9521  c=    0.0s  d=   0.0s
  OK   FP16E5M10/Var0p025/bitplane                              ratio=0.9946  c=    0.0s  d=   0.0s
  OK   FP16E5M10/Var0p25/bitplane                               ratio=0.9663  c=    0.0s  d=   0.0s
  OK   BF16E8M7/Var0p1/gorilla_base                             ratio=0.8428  c=    0.0s  d=   0.0s
  OK   FP32E8M23/Var0p1/bitplane                                ratio=0.9456  c=    0.0s  d=   0.0s
  OK   BF16E8M7/Var0p25/gorilla_base                            ratio=0.8345  c=    0.0s  d=   0.0s
  OK   FP16E5M10/Var0p05/gorilla_base                           ratio=0.9736  c=    0.0s  d=   0.0s
  OK   FP32E8M23/Var0p25/gorilla_base                           ratio=0.9485  c=    0.0s  d=   0.0s
  OK   FP16E5M10/Var0p1/gorilla_base                            ratio=0.9775  c=    0.0s  d=   0.0s
  OK   FP32E8M23/Var0p05/gorilla_base                           ratio=0.9470  c=    0.0s  d=   0.0s
  OK   FP32E8M23/Var0p1/gorilla_base                            ratio=0.9492  c=    0.0s  d=   0.0s
  OK   FP16E5M10/Var0p5/gorilla_base                            ratio=0.9761  c=    0.0s  d=   0.0s
  OK   FP16E5M10/Var0p25/gorilla_base                           ratio=0.9766  c=    0.0s  d=   0.0s
  OK   FP16E5M10/Var0p025/gorilla_base                          ratio=0.9746  c=    0.0s  d=   0.0s
  OK   BF16E8M7/Var0p5/gorilla_base                             ratio=0.8306  c=    0.0s  d=   0.0s
  OK   FP32E8M23/Var0p5/gorilla_base                            ratio=0.9478  c=    0.0s  d=   0.0s
  OK   BF16E8M7/Var0p01/xor_delta                               ratio=0.0439  c=    0.0s  d=   0.0s
  OK   FP8E4M3/Var0p05/semantic_sep                             ratio=1.0020  c=    0.0s  d=   0.0s
  OK   MXFP4E2M1/Var0p5/semantic_sep                            ratio=1.0703  c=    0.0s  d=   0.0s
  OK   MXFP4E2M1/Var0p1/semantic_sep                            ratio=1.0703  c=    0.0s  d=   0.0s
  OK   NVFP4E2M1/Var0p01/semantic_sep                           ratio=1.0703  c=    0.0s  d=   0.0s
  OK   NVFP4E2M1/Var0p5/semantic_sep                            ratio=1.0703  c=    0.0s  d=   0.0s
  OK   NVFP4E2M1/Var0p1/semantic_sep                            ratio=1.0703  c=    0.0s  d=   0.0s
  OK   FP8E5M2/Var0p1/semantic_sep                              ratio=0.9004  c=    0.0s  d=   0.0s
  OK   FP8E4M3/Var0p01/semantic_sep                             ratio=0.9678  c=    0.0s  d=   0.0s
  OK   FP8E4M3/Var0p025/semantic_sep                            ratio=1.0029  c=    0.0s  d=   0.0s
  OK   BF16E8M7/Var0p1/xor_delta                                ratio=0.0356  c=    0.0s  d=   0.0s
  OK   MXFP4E2M1/Var0p01/semantic_sep                           ratio=1.0703  c=    0.0s  d=   0.0s
  OK   FP16E5M10/Var0p01/xor_delta                              ratio=0.0464  c=    0.0s  d=   0.0s
  OK   BF16E8M7/Var0p025/xor_delta                              ratio=0.0322  c=    0.0s  d=   0.0s
  OK   FP32E8M23/Var0p025/xor_delta                             ratio=0.0217  c=    0.0s  d=   0.0s
  OK   BF16E8M7/Var0p25/xor_delta                               ratio=0.0542  c=    0.0s  d=   0.0s
  OK   BF16E8M7/Var0p05/xor_delta                               ratio=0.0527  c=    0.0s  d=   0.0s
  OK   FP32E8M23/Var0p01/xor_delta                              ratio=0.0303  c=    0.0s  d=   0.0s
  OK   MXFP4E2M1/Var0p25/semantic_sep                           ratio=1.0703  c=    0.0s  d=   0.0s
  OK   MXFP4E2M1/Var0p025/semantic_sep                          ratio=1.0703  c=    0.0s  d=   0.0s
  OK   MXFP4E2M1/Var0p05/semantic_sep                           ratio=1.0703  c=    0.0s  d=   0.0s
  OK   NVFP4E2M1/Var0p05/semantic_sep                           ratio=1.0703  c=    0.0s  d=   0.0s
  OK   NVFP4E2M1/Var0p025/semantic_sep                          ratio=1.0703  c=    0.0s  d=   0.0s
  OK   NVFP4E2M1/Var0p25/semantic_sep                           ratio=1.0703  c=    0.0s  d=   0.0s
  OK   FP8E4M3/Var0p1/semantic_sep                              ratio=0.9922  c=    0.0s  d=   0.0s
  OK   FP8E5M2/Var0p25/semantic_sep                             ratio=0.8730  c=    0.0s  d=   0.0s
  OK   FP8E5M2/Var0p025/semantic_sep                            ratio=0.8984  c=    0.0s  d=   0.0s
  OK   FP8E4M3/Var0p25/semantic_sep                             ratio=0.9756  c=    0.0s  d=   0.0s
  OK   FP8E4M3/Var0p5/semantic_sep                              ratio=0.9727  c=    0.0s  d=   0.0s
  OK   FP16E5M10/Var0p1/xor_delta                               ratio=0.0400  c=    0.0s  d=   0.0s
  OK   FP8E5M2/Var0p05/semantic_sep                             ratio=0.9082  c=    0.0s  d=   0.0s
  OK   BF16E8M7/Var0p01/gorilla_xor_delta                       ratio=0.0571  c=    0.0s  d=   0.0s
  OK   FP8E5M2/Var0p5/semantic_sep                              ratio=0.8955  c=    0.0s  d=   0.0s
  OK   FP8E5M2/Var0p01/semantic_sep                             ratio=0.8945  c=    0.0s  d=   0.0s
  OK   FP16E5M10/Var0p025/xor_delta                             ratio=0.0332  c=    0.0s  d=   0.0s
  OK   FP32E8M23/Var0p05/xor_delta                              ratio=0.0356  c=    0.0s  d=   0.0s
  OK   FP32E8M23/Var0p25/xor_delta                              ratio=0.0364  c=    0.0s  d=   0.0s
  OK   FP32E8M23/Var0p5/xor_delta                               ratio=0.0239  c=    0.0s  d=   0.0s
  OK   FP16E5M10/Var0p05/xor_delta                              ratio=0.0488  c=    0.0s  d=   0.0s
[ 1/42]  BF16E8M7/Var0p01  → 7 records written  (cumulative 7/294, elapsed 0s)
  OK   FP16E5M10/Var0p5/xor_delta                               ratio=0.0356  c=    0.0s  d=   0.0s
  OK   FP32E8M23/Var0p1/xor_delta                               ratio=0.0247  c=    0.0s  d=   0.0s
  OK   BF16E8M7/Var0p5/xor_delta                                ratio=0.0342  c=    0.0s  d=   0.0s
  OK   FP16E5M10/Var0p25/xor_delta                              ratio=0.0557  c=    0.0s  d=   0.0s
  OK   BF16E8M7/Var0p025/gorilla_xor_delta                      ratio=0.0420  c=    0.0s  d=   0.0s
  OK   FP32E8M23/Var0p01/gorilla_xor_delta                      ratio=0.0427  c=    0.0s  d=   0.0s
  OK   BF16E8M7/Var0p05/gorilla_xor_delta                       ratio=0.0625  c=    0.0s  d=   0.0s
  OK   BF16E8M7/Var0p1/gorilla_xor_delta                        ratio=0.0498  c=    0.0s  d=   0.0s
  OK   FP32E8M23/Var0p025/gorilla_xor_delta                     ratio=0.0305  c=    0.0s  d=   0.0s
  OK   BF16E8M7/Var0p25/gorilla_xor_delta                       ratio=0.0625  c=    0.0s  d=   0.0s
  OK   FP16E5M10/Var0p01/gorilla_xor_delta                      ratio=0.0562  c=    0.0s  d=   0.0s
[ 2/42]  BF16E8M7/Var0p025  → 7 records written  (cumulative 14/294, elapsed 0s)
[ 3/42]  BF16E8M7/Var0p1  → 7 records written  (cumulative 21/294, elapsed 0s)
[ 4/42]  FP32E8M23/Var0p01  → 7 records written  (cumulative 28/294, elapsed 0s)
[ 5/42]  FP32E8M23/Var0p025  → 7 records written  (cumulative 35/294, elapsed 0s)
[ 6/42]  BF16E8M7/Var0p25  → 7 records written  (cumulative 42/294, elapsed 0s)
[ 7/42]  BF16E8M7/Var0p05  → 7 records written  (cumulative 49/294, elapsed 0s)
[ 8/42]  FP16E5M10/Var0p01  → 7 records written  (cumulative 56/294, elapsed 0s)
  OK   FP16E5M10/Var0p025/gorilla_xor_delta                     ratio=0.0425  c=    0.0s  d=   0.0s
  OK   FP16E5M10/Var0p05/gorilla_xor_delta                      ratio=0.0610  c=    0.0s  d=   0.0s
  OK   FP16E5M10/Var0p1/gorilla_xor_delta                       ratio=0.0508  c=    0.0s  d=   0.0s
[ 9/42]  FP16E5M10/Var0p025  → 7 records written  (cumulative 63/294, elapsed 0s)
[10/42]  FP16E5M10/Var0p1  → 7 records written  (cumulative 70/294, elapsed 0s)
[11/42]  FP16E5M10/Var0p05  → 7 records written  (cumulative 77/294, elapsed 0s)
  OK   FP16E5M10/Var0p25/gorilla_xor_delta                      ratio=0.0688  c=    0.0s  d=   0.0s
  OK   FP16E5M10/Var0p5/gorilla_xor_delta                       ratio=0.0474  c=    0.0s  d=   0.0s
  OK   BF16E8M7/Var0p5/gorilla_xor_delta                        ratio=0.0459  c=    0.0s  d=   0.0s
  OK   FP32E8M23/Var0p05/gorilla_xor_delta                      ratio=0.0500  c=    0.0s  d=   0.0s
  OK   FP32E8M23/Var0p5/gorilla_xor_delta                       ratio=0.0344  c=    0.0s  d=   0.0s
  OK   FP32E8M23/Var0p25/gorilla_xor_delta                      ratio=0.0503  c=    0.0s  d=   0.0s
  OK   FP32E8M23/Var0p1/gorilla_xor_delta                       ratio=0.0364  c=    0.0s  d=   0.0s
[12/42]  FP16E5M10/Var0p5  → 7 records written  (cumulative 84/294, elapsed 0s)
[13/42]  BF16E8M7/Var0p5  → 7 records written  (cumulative 91/294, elapsed 0s)
[14/42]  FP16E5M10/Var0p25  → 7 records written  (cumulative 98/294, elapsed 0s)
[15/42]  FP32E8M23/Var0p5  → 7 records written  (cumulative 105/294, elapsed 0s)
[16/42]  FP32E8M23/Var0p05  → 7 records written  (cumulative 112/294, elapsed 0s)
[17/42]  FP32E8M23/Var0p25  → 7 records written  (cumulative 119/294, elapsed 0s)
[18/42]  FP32E8M23/Var0p1  → 7 records written  (cumulative 126/294, elapsed 0s)
  OK   FP8E4M3/Var0p05/bitplane                                 ratio=1.0020  c=    0.0s  d=   0.0s
  OK   MXFP4E2M1/Var0p5/bitplane                                ratio=1.1406  c=    0.0s  d=   0.0s
  OK   NVFP4E2M1/Var0p1/bitplane                                ratio=1.1406  c=    0.0s  d=   0.0s
  OK   MXFP4E2M1/Var0p1/bitplane                                ratio=1.1406  c=    0.0s  d=   0.0s
  OK   NVFP4E2M1/Var0p5/bitplane                                ratio=1.1406  c=    0.0s  d=   0.0s
  OK   MXFP4E2M1/Var0p25/bitplane                               ratio=1.1406  c=    0.0s  d=   0.0s
  OK   MXFP4E2M1/Var0p01/bitplane                               ratio=1.1406  c=    0.0s  d=   0.0s
  OK   MXFP4E2M1/Var0p025/bitplane                              ratio=1.1406  c=    0.0s  d=   0.0s
  OK   NVFP4E2M1/Var0p025/bitplane                              ratio=1.1406  c=    0.0s  d=   0.0s
  OK   FP8E4M3/Var0p025/bitplane                                ratio=1.0029  c=    0.0s  d=   0.0s
  OK   MXFP4E2M1/Var0p05/bitplane                               ratio=1.1406  c=    0.0s  d=   0.0s
  OK   FP8E5M2/Var0p1/bitplane                                  ratio=0.9004  c=    0.0s  d=   0.0s
  OK   NVFP4E2M1/Var0p01/bitplane                               ratio=1.1406  c=    0.0s  d=   0.0s
  OK   FP8E5M2/Var0p25/bitplane                                 ratio=0.8730  c=    0.0s  d=   0.0s
  OK   FP8E4M3/Var0p01/bitplane                                 ratio=0.9678  c=    0.0s  d=   0.0s
  OK   FP8E4M3/Var0p25/bitplane                                 ratio=0.9756  c=    0.0s  d=   0.0s
  OK   NVFP4E2M1/Var0p05/bitplane                               ratio=1.1406  c=    0.0s  d=   0.0s
  OK   FP8E5M2/Var0p05/bitplane                                 ratio=0.9082  c=    0.0s  d=   0.0s
  OK   FP8E4M3/Var0p1/bitplane                                  ratio=0.9922  c=    0.0s  d=   0.0s
  OK   FP8E4M3/Var0p5/bitplane                                  ratio=0.9727  c=    0.0s  d=   0.0s
  OK   NVFP4E2M1/Var0p25/bitplane                               ratio=1.1406  c=    0.0s  d=   0.0s
  OK   MXFP4E2M1/Var0p5/gorilla_base                            ratio=1.0195  c=    0.0s  d=   0.0s
  OK   FP8E5M2/Var0p01/bitplane                                 ratio=0.8945  c=    0.0s  d=   0.0s
  OK   MXFP4E2M1/Var0p1/gorilla_base                            ratio=1.0195  c=    0.0s  d=   0.0s
  OK   FP8E4M3/Var0p05/gorilla_base                             ratio=0.9629  c=    0.0s  d=   0.0s
  OK   NVFP4E2M1/Var0p5/gorilla_base                            ratio=1.0195  c=    0.0s  d=   0.0s
  OK   NVFP4E2M1/Var0p1/gorilla_base                            ratio=1.0195  c=    0.0s  d=   0.0s
  OK   FP8E5M2/Var0p5/bitplane                                  ratio=0.8955  c=    0.0s  d=   0.0s
  OK   FP8E5M2/Var0p025/bitplane                                ratio=0.8984  c=    0.0s  d=   0.0s
  OK   MXFP4E2M1/Var0p01/gorilla_base                           ratio=1.0195  c=    0.0s  d=   0.0s
  OK   FP8E4M3/Var0p025/gorilla_base                            ratio=0.9678  c=    0.0s  d=   0.0s
  OK   MXFP4E2M1/Var0p025/gorilla_base                          ratio=1.0195  c=    0.0s  d=   0.0s
  OK   MXFP4E2M1/Var0p25/gorilla_base                           ratio=1.0195  c=    0.0s  d=   0.0s
  OK   NVFP4E2M1/Var0p025/gorilla_base                          ratio=1.0195  c=    0.0s  d=   0.0s
  OK   MXFP4E2M1/Var0p05/gorilla_base                           ratio=1.0195  c=    0.0s  d=   0.0s
  OK   FP8E5M2/Var0p25/gorilla_base                             ratio=0.8350  c=    0.0s  d=   0.0s
  OK   NVFP4E2M1/Var0p05/gorilla_base                           ratio=1.0195  c=    0.0s  d=   0.0s
  OK   FP8E4M3/Var0p25/gorilla_base                             ratio=0.9570  c=    0.0s  d=   0.0s
  OK   FP8E4M3/Var0p1/gorilla_base                              ratio=0.9648  c=    0.0s  d=   0.0s
  OK   FP8E4M3/Var0p5/gorilla_base                              ratio=0.9561  c=    0.0s  d=   0.0s
  OK   FP8E5M2/Var0p1/gorilla_base                              ratio=0.8730  c=    0.0s  d=   0.0s
  OK   FP8E4M3/Var0p01/gorilla_base                             ratio=0.9521  c=    0.0s  d=   0.0s
  OK   FP8E5M2/Var0p05/gorilla_base                             ratio=0.8477  c=    0.0s  d=   0.0s
  OK   NVFP4E2M1/Var0p01/gorilla_base                           ratio=1.0195  c=    0.0s  d=   0.0s
  OK   NVFP4E2M1/Var0p25/gorilla_base                           ratio=1.0195  c=    0.0s  d=   0.0s
  OK   FP8E5M2/Var0p01/gorilla_base                             ratio=0.8301  c=    0.0s  d=   0.0s
  OK   FP8E5M2/Var0p5/gorilla_base                              ratio=0.8428  c=    0.0s  d=   0.0s
  OK   FP8E5M2/Var0p025/gorilla_base                            ratio=0.8633  c=    0.0s  d=   0.0s
  OK   MXFP4E2M1/Var0p5/xor_delta                               ratio=0.1309  c=    0.0s  d=   0.0s
  OK   NVFP4E2M1/Var0p5/xor_delta                               ratio=0.1289  c=    0.0s  d=   0.0s
  OK   FP8E4M3/Var0p05/xor_delta                                ratio=0.0752  c=    0.0s  d=   0.0s
  OK   FP8E4M3/Var0p025/xor_delta                               ratio=0.0459  c=    0.0s  d=   0.0s
  OK   MXFP4E2M1/Var0p1/xor_delta                               ratio=0.0996  c=    0.0s  d=   0.0s
  OK   MXFP4E2M1/Var0p01/xor_delta                              ratio=0.1250  c=    0.0s  d=   0.0s
  OK   NVFP4E2M1/Var0p1/xor_delta                               ratio=0.1055  c=    0.0s  d=   0.0s
  OK   MXFP4E2M1/Var0p025/xor_delta                             ratio=0.0781  c=    0.0s  d=   0.0s
  OK   MXFP4E2M1/Var0p25/xor_delta                              ratio=0.1406  c=    0.0s  d=   0.0s
  OK   NVFP4E2M1/Var0p025/xor_delta                             ratio=0.0820  c=    0.0s  d=   0.0s
  OK   FP8E4M3/Var0p25/xor_delta                                ratio=0.0791  c=    0.0s  d=   0.0s
  OK   FP8E5M2/Var0p25/xor_delta                                ratio=0.0791  c=    0.0s  d=   0.0s
  OK   MXFP4E2M1/Var0p05/xor_delta                              ratio=0.1328  c=    0.0s  d=   0.0s
  OK   NVFP4E2M1/Var0p25/xor_delta                              ratio=0.1543  c=    0.0s  d=   0.0s
  OK   FP8E5M2/Var0p1/xor_delta                                 ratio=0.0547  c=    0.0s  d=   0.0s
  OK   FP8E5M2/Var0p01/xor_delta                                ratio=0.0664  c=    0.0s  d=   0.0s
  OK   FP8E5M2/Var0p5/xor_delta                                 ratio=0.0576  c=    0.0s  d=   0.0s
  OK   FP8E4M3/Var0p1/xor_delta                                 ratio=0.0625  c=    0.0s  d=   0.0s
  OK   NVFP4E2M1/Var0p05/xor_delta                              ratio=0.1680  c=    0.0s  d=   0.0s
  OK   FP8E5M2/Var0p05/xor_delta                                ratio=0.0869  c=    0.0s  d=   0.0s
  OK   FP8E4M3/Var0p5/xor_delta                                 ratio=0.0576  c=    0.0s  d=   0.0s
  OK   NVFP4E2M1/Var0p01/xor_delta                              ratio=0.1387  c=    0.0s  d=   0.0s
  OK   FP8E4M3/Var0p01/xor_delta                                ratio=0.0664  c=    0.0s  d=   0.0s
  OK   FP8E5M2/Var0p025/xor_delta                               ratio=0.0430  c=    0.0s  d=   0.0s
  OK   MXFP4E2M1/Var0p5/gorilla_xor_delta                       ratio=0.1465  c=    0.0s  d=   0.0s
[19/42]  MXFP4E2M1/Var0p5  → 7 records written  (cumulative 133/294, elapsed 0s)
  OK   MXFP4E2M1/Var0p1/gorilla_xor_delta                       ratio=0.1172  c=    0.0s  d=   0.0s
[20/42]  MXFP4E2M1/Var0p1  → 7 records written  (cumulative 140/294, elapsed 0s)
  OK   NVFP4E2M1/Var0p5/gorilla_xor_delta                       ratio=0.1484  c=    0.0s  d=   0.0s
[21/42]  NVFP4E2M1/Var0p5  → 7 records written  (cumulative 147/294, elapsed 0s)
  OK   NVFP4E2M1/Var0p025/gorilla_xor_delta                     ratio=0.1133  c=    0.0s  d=   0.0s
[22/42]  NVFP4E2M1/Var0p025  → 7 records written  (cumulative 154/294, elapsed 0s)
  OK   MXFP4E2M1/Var0p25/gorilla_xor_delta                      ratio=0.2031  c=    0.0s  d=   0.0s
  OK   MXFP4E2M1/Var0p01/gorilla_xor_delta                      ratio=0.1543  c=    0.0s  d=   0.0s
[23/42]  MXFP4E2M1/Var0p25  → 7 records written  (cumulative 161/294, elapsed 0s)
[24/42]  MXFP4E2M1/Var0p01  → 7 records written  (cumulative 168/294, elapsed 0s)
  OK   FP8E4M3/Var0p05/gorilla_xor_delta                        ratio=0.0996  c=    0.0s  d=   0.0s
  OK   MXFP4E2M1/Var0p025/gorilla_xor_delta                     ratio=0.0996  c=    0.0s  d=   0.0s
  OK   NVFP4E2M1/Var0p1/gorilla_xor_delta                       ratio=0.1250  c=    0.0s  d=   0.0s
  OK   FP8E4M3/Var0p025/gorilla_xor_delta                       ratio=0.0645  c=    0.0s  d=   0.0s
[25/42]  FP8E4M3/Var0p05  → 7 records written  (cumulative 175/294, elapsed 0s)
  OK   FP8E5M2/Var0p25/gorilla_xor_delta                        ratio=0.1016  c=    0.0s  d=   0.0s
[26/42]  MXFP4E2M1/Var0p025  → 7 records written  (cumulative 182/294, elapsed 0s)
  OK   MXFP4E2M1/Var0p05/gorilla_xor_delta                      ratio=0.1641  c=    0.0s  d=   0.0s
[27/42]  NVFP4E2M1/Var0p1  → 7 records written  (cumulative 189/294, elapsed 0s)
  OK   FP8E4M3/Var0p25/gorilla_xor_delta                        ratio=0.1025  c=    0.0s  d=   0.0s
[28/42]  FP8E4M3/Var0p025  → 7 records written  (cumulative 196/294, elapsed 0s)
[29/42]  FP8E5M2/Var0p25  → 7 records written  (cumulative 203/294, elapsed 0s)
[30/42]  MXFP4E2M1/Var0p05  → 7 records written  (cumulative 210/294, elapsed 0s)
[31/42]  FP8E4M3/Var0p25  → 7 records written  (cumulative 217/294, elapsed 0s)
  OK   FP8E5M2/Var0p1/gorilla_xor_delta                         ratio=0.0645  c=    0.0s  d=   0.0s
  OK   NVFP4E2M1/Var0p25/gorilla_xor_delta                      ratio=0.2344  c=    0.0s  d=   0.0s
  OK   FP8E5M2/Var0p01/gorilla_xor_delta                        ratio=0.0840  c=    0.0s  d=   0.0s
[32/42]  FP8E5M2/Var0p1  → 7 records written  (cumulative 224/294, elapsed 0s)
[33/42]  NVFP4E2M1/Var0p25  → 7 records written  (cumulative 231/294, elapsed 0s)
[34/42]  FP8E5M2/Var0p01  → 7 records written  (cumulative 238/294, elapsed 0s)
  OK   FP8E5M2/Var0p05/gorilla_xor_delta                        ratio=0.1035  c=    0.0s  d=   0.0s
[35/42]  FP8E5M2/Var0p05  → 7 records written  (cumulative 245/294, elapsed 0s)
  OK   FP8E4M3/Var0p5/gorilla_xor_delta                         ratio=0.0723  c=    0.0s  d=   0.0s
  OK   FP8E5M2/Var0p025/gorilla_xor_delta                       ratio=0.0586  c=    0.0s  d=   0.0s
  OK   FP8E5M2/Var0p5/gorilla_xor_delta                         ratio=0.0684  c=    0.0s  d=   0.0s
  OK   NVFP4E2M1/Var0p05/gorilla_xor_delta                      ratio=0.2051  c=    0.0s  d=   0.0s
  OK   NVFP4E2M1/Var0p01/gorilla_xor_delta                      ratio=0.1621  c=    0.0s  d=   0.0s
[36/42]  FP8E4M3/Var0p5  → 7 records written  (cumulative 252/294, elapsed 0s)
  OK   FP8E4M3/Var0p01/gorilla_xor_delta                        ratio=0.0820  c=    0.0s  d=   0.0s
  OK   FP8E4M3/Var0p1/gorilla_xor_delta                         ratio=0.0723  c=    0.0s  d=   0.0s
[37/42]  FP8E5M2/Var0p025  → 7 records written  (cumulative 259/294, elapsed 0s)
[38/42]  FP8E5M2/Var0p5  → 7 records written  (cumulative 266/294, elapsed 0s)
[39/42]  NVFP4E2M1/Var0p05  → 7 records written  (cumulative 273/294, elapsed 0s)
[40/42]  NVFP4E2M1/Var0p01  → 7 records written  (cumulative 280/294, elapsed 0s)
[41/42]  FP8E4M3/Var0p01  → 7 records written  (cumulative 287/294, elapsed 0s)
[42/42]  FP8E4M3/Var0p1  → 7 records written  (cumulative 294/294, elapsed 0s)

All done.  Wall time: 0.3s  (0.0 min)
Results → /shared/home/erg966/LosslessModelCompression/compression_results.jsonl
