Output       : /shared/home/erg966/LosslessModelCompression/compression_results_zstd.jsonl
RESULTS dir  : /shared/home/erg966/LosslessModelCompression/RESULTS_2_30
Chunk size   : 128 MB
Workers      : 6
Algorithms   : ['raw_zstd', 'byte_transpose', 'semantic_sep', 'bitplane', 'gorilla_base', 'xor_delta', 'gorilla_xor_delta']
Zstd level   : 1
Total trials : 294

[  1/294]  FP32E8M23/Var0p1/raw_zstd                ratio=0.9256  c=   7.40s  elapsed=38s
[  2/294]  FP32E8M23/Var0p25/raw_zstd                ratio=0.9276  c=   7.41s  elapsed=38s
[  3/294]  FP32E8M23/Var0p025/raw_zstd                ratio=0.9258  c=   7.48s  elapsed=38s
[  4/294]  FP32E8M23/Var0p01/raw_zstd                ratio=0.9270  c=   7.60s  elapsed=38s
[  5/294]  FP32E8M23/Var0p5/raw_zstd                ratio=0.9250  c=   7.49s  elapsed=38s
[  6/294]  FP32E8M23/Var0p05/raw_zstd                ratio=0.9242  c=   7.56s  elapsed=38s
[  7/294]  FP16E5M10/Var0p01/raw_zstd                ratio=0.9183  c=   3.66s  elapsed=55s
[  8/294]  FP16E5M10/Var0p025/raw_zstd                ratio=0.9185  c=   3.66s  elapsed=55s
[  9/294]  FP16E5M10/Var0p05/raw_zstd                ratio=0.9184  c=   3.65s  elapsed=56s
[ 10/294]  FP16E5M10/Var0p1/raw_zstd                ratio=0.9186  c=   3.81s  elapsed=56s
[ 11/294]  FP16E5M10/Var0p25/raw_zstd                ratio=0.9189  c=   3.66s  elapsed=56s
[ 12/294]  FP16E5M10/Var0p5/raw_zstd                ratio=0.9187  c=   3.85s  elapsed=56s
[ 13/294]  BF16E8M7/Var0p05/raw_zstd                ratio=0.7764  c=   3.53s  elapsed=73s
[ 14/294]  BF16E8M7/Var0p01/raw_zstd                ratio=0.7828  c=   3.59s  elapsed=73s
[ 15/294]  BF16E8M7/Var0p025/raw_zstd                ratio=0.7799  c=   3.53s  elapsed=73s
[ 16/294]  BF16E8M7/Var0p1/raw_zstd                ratio=0.7800  c=   3.53s  elapsed=73s
[ 17/294]  BF16E8M7/Var0p25/raw_zstd                ratio=0.7833  c=   3.54s  elapsed=73s
[ 18/294]  BF16E8M7/Var0p5/raw_zstd                ratio=0.7783  c=   3.77s  elapsed=74s
[ 19/294]  FP8E4M3/Var0p01/raw_zstd                ratio=0.8018  c=   1.80s  elapsed=82s
[ 20/294]  FP8E4M3/Var0p025/raw_zstd                ratio=0.8017  c=   1.83s  elapsed=82s
[ 21/294]  FP8E4M3/Var0p05/raw_zstd                ratio=0.8017  c=   1.81s  elapsed=82s
[ 22/294]  FP8E4M3/Var0p1/raw_zstd                ratio=0.8017  c=   1.80s  elapsed=82s
[ 23/294]  FP8E4M3/Var0p25/raw_zstd                ratio=0.8017  c=   1.81s  elapsed=82s
[ 24/294]  FP8E4M3/Var0p5/raw_zstd                ratio=0.8017  c=   1.80s  elapsed=83s
[ 25/294]  FP8E5M2/Var0p01/raw_zstd                ratio=0.7140  c=   1.75s  elapsed=90s
[ 26/294]  FP8E5M2/Var0p025/raw_zstd                ratio=0.7140  c=   1.77s  elapsed=91s
[ 27/294]  FP8E5M2/Var0p05/raw_zstd                ratio=0.7140  c=   1.74s  elapsed=91s
[ 28/294]  FP8E5M2/Var0p1/raw_zstd                ratio=0.7140  c=   1.74s  elapsed=91s
[ 29/294]  FP8E5M2/Var0p25/raw_zstd                ratio=0.7140  c=   1.75s  elapsed=91s
[ 30/294]  FP8E5M2/Var0p5/raw_zstd                ratio=0.7140  c=   1.74s  elapsed=91s
[ 31/294]  MXFP4E2M1/Var0p01/raw_zstd                ratio=0.9406  c=   1.03s  elapsed=95s
[ 32/294]  MXFP4E2M1/Var0p025/raw_zstd                ratio=0.9572  c=   1.06s  elapsed=95s
[ 33/294]  MXFP4E2M1/Var0p05/raw_zstd                ratio=0.9428  c=   1.03s  elapsed=95s
[ 34/294]  MXFP4E2M1/Var0p1/raw_zstd                ratio=0.9572  c=   1.04s  elapsed=96s
[ 35/294]  MXFP4E2M1/Var0p25/raw_zstd                ratio=0.9514  c=   1.04s  elapsed=96s
[ 36/294]  MXFP4E2M1/Var0p5/raw_zstd                ratio=0.9484  c=   1.04s  elapsed=96s
[ 37/294]  NVFP4E2M1/Var0p01/raw_zstd                ratio=1.0000  c=   0.60s  elapsed=99s
[ 38/294]  NVFP4E2M1/Var0p025/raw_zstd                ratio=1.0000  c=   0.59s  elapsed=99s
[ 39/294]  NVFP4E2M1/Var0p05/raw_zstd                ratio=1.0000  c=   0.61s  elapsed=99s
[ 40/294]  NVFP4E2M1/Var0p1/raw_zstd                ratio=1.0000  c=   0.59s  elapsed=99s
[ 41/294]  NVFP4E2M1/Var0p25/raw_zstd                ratio=1.0000  c=   0.60s  elapsed=100s
[ 42/294]  NVFP4E2M1/Var0p5/raw_zstd                ratio=1.0000  c=   0.59s  elapsed=100s
[ 43/294]  FP32E8M23/Var0p01/byte_transpose          ratio=0.8430  c=   7.00s  elapsed=160s
[ 44/294]  FP32E8M23/Var0p025/byte_transpose          ratio=0.8423  c=   7.01s  elapsed=160s
[ 45/294]  FP32E8M23/Var0p1/byte_transpose          ratio=0.8424  c=   7.04s  elapsed=161s
[ 46/294]  FP32E8M23/Var0p05/byte_transpose          ratio=0.8415  c=   7.21s  elapsed=161s
[ 47/294]  FP32E8M23/Var0p5/byte_transpose          ratio=0.8418  c=   7.12s  elapsed=161s
[ 48/294]  FP32E8M23/Var0p25/byte_transpose          ratio=0.8424  c=   6.96s  elapsed=161s
[ 49/294]  FP16E5M10/Var0p01/byte_transpose          ratio=0.8459  c=   2.55s  elapsed=178s
[ 50/294]  FP16E5M10/Var0p025/byte_transpose          ratio=0.8460  c=   2.56s  elapsed=179s
[ 51/294]  FP16E5M10/Var0p05/byte_transpose          ratio=0.8469  c=   2.56s  elapsed=179s
[ 52/294]  FP16E5M10/Var0p1/byte_transpose          ratio=0.8463  c=   2.57s  elapsed=179s
[ 53/294]  FP16E5M10/Var0p25/byte_transpose          ratio=0.8473  c=   2.56s  elapsed=180s
[ 54/294]  FP16E5M10/Var0p5/byte_transpose          ratio=0.8466  c=   2.58s  elapsed=180s
[ 55/294]  BF16E8M7/Var0p01/byte_transpose          ratio=0.6860  c=   5.22s  elapsed=203s
[ 56/294]  BF16E8M7/Var0p025/byte_transpose          ratio=0.6846  c=   5.27s  elapsed=203s
[ 57/294]  BF16E8M7/Var0p25/byte_transpose          ratio=0.6848  c=   5.17s  elapsed=203s
[ 58/294]  BF16E8M7/Var0p05/byte_transpose          ratio=0.6830  c=   5.46s  elapsed=204s
[ 59/294]  BF16E8M7/Var0p1/byte_transpose          ratio=0.6849  c=   5.30s  elapsed=204s
[ 60/294]  BF16E8M7/Var0p5/byte_transpose          ratio=0.6835  c=   5.38s  elapsed=204s
[ 61/294]  FP8E4M3/Var0p01/byte_transpose          ratio=0.8018  c=   1.81s  elapsed=210s
[ 62/294]  FP8E4M3/Var0p025/byte_transpose          ratio=0.8017  c=   1.80s  elapsed=210s
[ 63/294]  FP8E4M3/Var0p05/byte_transpose          ratio=0.8017  c=   1.80s  elapsed=210s
[ 64/294]  FP8E4M3/Var0p1/byte_transpose          ratio=0.8017  c=   1.80s  elapsed=211s
[ 65/294]  FP8E4M3/Var0p25/byte_transpose          ratio=0.8017  c=   1.80s  elapsed=211s
[ 66/294]  FP8E4M3/Var0p5/byte_transpose          ratio=0.8017  c=   1.81s  elapsed=211s
[ 67/294]  FP8E5M2/Var0p025/byte_transpose          ratio=0.7140  c=   1.74s  elapsed=216s
[ 68/294]  FP8E5M2/Var0p01/byte_transpose          ratio=0.7140  c=   1.74s  elapsed=216s
[ 69/294]  FP8E5M2/Var0p05/byte_transpose          ratio=0.7140  c=   1.74s  elapsed=217s
[ 70/294]  FP8E5M2/Var0p1/byte_transpose          ratio=0.7140  c=   1.74s  elapsed=217s
[ 71/294]  FP8E5M2/Var0p25/byte_transpose          ratio=0.7140  c=   1.74s  elapsed=217s
[ 72/294]  FP8E5M2/Var0p5/byte_transpose          ratio=0.7140  c=   1.75s  elapsed=218s
[ 73/294]  MXFP4E2M1/Var0p01/byte_transpose          ratio=0.9406  c=   1.04s  elapsed=220s
[ 74/294]  MXFP4E2M1/Var0p025/byte_transpose          ratio=0.9572  c=   1.04s  elapsed=220s
[ 75/294]  MXFP4E2M1/Var0p05/byte_transpose          ratio=0.9428  c=   1.03s  elapsed=221s
[ 76/294]  MXFP4E2M1/Var0p1/byte_transpose          ratio=0.9572  c=   1.04s  elapsed=221s
[ 77/294]  MXFP4E2M1/Var0p25/byte_transpose          ratio=0.9514  c=   1.04s  elapsed=221s
[ 78/294]  MXFP4E2M1/Var0p5/byte_transpose          ratio=0.9484  c=   1.04s  elapsed=222s
[ 79/294]  NVFP4E2M1/Var0p025/byte_transpose          ratio=1.0000  c=   0.59s  elapsed=223s
[ 80/294]  NVFP4E2M1/Var0p01/byte_transpose          ratio=1.0000  c=   0.60s  elapsed=223s
[ 81/294]  NVFP4E2M1/Var0p05/byte_transpose          ratio=1.0000  c=   0.61s  elapsed=223s
[ 82/294]  NVFP4E2M1/Var0p1/byte_transpose          ratio=1.0000  c=   0.60s  elapsed=223s
[ 83/294]  NVFP4E2M1/Var0p25/byte_transpose          ratio=1.0000  c=   0.60s  elapsed=224s
[ 84/294]  NVFP4E2M1/Var0p5/byte_transpose          ratio=1.0000  c=   0.60s  elapsed=224s
[ 85/294]  FP32E8M23/Var0p025/semantic_sep            ratio=0.8451  c=   8.20s  elapsed=319s
[ 86/294]  FP32E8M23/Var0p05/semantic_sep            ratio=0.8455  c=   8.17s  elapsed=320s
[ 87/294]  FP32E8M23/Var0p01/semantic_sep            ratio=0.8456  c=   8.19s  elapsed=320s
[ 88/294]  FP32E8M23/Var0p1/semantic_sep            ratio=0.8451  c=   8.22s  elapsed=320s
[ 89/294]  FP32E8M23/Var0p25/semantic_sep            ratio=0.8453  c=   8.19s  elapsed=320s
[ 90/294]  FP32E8M23/Var0p5/semantic_sep            ratio=0.8452  c=   8.21s  elapsed=322s
[ 91/294]  FP16E5M10/Var0p01/semantic_sep            ratio=0.6312  c=   8.18s  elapsed=376s
[ 92/294]  FP16E5M10/Var0p025/semantic_sep            ratio=0.6306  c=   8.15s  elapsed=376s
[ 93/294]  FP16E5M10/Var0p05/semantic_sep            ratio=0.6312  c=   8.19s  elapsed=377s
[ 94/294]  FP16E5M10/Var0p1/semantic_sep            ratio=0.6306  c=   8.14s  elapsed=377s
[ 95/294]  FP16E5M10/Var0p25/semantic_sep            ratio=0.6310  c=   8.14s  elapsed=377s
[ 96/294]  FP16E5M10/Var0p5/semantic_sep            ratio=0.6309  c=   8.17s  elapsed=379s
[ 97/294]  BF16E8M7/Var0p01/semantic_sep            ratio=0.6414  c=   6.44s  elapsed=425s
[ 98/294]  BF16E8M7/Var0p025/semantic_sep            ratio=0.6405  c=   6.43s  elapsed=425s
[ 99/294]  BF16E8M7/Var0p05/semantic_sep            ratio=0.6413  c=   6.47s  elapsed=426s
[100/294]  BF16E8M7/Var0p1/semantic_sep            ratio=0.6405  c=   6.42s  elapsed=426s
[101/294]  BF16E8M7/Var0p25/semantic_sep            ratio=0.6409  c=   6.43s  elapsed=426s
[102/294]  BF16E8M7/Var0p5/semantic_sep            ratio=0.6407  c=   6.45s  elapsed=429s
[103/294]  FP8E4M3/Var0p01/semantic_sep            ratio=0.4118  c=   8.03s  elapsed=466s
[104/294]  FP8E4M3/Var0p025/semantic_sep            ratio=0.4118  c=   8.05s  elapsed=466s
[105/294]  FP8E4M3/Var0p05/semantic_sep            ratio=0.4118  c=   8.04s  elapsed=467s
[106/294]  FP8E4M3/Var0p1/semantic_sep            ratio=0.4118  c=   8.06s  elapsed=468s
[107/294]  FP8E4M3/Var0p25/semantic_sep            ratio=0.4118  c=   8.06s  elapsed=468s
[108/294]  FP8E4M3/Var0p5/semantic_sep            ratio=0.4118  c=   8.05s  elapsed=470s
[109/294]  FP8E5M2/Var0p01/semantic_sep            ratio=0.3790  c=   9.24s  elapsed=510s
[110/294]  FP8E5M2/Var0p025/semantic_sep            ratio=0.3790  c=   9.25s  elapsed=511s
[111/294]  FP8E5M2/Var0p05/semantic_sep            ratio=0.3790  c=   9.24s  elapsed=512s
[112/294]  FP8E5M2/Var0p25/semantic_sep            ratio=0.3790  c=   9.25s  elapsed=512s
[113/294]  FP8E5M2/Var0p1/semantic_sep            ratio=0.3790  c=   9.24s  elapsed=512s
[114/294]  FP8E5M2/Var0p5/semantic_sep            ratio=0.3790  c=   9.24s  elapsed=515s
[115/294]  MXFP4E2M1/Var0p01/semantic_sep            ratio=0.4372  c=   4.31s  elapsed=536s
[116/294]  MXFP4E2M1/Var0p025/semantic_sep            ratio=0.4407  c=   4.23s  elapsed=536s
[117/294]  MXFP4E2M1/Var0p05/semantic_sep            ratio=0.4372  c=   4.25s  elapsed=538s
[118/294]  MXFP4E2M1/Var0p25/semantic_sep            ratio=0.4387  c=   4.18s  elapsed=538s
[119/294]  MXFP4E2M1/Var0p1/semantic_sep            ratio=0.4407  c=   4.21s  elapsed=538s
[120/294]  MXFP4E2M1/Var0p5/semantic_sep            ratio=0.4391  c=   4.31s  elapsed=541s
[121/294]  NVFP4E2M1/Var0p025/semantic_sep            ratio=0.4479  c=   3.83s  elapsed=563s
[122/294]  NVFP4E2M1/Var0p01/semantic_sep            ratio=0.4479  c=   3.87s  elapsed=563s
[123/294]  NVFP4E2M1/Var0p1/semantic_sep            ratio=0.4479  c=   3.82s  elapsed=565s
[124/294]  NVFP4E2M1/Var0p25/semantic_sep            ratio=0.4479  c=   3.85s  elapsed=565s
[125/294]  NVFP4E2M1/Var0p05/semantic_sep            ratio=0.4479  c=   3.86s  elapsed=565s
[126/294]  NVFP4E2M1/Var0p5/semantic_sep            ratio=0.4479  c=   3.86s  elapsed=568s
[127/294]  FP32E8M23/Var0p01/bitplane                ratio=0.8514  c=   2.61s  elapsed=4119s
[128/294]  FP32E8M23/Var0p1/bitplane                ratio=0.8468  c=   2.68s  elapsed=4140s
[129/294]  FP32E8M23/Var0p05/bitplane                ratio=0.8513  c=   2.71s  elapsed=4146s
[130/294]  FP32E8M23/Var0p25/bitplane                ratio=0.8420  c=   2.54s  elapsed=4159s
[131/294]  FP32E8M23/Var0p025/bitplane                ratio=0.8551  c=   2.65s  elapsed=4170s
[132/294]  FP32E8M23/Var0p5/bitplane                ratio=0.8471  c=   3.61s  elapsed=4194s
[133/294]  FP16E5M10/Var0p01/bitplane                ratio=0.8887  c=   1.79s  elapsed=4673s
[134/294]  FP16E5M10/Var0p025/bitplane                ratio=0.8952  c=   1.75s  elapsed=4696s
[135/294]  FP16E5M10/Var0p05/bitplane                ratio=0.8872  c=   1.80s  elapsed=4703s
[136/294]  FP16E5M10/Var0p1/bitplane                ratio=0.8780  c=   1.76s  elapsed=4719s
[137/294]  FP16E5M10/Var0p25/bitplane                ratio=0.8677  c=   1.69s  elapsed=4739s
[138/294]  FP16E5M10/Var0p5/bitplane                ratio=0.8646  c=   1.98s  elapsed=4759s
[139/294]  BF16E8M7/Var0p01/bitplane                ratio=0.7030  c=   1.77s  elapsed=5226s
[140/294]  BF16E8M7/Var0p025/bitplane                ratio=0.7101  c=   1.77s  elapsed=5252s
[141/294]  BF16E8M7/Var0p05/bitplane                ratio=0.7026  c=   1.85s  elapsed=5261s
[142/294]  BF16E8M7/Var0p1/bitplane                ratio=0.6937  c=   1.82s  elapsed=5279s
[143/294]  BF16E8M7/Var0p25/bitplane                ratio=0.6839  c=   1.75s  elapsed=5308s
[144/294]  BF16E8M7/Var0p5/bitplane                ratio=0.6945  c=   2.77s  elapsed=5325s
[145/294]  FP8E4M3/Var0p01/bitplane                ratio=0.8559  c=   1.36s  elapsed=5355s
[146/294]  FP8E4M3/Var0p025/bitplane                ratio=0.8559  c=   1.36s  elapsed=5382s
[147/294]  FP8E4M3/Var0p05/bitplane                ratio=0.8559  c=   1.36s  elapsed=5390s
[148/294]  FP8E4M3/Var0p1/bitplane                ratio=0.8559  c=   1.36s  elapsed=5409s
[149/294]  FP8E4M3/Var0p25/bitplane                ratio=0.8559  c=   1.38s  elapsed=5440s
[150/294]  FP8E4M3/Var0p5/bitplane                ratio=0.8559  c=   1.36s  elapsed=5456s
[151/294]  FP8E5M2/Var0p01/bitplane                ratio=0.7647  c=   1.23s  elapsed=5484s
[152/294]  FP8E5M2/Var0p025/bitplane                ratio=0.7647  c=   1.22s  elapsed=5511s
[153/294]  FP8E5M2/Var0p05/bitplane                ratio=0.7647  c=   1.23s  elapsed=5520s
[154/294]  MXFP4E2M1/Var0p01/bitplane                ratio=0.9654  c=   0.61s  elapsed=5538s
[155/294]  FP8E5M2/Var0p1/bitplane                ratio=0.7647  c=   1.22s  elapsed=5539s
[156/294]  MXFP4E2M1/Var0p025/bitplane                ratio=0.9722  c=   0.61s  elapsed=5565s
[157/294]  FP8E5M2/Var0p25/bitplane                ratio=0.7647  c=   1.24s  elapsed=5572s
[158/294]  MXFP4E2M1/Var0p05/bitplane                ratio=0.9712  c=   0.67s  elapsed=5574s
[159/294]  FP8E5M2/Var0p5/bitplane                ratio=0.7646  c=   1.23s  elapsed=5587s
[160/294]  MXFP4E2M1/Var0p1/bitplane                ratio=0.9722  c=   0.66s  elapsed=5591s
[161/294]  MXFP4E2M1/Var0p25/bitplane                ratio=0.9761  c=   0.69s  elapsed=5593s
[162/294]  MXFP4E2M1/Var0p5/bitplane                ratio=0.9666  c=   0.66s  elapsed=5618s
[163/294]  NVFP4E2M1/Var0p01/bitplane                ratio=1.0000  c=   0.52s  elapsed=5630s
[164/294]  NVFP4E2M1/Var0p025/bitplane                ratio=1.0000  c=   0.45s  elapsed=5631s
[165/294]  NVFP4E2M1/Var0p05/bitplane                ratio=1.0000  c=   0.48s  elapsed=5645s
[166/294]  NVFP4E2M1/Var0p1/bitplane                ratio=1.0000  c=   0.42s  elapsed=5647s
[167/294]  NVFP4E2M1/Var0p25/bitplane                ratio=1.0000  c=   0.48s  elapsed=5650s
[168/294]  FP32E8M23/Var0p025/gorilla_base            ratio=0.9394  c=   7.49s  elapsed=5668s
[169/294]  FP32E8M23/Var0p01/gorilla_base            ratio=0.9434  c=   7.78s  elapsed=5668s
[170/294]  NVFP4E2M1/Var0p5/bitplane                ratio=1.0000  c=   0.46s  elapsed=5674s
[171/294]  FP32E8M23/Var0p05/gorilla_base            ratio=0.9360  c=   7.49s  elapsed=5682s
[172/294]  FP32E8M23/Var0p1/gorilla_base            ratio=0.9376  c=   7.47s  elapsed=5684s
[173/294]  FP32E8M23/Var0p25/gorilla_base            ratio=0.9382  c=   7.48s  elapsed=5687s
[174/294]  FP16E5M10/Var0p01/gorilla_base            ratio=0.9518  c=   3.80s  elapsed=5687s
[175/294]  FP16E5M10/Var0p025/gorilla_base            ratio=0.9457  c=   3.72s  elapsed=5692s
[176/294]  FP16E5M10/Var0p05/gorilla_base            ratio=0.9403  c=   3.71s  elapsed=5700s
[177/294]  FP16E5M10/Var0p1/gorilla_base            ratio=0.9447  c=   3.71s  elapsed=5703s
[178/294]  FP32E8M23/Var0p5/gorilla_base            ratio=0.9351  c=   7.46s  elapsed=5705s
[179/294]  FP16E5M10/Var0p25/gorilla_base            ratio=0.9431  c=   3.71s  elapsed=5705s
[180/294]  FP16E5M10/Var0p5/gorilla_base            ratio=0.9397  c=   3.92s  elapsed=5706s
[181/294]  BF16E8M7/Var0p01/gorilla_base            ratio=0.8183  c=   3.60s  elapsed=5711s
[182/294]  BF16E8M7/Var0p025/gorilla_base            ratio=0.8087  c=   3.59s  elapsed=5719s
[183/294]  FP8E4M3/Var0p01/gorilla_base            ratio=0.8826  c=   1.86s  elapsed=5720s
[184/294]  BF16E8M7/Var0p05/gorilla_base            ratio=0.8005  c=   3.57s  elapsed=5721s
[185/294]  BF16E8M7/Var0p1/gorilla_base            ratio=0.8033  c=   3.57s  elapsed=5723s
[186/294]  BF16E8M7/Var0p25/gorilla_base            ratio=0.8038  c=   3.57s  elapsed=5724s
[187/294]  BF16E8M7/Var0p5/gorilla_base            ratio=0.7986  c=   3.66s  elapsed=5725s
[188/294]  FP8E4M3/Var0p025/gorilla_base            ratio=0.8826  c=   1.85s  elapsed=5728s
[189/294]  FP8E4M3/Var0p05/gorilla_base            ratio=0.8826  c=   1.86s  elapsed=5730s
[190/294]  FP8E4M3/Var0p1/gorilla_base            ratio=0.8826  c=   1.85s  elapsed=5730s
[191/294]  FP8E4M3/Var0p25/gorilla_base            ratio=0.8826  c=   1.85s  elapsed=5733s
[192/294]  FP8E4M3/Var0p5/gorilla_base            ratio=0.8826  c=   1.85s  elapsed=5733s
[193/294]  FP8E5M2/Var0p01/gorilla_base            ratio=0.7785  c=   1.81s  elapsed=5735s
[194/294]  FP8E5M2/Var0p025/gorilla_base            ratio=0.7785  c=   1.78s  elapsed=5738s
[195/294]  FP8E5M2/Var0p05/gorilla_base            ratio=0.7785  c=   1.78s  elapsed=5739s
[196/294]  MXFP4E2M1/Var0p01/gorilla_base            ratio=1.0000  c=   1.08s  elapsed=5739s
[197/294]  FP8E5M2/Var0p1/gorilla_base            ratio=0.7785  c=   1.77s  elapsed=5740s
[198/294]  FP8E5M2/Var0p25/gorilla_base            ratio=0.7785  c=   1.77s  elapsed=5742s
[199/294]  FP8E5M2/Var0p5/gorilla_base            ratio=0.7785  c=   1.78s  elapsed=5742s
[200/294]  MXFP4E2M1/Var0p025/gorilla_base            ratio=1.0000  c=   1.09s  elapsed=5742s
[201/294]  MXFP4E2M1/Var0p05/gorilla_base            ratio=1.0000  c=   1.07s  elapsed=5744s
[202/294]  MXFP4E2M1/Var0p1/gorilla_base            ratio=1.0000  c=   1.09s  elapsed=5744s
[203/294]  MXFP4E2M1/Var0p25/gorilla_base            ratio=1.0000  c=   1.07s  elapsed=5744s
[204/294]  NVFP4E2M1/Var0p01/gorilla_base            ratio=1.0000  c=   0.54s  elapsed=5746s
[205/294]  NVFP4E2M1/Var0p025/gorilla_base            ratio=1.0000  c=   0.54s  elapsed=5746s
[206/294]  MXFP4E2M1/Var0p5/gorilla_base            ratio=1.0000  c=   1.08s  elapsed=5746s
[207/294]  NVFP4E2M1/Var0p05/gorilla_base            ratio=1.0000  c=   0.54s  elapsed=5748s
[208/294]  NVFP4E2M1/Var0p1/gorilla_base            ratio=1.0000  c=   0.53s  elapsed=5748s
[209/294]  NVFP4E2M1/Var0p25/gorilla_base            ratio=1.0000  c=   0.53s  elapsed=5748s
[210/294]  NVFP4E2M1/Var0p5/gorilla_base            ratio=1.0000  c=   0.53s  elapsed=5750s
[211/294]  FP32E8M23/Var0p01/xor_delta               ratio=0.0166  c=   1.75s  elapsed=5791s
[212/294]  FP32E8M23/Var0p025/xor_delta               ratio=0.0166  c=   1.74s  elapsed=5792s
[213/294]  FP32E8M23/Var0p05/xor_delta               ratio=0.0166  c=   1.84s  elapsed=5797s
[214/294]  FP32E8M23/Var0p25/xor_delta               ratio=0.0166  c=   1.74s  elapsed=5798s
[215/294]  FP32E8M23/Var0p1/xor_delta               ratio=0.0166  c=   1.75s  elapsed=5799s
[216/294]  FP32E8M23/Var0p5/xor_delta               ratio=0.0166  c=   1.74s  elapsed=5801s
[217/294]  FP16E5M10/Var0p01/xor_delta               ratio=0.0219  c=   1.26s  elapsed=5821s
[218/294]  FP16E5M10/Var0p025/xor_delta               ratio=0.0218  c=   1.24s  elapsed=5823s
[219/294]  FP16E5M10/Var0p05/xor_delta               ratio=0.0218  c=   1.25s  elapsed=5825s
[220/294]  FP16E5M10/Var0p1/xor_delta               ratio=0.0218  c=   1.24s  elapsed=5825s
[221/294]  FP16E5M10/Var0p25/xor_delta               ratio=0.0218  c=   1.25s  elapsed=5826s
[222/294]  FP16E5M10/Var0p5/xor_delta               ratio=0.0218  c=   1.24s  elapsed=5827s
[223/294]  BF16E8M7/Var0p01/xor_delta               ratio=0.0202  c=   1.23s  elapsed=5844s
[224/294]  BF16E8M7/Var0p025/xor_delta               ratio=0.0201  c=   1.23s  elapsed=5847s
[225/294]  BF16E8M7/Var0p05/xor_delta               ratio=0.0201  c=   1.26s  elapsed=5849s
[226/294]  BF16E8M7/Var0p1/xor_delta               ratio=0.0201  c=   1.23s  elapsed=5850s
[227/294]  BF16E8M7/Var0p25/xor_delta               ratio=0.0201  c=   1.23s  elapsed=5850s
[228/294]  BF16E8M7/Var0p5/xor_delta               ratio=0.0200  c=   1.24s  elapsed=5851s
[229/294]  FP8E4M3/Var0p01/xor_delta               ratio=0.0364  c=   1.03s  elapsed=5855s
[230/294]  FP8E4M3/Var0p025/xor_delta               ratio=0.0364  c=   1.02s  elapsed=5858s
[231/294]  FP8E4M3/Var0p05/xor_delta               ratio=0.0365  c=   0.99s  elapsed=5861s
[232/294]  FP8E4M3/Var0p1/xor_delta               ratio=0.0364  c=   1.01s  elapsed=5862s
[233/294]  FP8E4M3/Var0p25/xor_delta               ratio=0.0365  c=   0.99s  elapsed=5862s
[234/294]  FP8E4M3/Var0p5/xor_delta               ratio=0.0364  c=   0.99s  elapsed=5864s
[235/294]  FP8E5M2/Var0p01/xor_delta               ratio=0.0340  c=   0.99s  elapsed=5867s
[236/294]  FP8E5M2/Var0p025/xor_delta               ratio=0.0341  c=   0.97s  elapsed=5870s
[237/294]  FP8E5M2/Var0p05/xor_delta               ratio=0.0341  c=   0.97s  elapsed=5873s
[238/294]  FP8E5M2/Var0p1/xor_delta               ratio=0.0341  c=   0.97s  elapsed=5874s
[239/294]  MXFP4E2M1/Var0p01/xor_delta               ratio=0.0474  c=   0.75s  elapsed=5874s
[240/294]  FP8E5M2/Var0p25/xor_delta               ratio=0.0341  c=   0.97s  elapsed=5875s
[241/294]  FP8E5M2/Var0p5/xor_delta               ratio=0.0341  c=   0.97s  elapsed=5878s
[242/294]  MXFP4E2M1/Var0p025/xor_delta               ratio=0.0479  c=   0.70s  elapsed=5878s
[243/294]  MXFP4E2M1/Var0p05/xor_delta               ratio=0.0464  c=   0.69s  elapsed=5882s
[244/294]  MXFP4E2M1/Var0p1/xor_delta               ratio=0.0479  c=   0.70s  elapsed=5883s
[245/294]  MXFP4E2M1/Var0p25/xor_delta               ratio=0.0462  c=   0.73s  elapsed=5884s
[246/294]  MXFP4E2M1/Var0p5/xor_delta               ratio=0.0482  c=   0.72s  elapsed=5885s
[247/294]  NVFP4E2M1/Var0p01/xor_delta               ratio=0.0533  c=   0.84s  elapsed=5885s
[248/294]  NVFP4E2M1/Var0p025/xor_delta               ratio=0.0533  c=   0.80s  elapsed=5885s
[249/294]  NVFP4E2M1/Var0p05/xor_delta               ratio=0.0533  c=   0.79s  elapsed=5889s
[250/294]  NVFP4E2M1/Var0p1/xor_delta               ratio=0.0533  c=   0.79s  elapsed=5890s
[251/294]  NVFP4E2M1/Var0p25/xor_delta               ratio=0.0533  c=   0.80s  elapsed=5893s
[252/294]  NVFP4E2M1/Var0p5/xor_delta               ratio=0.0533  c=   0.79s  elapsed=5893s
[253/294]  FP32E8M23/Var0p025/gorilla_xor_delta       ratio=0.0251  c=   2.08s  elapsed=5964s
[254/294]  FP32E8M23/Var0p01/gorilla_xor_delta       ratio=0.0251  c=   2.11s  elapsed=5964s
[255/294]  FP32E8M23/Var0p05/gorilla_xor_delta       ratio=0.0250  c=   2.08s  elapsed=5965s
[256/294]  FP32E8M23/Var0p25/gorilla_xor_delta       ratio=0.0250  c=   2.09s  elapsed=5965s
[257/294]  FP32E8M23/Var0p1/gorilla_xor_delta       ratio=0.0250  c=   2.08s  elapsed=5966s
[258/294]  FP32E8M23/Var0p5/gorilla_xor_delta       ratio=0.0250  c=   2.10s  elapsed=5966s
[259/294]  FP16E5M10/Var0p025/gorilla_xor_delta       ratio=0.0307  c=   1.40s  elapsed=5999s
[260/294]  FP16E5M10/Var0p05/gorilla_xor_delta       ratio=0.0306  c=   1.41s  elapsed=6000s
[261/294]  FP16E5M10/Var0p01/gorilla_xor_delta       ratio=0.0308  c=   1.47s  elapsed=6000s
[262/294]  FP16E5M10/Var0p1/gorilla_xor_delta       ratio=0.0307  c=   1.42s  elapsed=6001s
[263/294]  FP16E5M10/Var0p5/gorilla_xor_delta       ratio=0.0306  c=   1.41s  elapsed=6001s
[264/294]  FP16E5M10/Var0p25/gorilla_xor_delta       ratio=0.0306  c=   1.42s  elapsed=6001s
[265/294]  BF16E8M7/Var0p01/gorilla_xor_delta       ratio=0.0260  c=   1.34s  elapsed=6034s
[266/294]  BF16E8M7/Var0p25/gorilla_xor_delta       ratio=0.0257  c=   1.36s  elapsed=6035s
[267/294]  BF16E8M7/Var0p05/gorilla_xor_delta       ratio=0.0258  c=   1.33s  elapsed=6035s
[268/294]  BF16E8M7/Var0p1/gorilla_xor_delta       ratio=0.0258  c=   1.34s  elapsed=6035s
[269/294]  BF16E8M7/Var0p5/gorilla_xor_delta       ratio=0.0257  c=   1.37s  elapsed=6035s
[270/294]  BF16E8M7/Var0p025/gorilla_xor_delta       ratio=0.0260  c=   1.38s  elapsed=6036s
[271/294]  FP8E4M3/Var0p01/gorilla_xor_delta       ratio=0.0444  c=   1.04s  elapsed=6050s
[272/294]  FP8E4M3/Var0p025/gorilla_xor_delta       ratio=0.0445  c=   1.04s  elapsed=6052s
[273/294]  FP8E4M3/Var0p05/gorilla_xor_delta       ratio=0.0445  c=   1.03s  elapsed=6052s
[274/294]  FP8E4M3/Var0p1/gorilla_xor_delta       ratio=0.0445  c=   1.02s  elapsed=6052s
[275/294]  FP8E4M3/Var0p25/gorilla_xor_delta       ratio=0.0445  c=   1.02s  elapsed=6053s
[276/294]  FP8E4M3/Var0p5/gorilla_xor_delta       ratio=0.0445  c=   1.07s  elapsed=6053s
[277/294]  FP8E5M2/Var0p01/gorilla_xor_delta       ratio=0.0409  c=   1.00s  elapsed=6066s
[278/294]  FP8E5M2/Var0p025/gorilla_xor_delta       ratio=0.0410  c=   0.99s  elapsed=6068s
[279/294]  FP8E5M2/Var0p05/gorilla_xor_delta       ratio=0.0410  c=   0.99s  elapsed=6068s
[280/294]  FP8E5M2/Var0p1/gorilla_xor_delta       ratio=0.0410  c=   0.99s  elapsed=6069s
[281/294]  FP8E5M2/Var0p25/gorilla_xor_delta       ratio=0.0410  c=   0.99s  elapsed=6069s
[282/294]  FP8E5M2/Var0p5/gorilla_xor_delta       ratio=0.0410  c=   1.04s  elapsed=6069s
[283/294]  MXFP4E2M1/Var0p01/gorilla_xor_delta       ratio=0.0571  c=   0.72s  elapsed=6074s
[284/294]  MXFP4E2M1/Var0p025/gorilla_xor_delta       ratio=0.0578  c=   0.73s  elapsed=6077s
[285/294]  MXFP4E2M1/Var0p05/gorilla_xor_delta       ratio=0.0558  c=   0.71s  elapsed=6078s
[286/294]  MXFP4E2M1/Var0p1/gorilla_xor_delta       ratio=0.0578  c=   0.72s  elapsed=6078s
[287/294]  MXFP4E2M1/Var0p25/gorilla_xor_delta       ratio=0.0556  c=   0.71s  elapsed=6079s
[288/294]  MXFP4E2M1/Var0p5/gorilla_xor_delta       ratio=0.0581  c=   0.73s  elapsed=6079s
[289/294]  NVFP4E2M1/Var0p01/gorilla_xor_delta       ratio=0.0643  c=   0.83s  elapsed=6084s
[290/294]  NVFP4E2M1/Var0p025/gorilla_xor_delta       ratio=0.0643  c=   0.83s  elapsed=6086s
[291/294]  NVFP4E2M1/Var0p05/gorilla_xor_delta       ratio=0.0643  c=   0.82s  elapsed=6086s
[292/294]  NVFP4E2M1/Var0p1/gorilla_xor_delta       ratio=0.0643  c=   0.82s  elapsed=6087s
[293/294]  NVFP4E2M1/Var0p25/gorilla_xor_delta       ratio=0.0643  c=   0.82s  elapsed=6087s
[294/294]  NVFP4E2M1/Var0p5/gorilla_xor_delta       ratio=0.0643  c=   0.82s  elapsed=6088s

All done.  Wall time: 6087.8s  (101.5 min)
Results → /shared/home/erg966/LosslessModelCompression/compression_results_zstd.jsonl
