Output       : /shared/home/erg966/LosslessModelCompression/compression_results_huffman.jsonl
RESULTS dir  : /shared/home/erg966/LosslessModelCompression/RESULTS_2_10
Chunk size   : 128 MB
Workers      : 6
Algorithms   : ['raw_huffman', 'byte_transpose', 'semantic_sep', 'bitplane', 'gorilla_base', 'xor_delta', 'gorilla_xor_delta']
Codec        : naive Huffman (byte symbols, per-stream tables)
Total trials : 294

  SKIP FP32E8M23/Var0p01/raw_huffman  [[Errno 2] No such file or directory: '/shared/home/erg966/LosslessModelCompression/RESULTS_2_10/FP32E8M23/Var0p01/Base/weights.bin']
  SKIP FP32E8M23/Var0p5/raw_huffman  [[Errno 2] No such file or directory: '/shared/home/erg966/LosslessModelCompression/RESULTS_2_10/FP32E8M23/Var0p5/Base/weights.bin']
  SKIP FP16E5M10/Var0p01/raw_huffman  [[Errno 2] No such file or directory: '/shared/home/erg966/LosslessModelCompression/RESULTS_2_10/FP16E5M10/Var0p01/Base/weights.bin']
  SKIP FP32E8M23/Var0p05/raw_huffman  [[Errno 2] No such file or directory: '/shared/home/erg966/LosslessModelCompression/RESULTS_2_10/FP32E8M23/Var0p05/Base/weights.bin']
  SKIP FP32E8M23/Var0p025/raw_huffman  [[Errno 2] No such file or directory: '/shared/home/erg966/LosslessModelCompression/RESULTS_2_10/FP32E8M23/Var0p025/Base/weights.bin']
  SKIP FP16E5M10/Var0p025/raw_huffman  [[Errno 2] No such file or directory: '/shared/home/erg966/LosslessModelCompression/RESULTS_2_10/FP16E5M10/Var0p025/Base/weights.bin']
  SKIP FP16E5M10/Var0p05/raw_huffman  [[Errno 2] No such file or directory: '/shared/home/erg966/LosslessModelCompression/RESULTS_2_10/FP16E5M10/Var0p05/Base/weights.bin']
  SKIP FP16E5M10/Var0p1/raw_huffman  [[Errno 2] No such file or directory: '/shared/home/erg966/LosslessModelCompression/RESULTS_2_10/FP16E5M10/Var0p1/Base/weights.bin']
  SKIP FP16E5M10/Var0p25/raw_huffman  [[Errno 2] No such file or directory: '/shared/home/erg966/LosslessModelCompression/RESULTS_2_10/FP16E5M10/Var0p25/Base/weights.bin']
  SKIP FP16E5M10/Var0p5/raw_huffman  [[Errno 2] No such file or directory: '/shared/home/erg966/LosslessModelCompression/RESULTS_2_10/FP16E5M10/Var0p5/Base/weights.bin']
  SKIP BF16E8M7/Var0p01/raw_huffman  [[Errno 2] No such file or directory: '/shared/home/erg966/LosslessModelCompression/RESULTS_2_10/BF16E8M7/Var0p01/Base/weights.bin']
  SKIP FP32E8M23/Var0p25/raw_huffman  [[Errno 2] No such file or directory: '/shared/home/erg966/LosslessModelCompression/RESULTS_2_10/FP32E8M23/Var0p25/Base/weights.bin']
  SKIP FP32E8M23/Var0p1/raw_huffman  [[Errno 2] No such file or directory: '/shared/home/erg966/LosslessModelCompression/RESULTS_2_10/FP32E8M23/Var0p1/Base/weights.bin']
  SKIP BF16E8M7/Var0p025/raw_huffman  [[Errno 2] No such file or directory: '/shared/home/erg966/LosslessModelCompression/RESULTS_2_10/BF16E8M7/Var0p025/Base/weights.bin']
  SKIP BF16E8M7/Var0p05/raw_huffman  [[Errno 2] No such file or directory: '/shared/home/erg966/LosslessModelCompression/RESULTS_2_10/BF16E8M7/Var0p05/Base/weights.bin']
  SKIP BF16E8M7/Var0p1/raw_huffman  [[Errno 2] No such file or directory: '/shared/home/erg966/LosslessModelCompression/RESULTS_2_10/BF16E8M7/Var0p1/Base/weights.bin']
  SKIP BF16E8M7/Var0p25/raw_huffman  [[Errno 2] No such file or directory: '/shared/home/erg966/LosslessModelCompression/RESULTS_2_10/BF16E8M7/Var0p25/Base/weights.bin']
  SKIP BF16E8M7/Var0p5/raw_huffman  [[Errno 2] No such file or directory: '/shared/home/erg966/LosslessModelCompression/RESULTS_2_10/BF16E8M7/Var0p5/Base/weights.bin']
  SKIP FP8E4M3/Var0p01/raw_huffman  [[Errno 2] No such file or directory: '/shared/home/erg966/LosslessModelCompression/RESULTS_2_10/FP8E4M3/Var0p01/Base/weights.bin']
  SKIP FP8E4M3/Var0p025/raw_huffman  [[Errno 2] No such file or directory: '/shared/home/erg966/LosslessModelCompression/RESULTS_2_10/FP8E4M3/Var0p025/Base/weights.bin']
  SKIP FP8E4M3/Var0p05/raw_huffman  [[Errno 2] No such file or directory: '/shared/home/erg966/LosslessModelCompression/RESULTS_2_10/FP8E4M3/Var0p05/Base/weights.bin']
  SKIP FP8E4M3/Var0p25/raw_huffman  [[Errno 2] No such file or directory: '/shared/home/erg966/LosslessModelCompression/RESULTS_2_10/FP8E4M3/Var0p25/Base/weights.bin']
  SKIP FP8E4M3/Var0p1/raw_huffman  [[Errno 2] No such file or directory: '/shared/home/erg966/LosslessModelCompression/RESULTS_2_10/FP8E4M3/Var0p1/Base/weights.bin']
  SKIP FP8E4M3/Var0p5/raw_huffman  [[Errno 2] No such file or directory: '/shared/home/erg966/LosslessModelCompression/RESULTS_2_10/FP8E4M3/Var0p5/Base/weights.bin']
  SKIP FP8E5M2/Var0p01/raw_huffman  [[Errno 2] No such file or directory: '/shared/home/erg966/LosslessModelCompression/RESULTS_2_10/FP8E5M2/Var0p01/Base/weights.bin']
  SKIP FP8E5M2/Var0p025/raw_huffman  [[Errno 2] No such file or directory: '/shared/home/erg966/LosslessModelCompression/RESULTS_2_10/FP8E5M2/Var0p025/Base/weights.bin']
  SKIP FP8E5M2/Var0p05/raw_huffman  [[Errno 2] No such file or directory: '/shared/home/erg966/LosslessModelCompression/RESULTS_2_10/FP8E5M2/Var0p05/Base/weights.bin']
  SKIP FP8E5M2/Var0p1/raw_huffman  [[Errno 2] No such file or directory: '/shared/home/erg966/LosslessModelCompression/RESULTS_2_10/FP8E5M2/Var0p1/Base/weights.bin']
  SKIP FP8E5M2/Var0p25/raw_huffman  [[Errno 2] No such file or directory: '/shared/home/erg966/LosslessModelCompression/RESULTS_2_10/FP8E5M2/Var0p25/Base/weights.bin']
  SKIP FP8E5M2/Var0p5/raw_huffman  [[Errno 2] No such file or directory: '/shared/home/erg966/LosslessModelCompression/RESULTS_2_10/FP8E5M2/Var0p5/Base/weights.bin']
  SKIP MXFP4E2M1/Var0p01/raw_huffman  [[Errno 2] No such file or directory: '/shared/home/erg966/LosslessModelCompression/RESULTS_2_10/MXFP4E2M1/Var0p01/Base/weights.bin']
  SKIP MXFP4E2M1/Var0p025/raw_huffman  [[Errno 2] No such file or directory: '/shared/home/erg966/LosslessModelCompression/RESULTS_2_10/MXFP4E2M1/Var0p025/Base/weights.bin']
  SKIP MXFP4E2M1/Var0p05/raw_huffman  [[Errno 2] No such file or directory: '/shared/home/erg966/LosslessModelCompression/RESULTS_2_10/MXFP4E2M1/Var0p05/Base/weights.bin']
  SKIP MXFP4E2M1/Var0p1/raw_huffman  [[Errno 2] No such file or directory: '/shared/home/erg966/LosslessModelCompression/RESULTS_2_10/MXFP4E2M1/Var0p1/Base/weights.bin']
  SKIP MXFP4E2M1/Var0p25/raw_huffman  [[Errno 2] No such file or directory: '/shared/home/erg966/LosslessModelCompression/RESULTS_2_10/MXFP4E2M1/Var0p25/Base/weights.bin']
  SKIP MXFP4E2M1/Var0p5/raw_huffman  [[Errno 2] No such file or directory: '/shared/home/erg966/LosslessModelCompression/RESULTS_2_10/MXFP4E2M1/Var0p5/Base/weights.bin']
  SKIP NVFP4E2M1/Var0p01/raw_huffman  [[Errno 2] No such file or directory: '/shared/home/erg966/LosslessModelCompression/RESULTS_2_10/NVFP4E2M1/Var0p01/Base/weights.bin']
  SKIP NVFP4E2M1/Var0p025/raw_huffman  [[Errno 2] No such file or directory: '/shared/home/erg966/LosslessModelCompression/RESULTS_2_10/NVFP4E2M1/Var0p025/Base/weights.bin']
  SKIP NVFP4E2M1/Var0p05/raw_huffman  [[Errno 2] No such file or directory: '/shared/home/erg966/LosslessModelCompression/RESULTS_2_10/NVFP4E2M1/Var0p05/Base/weights.bin']
  SKIP NVFP4E2M1/Var0p1/raw_huffman  [[Errno 2] No such file or directory: '/shared/home/erg966/LosslessModelCompression/RESULTS_2_10/NVFP4E2M1/Var0p1/Base/weights.bin']
  SKIP NVFP4E2M1/Var0p25/raw_huffman  [[Errno 2] No such file or directory: '/shared/home/erg966/LosslessModelCompression/RESULTS_2_10/NVFP4E2M1/Var0p25/Base/weights.bin']
  SKIP NVFP4E2M1/Var0p5/raw_huffman  [[Errno 2] No such file or directory: '/shared/home/erg966/LosslessModelCompression/RESULTS_2_10/NVFP4E2M1/Var0p5/Base/weights.bin']
  SKIP FP32E8M23/Var0p01/byte_transpose  [[Errno 2] No such file or directory: '/shared/home/erg966/LosslessModelCompression/RESULTS_2_10/FP32E8M23/Var0p01/Base/weights.bin']
  SKIP FP32E8M23/Var0p025/byte_transpose  [[Errno 2] No such file or directory: '/shared/home/erg966/LosslessModelCompression/RESULTS_2_10/FP32E8M23/Var0p025/Base/weights.bin']
  SKIP FP32E8M23/Var0p05/byte_transpose  [[Errno 2] No such file or directory: '/shared/home/erg966/LosslessModelCompression/RESULTS_2_10/FP32E8M23/Var0p05/Base/weights.bin']
  SKIP FP32E8M23/Var0p1/byte_transpose  [[Errno 2] No such file or directory: '/shared/home/erg966/LosslessModelCompression/RESULTS_2_10/FP32E8M23/Var0p1/Base/weights.bin']
  SKIP FP32E8M23/Var0p25/byte_transpose  [[Errno 2] No such file or directory: '/shared/home/erg966/LosslessModelCompression/RESULTS_2_10/FP32E8M23/Var0p25/Base/weights.bin']
  SKIP FP32E8M23/Var0p5/byte_transpose  [[Errno 2] No such file or directory: '/shared/home/erg966/LosslessModelCompression/RESULTS_2_10/FP32E8M23/Var0p5/Base/weights.bin']
  SKIP FP16E5M10/Var0p01/byte_transpose  [[Errno 2] No such file or directory: '/shared/home/erg966/LosslessModelCompression/RESULTS_2_10/FP16E5M10/Var0p01/Base/weights.bin']
  SKIP FP16E5M10/Var0p025/byte_transpose  [[Errno 2] No such file or directory: '/shared/home/erg966/LosslessModelCompression/RESULTS_2_10/FP16E5M10/Var0p025/Base/weights.bin']
  SKIP FP16E5M10/Var0p05/byte_transpose  [[Errno 2] No such file or directory: '/shared/home/erg966/LosslessModelCompression/RESULTS_2_10/FP16E5M10/Var0p05/Base/weights.bin']
  SKIP FP16E5M10/Var0p1/byte_transpose  [[Errno 2] No such file or directory: '/shared/home/erg966/LosslessModelCompression/RESULTS_2_10/FP16E5M10/Var0p1/Base/weights.bin']
  SKIP FP16E5M10/Var0p25/byte_transpose  [[Errno 2] No such file or directory: '/shared/home/erg966/LosslessModelCompression/RESULTS_2_10/FP16E5M10/Var0p25/Base/weights.bin']
  SKIP FP16E5M10/Var0p5/byte_transpose  [[Errno 2] No such file or directory: '/shared/home/erg966/LosslessModelCompression/RESULTS_2_10/FP16E5M10/Var0p5/Base/weights.bin']
  SKIP BF16E8M7/Var0p01/byte_transpose  [[Errno 2] No such file or directory: '/shared/home/erg966/LosslessModelCompression/RESULTS_2_10/BF16E8M7/Var0p01/Base/weights.bin']
  SKIP BF16E8M7/Var0p025/byte_transpose  [[Errno 2] No such file or directory: '/shared/home/erg966/LosslessModelCompression/RESULTS_2_10/BF16E8M7/Var0p025/Base/weights.bin']
  SKIP BF16E8M7/Var0p05/byte_transpose  [[Errno 2] No such file or directory: '/shared/home/erg966/LosslessModelCompression/RESULTS_2_10/BF16E8M7/Var0p05/Base/weights.bin']
  SKIP BF16E8M7/Var0p1/byte_transpose  [[Errno 2] No such file or directory: '/shared/home/erg966/LosslessModelCompression/RESULTS_2_10/BF16E8M7/Var0p1/Base/weights.bin']
  SKIP BF16E8M7/Var0p25/byte_transpose  [[Errno 2] No such file or directory: '/shared/home/erg966/LosslessModelCompression/RESULTS_2_10/BF16E8M7/Var0p25/Base/weights.bin']
  SKIP BF16E8M7/Var0p5/byte_transpose  [[Errno 2] No such file or directory: '/shared/home/erg966/LosslessModelCompression/RESULTS_2_10/BF16E8M7/Var0p5/Base/weights.bin']
  SKIP FP8E4M3/Var0p01/byte_transpose  [[Errno 2] No such file or directory: '/shared/home/erg966/LosslessModelCompression/RESULTS_2_10/FP8E4M3/Var0p01/Base/weights.bin']
  SKIP FP8E4M3/Var0p025/byte_transpose  [[Errno 2] No such file or directory: '/shared/home/erg966/LosslessModelCompression/RESULTS_2_10/FP8E4M3/Var0p025/Base/weights.bin']
  SKIP FP8E4M3/Var0p05/byte_transpose  [[Errno 2] No such file or directory: '/shared/home/erg966/LosslessModelCompression/RESULTS_2_10/FP8E4M3/Var0p05/Base/weights.bin']
  SKIP FP8E4M3/Var0p1/byte_transpose  [[Errno 2] No such file or directory: '/shared/home/erg966/LosslessModelCompression/RESULTS_2_10/FP8E4M3/Var0p1/Base/weights.bin']
  SKIP FP8E4M3/Var0p25/byte_transpose  [[Errno 2] No such file or directory: '/shared/home/erg966/LosslessModelCompression/RESULTS_2_10/FP8E4M3/Var0p25/Base/weights.bin']
  SKIP FP8E4M3/Var0p5/byte_transpose  [[Errno 2] No such file or directory: '/shared/home/erg966/LosslessModelCompression/RESULTS_2_10/FP8E4M3/Var0p5/Base/weights.bin']
  SKIP FP8E5M2/Var0p01/byte_transpose  [[Errno 2] No such file or directory: '/shared/home/erg966/LosslessModelCompression/RESULTS_2_10/FP8E5M2/Var0p01/Base/weights.bin']
  SKIP FP8E5M2/Var0p025/byte_transpose  [[Errno 2] No such file or directory: '/shared/home/erg966/LosslessModelCompression/RESULTS_2_10/FP8E5M2/Var0p025/Base/weights.bin']
  SKIP FP8E5M2/Var0p05/byte_transpose  [[Errno 2] No such file or directory: '/shared/home/erg966/LosslessModelCompression/RESULTS_2_10/FP8E5M2/Var0p05/Base/weights.bin']
  SKIP FP8E5M2/Var0p1/byte_transpose  [[Errno 2] No such file or directory: '/shared/home/erg966/LosslessModelCompression/RESULTS_2_10/FP8E5M2/Var0p1/Base/weights.bin']
  SKIP FP8E5M2/Var0p25/byte_transpose  [[Errno 2] No such file or directory: '/shared/home/erg966/LosslessModelCompression/RESULTS_2_10/FP8E5M2/Var0p25/Base/weights.bin']
  SKIP FP8E5M2/Var0p5/byte_transpose  [[Errno 2] No such file or directory: '/shared/home/erg966/LosslessModelCompression/RESULTS_2_10/FP8E5M2/Var0p5/Base/weights.bin']
  SKIP MXFP4E2M1/Var0p01/byte_transpose  [[Errno 2] No such file or directory: '/shared/home/erg966/LosslessModelCompression/RESULTS_2_10/MXFP4E2M1/Var0p01/Base/weights.bin']
  SKIP MXFP4E2M1/Var0p025/byte_transpose  [[Errno 2] No such file or directory: '/shared/home/erg966/LosslessModelCompression/RESULTS_2_10/MXFP4E2M1/Var0p025/Base/weights.bin']
  SKIP MXFP4E2M1/Var0p05/byte_transpose  [[Errno 2] No such file or directory: '/shared/home/erg966/LosslessModelCompression/RESULTS_2_10/MXFP4E2M1/Var0p05/Base/weights.bin']
  SKIP MXFP4E2M1/Var0p1/byte_transpose  [[Errno 2] No such file or directory: '/shared/home/erg966/LosslessModelCompression/RESULTS_2_10/MXFP4E2M1/Var0p1/Base/weights.bin']
  SKIP MXFP4E2M1/Var0p5/byte_transpose  [[Errno 2] No such file or directory: '/shared/home/erg966/LosslessModelCompression/RESULTS_2_10/MXFP4E2M1/Var0p5/Base/weights.bin']
  SKIP NVFP4E2M1/Var0p01/byte_transpose  [[Errno 2] No such file or directory: '/shared/home/erg966/LosslessModelCompression/RESULTS_2_10/NVFP4E2M1/Var0p01/Base/weights.bin']
  SKIP NVFP4E2M1/Var0p05/byte_transpose  [[Errno 2] No such file or directory: '/shared/home/erg966/LosslessModelCompression/RESULTS_2_10/NVFP4E2M1/Var0p05/Base/weights.bin']
  SKIP NVFP4E2M1/Var0p025/byte_transpose  [[Errno 2] No such file or directory: '/shared/home/erg966/LosslessModelCompression/RESULTS_2_10/NVFP4E2M1/Var0p025/Base/weights.bin']
  SKIP MXFP4E2M1/Var0p25/byte_transpose  [[Errno 2] No such file or directory: '/shared/home/erg966/LosslessModelCompression/RESULTS_2_10/MXFP4E2M1/Var0p25/Base/weights.bin']
  SKIP NVFP4E2M1/Var0p1/byte_transpose  [[Errno 2] No such file or directory: '/shared/home/erg966/LosslessModelCompression/RESULTS_2_10/NVFP4E2M1/Var0p1/Base/weights.bin']
  SKIP NVFP4E2M1/Var0p25/byte_transpose  [[Errno 2] No such file or directory: '/shared/home/erg966/LosslessModelCompression/RESULTS_2_10/NVFP4E2M1/Var0p25/Base/weights.bin']
  SKIP NVFP4E2M1/Var0p5/byte_transpose  [[Errno 2] No such file or directory: '/shared/home/erg966/LosslessModelCompression/RESULTS_2_10/NVFP4E2M1/Var0p5/Base/weights.bin']
  SKIP FP32E8M23/Var0p01/semantic_sep  [[Errno 2] No such file or directory: '/shared/home/erg966/LosslessModelCompression/RESULTS_2_10/FP32E8M23/Var0p01/Base/weights.bin']
  SKIP FP32E8M23/Var0p025/semantic_sep  [[Errno 2] No such file or directory: '/shared/home/erg966/LosslessModelCompression/RESULTS_2_10/FP32E8M23/Var0p025/Base/weights.bin']
  SKIP FP32E8M23/Var0p1/semantic_sep  [[Errno 2] No such file or directory: '/shared/home/erg966/LosslessModelCompression/RESULTS_2_10/FP32E8M23/Var0p1/Base/weights.bin']
  SKIP FP32E8M23/Var0p05/semantic_sep  [[Errno 2] No such file or directory: '/shared/home/erg966/LosslessModelCompression/RESULTS_2_10/FP32E8M23/Var0p05/Base/weights.bin']
  SKIP FP32E8M23/Var0p25/semantic_sep  [[Errno 2] No such file or directory: '/shared/home/erg966/LosslessModelCompression/RESULTS_2_10/FP32E8M23/Var0p25/Base/weights.bin']
  SKIP FP32E8M23/Var0p5/semantic_sep  [[Errno 2] No such file or directory: '/shared/home/erg966/LosslessModelCompression/RESULTS_2_10/FP32E8M23/Var0p5/Base/weights.bin']
  SKIP FP16E5M10/Var0p01/semantic_sep  [[Errno 2] No such file or directory: '/shared/home/erg966/LosslessModelCompression/RESULTS_2_10/FP16E5M10/Var0p01/Base/weights.bin']
  SKIP FP16E5M10/Var0p05/semantic_sep  [[Errno 2] No such file or directory: '/shared/home/erg966/LosslessModelCompression/RESULTS_2_10/FP16E5M10/Var0p05/Base/weights.bin']
  SKIP FP16E5M10/Var0p025/semantic_sep  [[Errno 2] No such file or directory: '/shared/home/erg966/LosslessModelCompression/RESULTS_2_10/FP16E5M10/Var0p025/Base/weights.bin']
  SKIP FP16E5M10/Var0p1/semantic_sep  [[Errno 2] No such file or directory: '/shared/home/erg966/LosslessModelCompression/RESULTS_2_10/FP16E5M10/Var0p1/Base/weights.bin']
  SKIP FP16E5M10/Var0p25/semantic_sep  [[Errno 2] No such file or directory: '/shared/home/erg966/LosslessModelCompression/RESULTS_2_10/FP16E5M10/Var0p25/Base/weights.bin']
  SKIP FP16E5M10/Var0p5/semantic_sep  [[Errno 2] No such file or directory: '/shared/home/erg966/LosslessModelCompression/RESULTS_2_10/FP16E5M10/Var0p5/Base/weights.bin']
  SKIP BF16E8M7/Var0p01/semantic_sep  [[Errno 2] No such file or directory: '/shared/home/erg966/LosslessModelCompression/RESULTS_2_10/BF16E8M7/Var0p01/Base/weights.bin']
  SKIP BF16E8M7/Var0p025/semantic_sep  [[Errno 2] No such file or directory: '/shared/home/erg966/LosslessModelCompression/RESULTS_2_10/BF16E8M7/Var0p025/Base/weights.bin']
  SKIP BF16E8M7/Var0p05/semantic_sep  [[Errno 2] No such file or directory: '/shared/home/erg966/LosslessModelCompression/RESULTS_2_10/BF16E8M7/Var0p05/Base/weights.bin']
  SKIP BF16E8M7/Var0p1/semantic_sep  [[Errno 2] No such file or directory: '/shared/home/erg966/LosslessModelCompression/RESULTS_2_10/BF16E8M7/Var0p1/Base/weights.bin']
  SKIP BF16E8M7/Var0p25/semantic_sep  [[Errno 2] No such file or directory: '/shared/home/erg966/LosslessModelCompression/RESULTS_2_10/BF16E8M7/Var0p25/Base/weights.bin']
  SKIP FP8E4M3/Var0p01/semantic_sep  [[Errno 2] No such file or directory: '/shared/home/erg966/LosslessModelCompression/RESULTS_2_10/FP8E4M3/Var0p01/Base/weights.bin']
  SKIP BF16E8M7/Var0p5/semantic_sep  [[Errno 2] No such file or directory: '/shared/home/erg966/LosslessModelCompression/RESULTS_2_10/BF16E8M7/Var0p5/Base/weights.bin']
  SKIP FP8E4M3/Var0p025/semantic_sep  [[Errno 2] No such file or directory: '/shared/home/erg966/LosslessModelCompression/RESULTS_2_10/FP8E4M3/Var0p025/Base/weights.bin']
  SKIP FP8E4M3/Var0p05/semantic_sep  [[Errno 2] No such file or directory: '/shared/home/erg966/LosslessModelCompression/RESULTS_2_10/FP8E4M3/Var0p05/Base/weights.bin']
  SKIP FP8E4M3/Var0p1/semantic_sep  [[Errno 2] No such file or directory: '/shared/home/erg966/LosslessModelCompression/RESULTS_2_10/FP8E4M3/Var0p1/Base/weights.bin']
  SKIP FP8E4M3/Var0p25/semantic_sep  [[Errno 2] No such file or directory: '/shared/home/erg966/LosslessModelCompression/RESULTS_2_10/FP8E4M3/Var0p25/Base/weights.bin']
  SKIP FP8E4M3/Var0p5/semantic_sep  [[Errno 2] No such file or directory: '/shared/home/erg966/LosslessModelCompression/RESULTS_2_10/FP8E4M3/Var0p5/Base/weights.bin']
  SKIP FP8E5M2/Var0p01/semantic_sep  [[Errno 2] No such file or directory: '/shared/home/erg966/LosslessModelCompression/RESULTS_2_10/FP8E5M2/Var0p01/Base/weights.bin']
  SKIP FP8E5M2/Var0p025/semantic_sep  [[Errno 2] No such file or directory: '/shared/home/erg966/LosslessModelCompression/RESULTS_2_10/FP8E5M2/Var0p025/Base/weights.bin']
  SKIP FP8E5M2/Var0p25/semantic_sep  [[Errno 2] No such file or directory: '/shared/home/erg966/LosslessModelCompression/RESULTS_2_10/FP8E5M2/Var0p25/Base/weights.bin']
  SKIP FP8E5M2/Var0p1/semantic_sep  [[Errno 2] No such file or directory: '/shared/home/erg966/LosslessModelCompression/RESULTS_2_10/FP8E5M2/Var0p1/Base/weights.bin']
  SKIP FP8E5M2/Var0p05/semantic_sep  [[Errno 2] No such file or directory: '/shared/home/erg966/LosslessModelCompression/RESULTS_2_10/FP8E5M2/Var0p05/Base/weights.bin']
  SKIP FP8E5M2/Var0p5/semantic_sep  [[Errno 2] No such file or directory: '/shared/home/erg966/LosslessModelCompression/RESULTS_2_10/FP8E5M2/Var0p5/Base/weights.bin']
  SKIP MXFP4E2M1/Var0p01/semantic_sep  [[Errno 2] No such file or directory: '/shared/home/erg966/LosslessModelCompression/RESULTS_2_10/MXFP4E2M1/Var0p01/Base/weights.bin']
  SKIP MXFP4E2M1/Var0p05/semantic_sep  [[Errno 2] No such file or directory: '/shared/home/erg966/LosslessModelCompression/RESULTS_2_10/MXFP4E2M1/Var0p05/Base/weights.bin']
  SKIP MXFP4E2M1/Var0p025/semantic_sep  [[Errno 2] No such file or directory: '/shared/home/erg966/LosslessModelCompression/RESULTS_2_10/MXFP4E2M1/Var0p025/Base/weights.bin']
  SKIP MXFP4E2M1/Var0p1/semantic_sep  [[Errno 2] No such file or directory: '/shared/home/erg966/LosslessModelCompression/RESULTS_2_10/MXFP4E2M1/Var0p1/Base/weights.bin']
  SKIP MXFP4E2M1/Var0p25/semantic_sep  [[Errno 2] No such file or directory: '/shared/home/erg966/LosslessModelCompression/RESULTS_2_10/MXFP4E2M1/Var0p25/Base/weights.bin']
  SKIP MXFP4E2M1/Var0p5/semantic_sep  [[Errno 2] No such file or directory: '/shared/home/erg966/LosslessModelCompression/RESULTS_2_10/MXFP4E2M1/Var0p5/Base/weights.bin']
  SKIP NVFP4E2M1/Var0p01/semantic_sep  [[Errno 2] No such file or directory: '/shared/home/erg966/LosslessModelCompression/RESULTS_2_10/NVFP4E2M1/Var0p01/Base/weights.bin']
  SKIP NVFP4E2M1/Var0p025/semantic_sep  [[Errno 2] No such file or directory: '/shared/home/erg966/LosslessModelCompression/RESULTS_2_10/NVFP4E2M1/Var0p025/Base/weights.bin']
  SKIP NVFP4E2M1/Var0p05/semantic_sep  [[Errno 2] No such file or directory: '/shared/home/erg966/LosslessModelCompression/RESULTS_2_10/NVFP4E2M1/Var0p05/Base/weights.bin']
  SKIP NVFP4E2M1/Var0p1/semantic_sep  [[Errno 2] No such file or directory: '/shared/home/erg966/LosslessModelCompression/RESULTS_2_10/NVFP4E2M1/Var0p1/Base/weights.bin']
  SKIP NVFP4E2M1/Var0p5/semantic_sep  [[Errno 2] No such file or directory: '/shared/home/erg966/LosslessModelCompression/RESULTS_2_10/NVFP4E2M1/Var0p5/Base/weights.bin']
  SKIP NVFP4E2M1/Var0p25/semantic_sep  [[Errno 2] No such file or directory: '/shared/home/erg966/LosslessModelCompression/RESULTS_2_10/NVFP4E2M1/Var0p25/Base/weights.bin']
  SKIP FP32E8M23/Var0p01/bitplane  [[Errno 2] No such file or directory: '/shared/home/erg966/LosslessModelCompression/RESULTS_2_10/FP32E8M23/Var0p01/Base/weights.bin']
  SKIP FP32E8M23/Var0p025/bitplane  [[Errno 2] No such file or directory: '/shared/home/erg966/LosslessModelCompression/RESULTS_2_10/FP32E8M23/Var0p025/Base/weights.bin']
  SKIP FP32E8M23/Var0p05/bitplane  [[Errno 2] No such file or directory: '/shared/home/erg966/LosslessModelCompression/RESULTS_2_10/FP32E8M23/Var0p05/Base/weights.bin']
  SKIP FP32E8M23/Var0p25/bitplane  [[Errno 2] No such file or directory: '/shared/home/erg966/LosslessModelCompression/RESULTS_2_10/FP32E8M23/Var0p25/Base/weights.bin']
  SKIP FP32E8M23/Var0p1/bitplane  [[Errno 2] No such file or directory: '/shared/home/erg966/LosslessModelCompression/RESULTS_2_10/FP32E8M23/Var0p1/Base/weights.bin']
  SKIP FP32E8M23/Var0p5/bitplane  [[Errno 2] No such file or directory: '/shared/home/erg966/LosslessModelCompression/RESULTS_2_10/FP32E8M23/Var0p5/Base/weights.bin']
  SKIP FP16E5M10/Var0p01/bitplane  [[Errno 2] No such file or directory: '/shared/home/erg966/LosslessModelCompression/RESULTS_2_10/FP16E5M10/Var0p01/Base/weights.bin']
  SKIP FP16E5M10/Var0p025/bitplane  [[Errno 2] No such file or directory: '/shared/home/erg966/LosslessModelCompression/RESULTS_2_10/FP16E5M10/Var0p025/Base/weights.bin']
  SKIP FP16E5M10/Var0p05/bitplane  [[Errno 2] No such file or directory: '/shared/home/erg966/LosslessModelCompression/RESULTS_2_10/FP16E5M10/Var0p05/Base/weights.bin']
  SKIP FP16E5M10/Var0p1/bitplane  [[Errno 2] No such file or directory: '/shared/home/erg966/LosslessModelCompression/RESULTS_2_10/FP16E5M10/Var0p1/Base/weights.bin']
  SKIP FP16E5M10/Var0p25/bitplane  [[Errno 2] No such file or directory: '/shared/home/erg966/LosslessModelCompression/RESULTS_2_10/FP16E5M10/Var0p25/Base/weights.bin']
  SKIP FP16E5M10/Var0p5/bitplane  [[Errno 2] No such file or directory: '/shared/home/erg966/LosslessModelCompression/RESULTS_2_10/FP16E5M10/Var0p5/Base/weights.bin']
  SKIP BF16E8M7/Var0p01/bitplane  [[Errno 2] No such file or directory: '/shared/home/erg966/LosslessModelCompression/RESULTS_2_10/BF16E8M7/Var0p01/Base/weights.bin']
  SKIP BF16E8M7/Var0p05/bitplane  [[Errno 2] No such file or directory: '/shared/home/erg966/LosslessModelCompression/RESULTS_2_10/BF16E8M7/Var0p05/Base/weights.bin']
  SKIP BF16E8M7/Var0p025/bitplane  [[Errno 2] No such file or directory: '/shared/home/erg966/LosslessModelCompression/RESULTS_2_10/BF16E8M7/Var0p025/Base/weights.bin']
  SKIP BF16E8M7/Var0p1/bitplane  [[Errno 2] No such file or directory: '/shared/home/erg966/LosslessModelCompression/RESULTS_2_10/BF16E8M7/Var0p1/Base/weights.bin']
  SKIP BF16E8M7/Var0p25/bitplane  [[Errno 2] No such file or directory: '/shared/home/erg966/LosslessModelCompression/RESULTS_2_10/BF16E8M7/Var0p25/Base/weights.bin']
  SKIP BF16E8M7/Var0p5/bitplane  [[Errno 2] No such file or directory: '/shared/home/erg966/LosslessModelCompression/RESULTS_2_10/BF16E8M7/Var0p5/Base/weights.bin']
  SKIP FP8E4M3/Var0p01/bitplane  [[Errno 2] No such file or directory: '/shared/home/erg966/LosslessModelCompression/RESULTS_2_10/FP8E4M3/Var0p01/Base/weights.bin']
  SKIP FP8E4M3/Var0p025/bitplane  [[Errno 2] No such file or directory: '/shared/home/erg966/LosslessModelCompression/RESULTS_2_10/FP8E4M3/Var0p025/Base/weights.bin']
  SKIP FP8E4M3/Var0p05/bitplane  [[Errno 2] No such file or directory: '/shared/home/erg966/LosslessModelCompression/RESULTS_2_10/FP8E4M3/Var0p05/Base/weights.bin']
  SKIP FP8E4M3/Var0p1/bitplane  [[Errno 2] No such file or directory: '/shared/home/erg966/LosslessModelCompression/RESULTS_2_10/FP8E4M3/Var0p1/Base/weights.bin']
  SKIP FP8E4M3/Var0p25/bitplane  [[Errno 2] No such file or directory: '/shared/home/erg966/LosslessModelCompression/RESULTS_2_10/FP8E4M3/Var0p25/Base/weights.bin']
  SKIP FP8E4M3/Var0p5/bitplane  [[Errno 2] No such file or directory: '/shared/home/erg966/LosslessModelCompression/RESULTS_2_10/FP8E4M3/Var0p5/Base/weights.bin']
  SKIP FP8E5M2/Var0p01/bitplane  [[Errno 2] No such file or directory: '/shared/home/erg966/LosslessModelCompression/RESULTS_2_10/FP8E5M2/Var0p01/Base/weights.bin']
  SKIP FP8E5M2/Var0p025/bitplane  [[Errno 2] No such file or directory: '/shared/home/erg966/LosslessModelCompression/RESULTS_2_10/FP8E5M2/Var0p025/Base/weights.bin']
  SKIP FP8E5M2/Var0p05/bitplane  [[Errno 2] No such file or directory: '/shared/home/erg966/LosslessModelCompression/RESULTS_2_10/FP8E5M2/Var0p05/Base/weights.bin']
  SKIP FP8E5M2/Var0p1/bitplane  [[Errno 2] No such file or directory: '/shared/home/erg966/LosslessModelCompression/RESULTS_2_10/FP8E5M2/Var0p1/Base/weights.bin']
  SKIP FP8E5M2/Var0p25/bitplane  [[Errno 2] No such file or directory: '/shared/home/erg966/LosslessModelCompression/RESULTS_2_10/FP8E5M2/Var0p25/Base/weights.bin']
  SKIP FP8E5M2/Var0p5/bitplane  [[Errno 2] No such file or directory: '/shared/home/erg966/LosslessModelCompression/RESULTS_2_10/FP8E5M2/Var0p5/Base/weights.bin']
  SKIP MXFP4E2M1/Var0p01/bitplane  [[Errno 2] No such file or directory: '/shared/home/erg966/LosslessModelCompression/RESULTS_2_10/MXFP4E2M1/Var0p01/Base/weights.bin']
  SKIP MXFP4E2M1/Var0p025/bitplane  [[Errno 2] No such file or directory: '/shared/home/erg966/LosslessModelCompression/RESULTS_2_10/MXFP4E2M1/Var0p025/Base/weights.bin']
  SKIP MXFP4E2M1/Var0p05/bitplane  [[Errno 2] No such file or directory: '/shared/home/erg966/LosslessModelCompression/RESULTS_2_10/MXFP4E2M1/Var0p05/Base/weights.bin']
  SKIP MXFP4E2M1/Var0p1/bitplane  [[Errno 2] No such file or directory: '/shared/home/erg966/LosslessModelCompression/RESULTS_2_10/MXFP4E2M1/Var0p1/Base/weights.bin']
  SKIP MXFP4E2M1/Var0p25/bitplane  [[Errno 2] No such file or directory: '/shared/home/erg966/LosslessModelCompression/RESULTS_2_10/MXFP4E2M1/Var0p25/Base/weights.bin']
  SKIP MXFP4E2M1/Var0p5/bitplane  [[Errno 2] No such file or directory: '/shared/home/erg966/LosslessModelCompression/RESULTS_2_10/MXFP4E2M1/Var0p5/Base/weights.bin']
  SKIP NVFP4E2M1/Var0p01/bitplane  [[Errno 2] No such file or directory: '/shared/home/erg966/LosslessModelCompression/RESULTS_2_10/NVFP4E2M1/Var0p01/Base/weights.bin']
  SKIP NVFP4E2M1/Var0p025/bitplane  [[Errno 2] No such file or directory: '/shared/home/erg966/LosslessModelCompression/RESULTS_2_10/NVFP4E2M1/Var0p025/Base/weights.bin']
  SKIP NVFP4E2M1/Var0p05/bitplane  [[Errno 2] No such file or directory: '/shared/home/erg966/LosslessModelCompression/RESULTS_2_10/NVFP4E2M1/Var0p05/Base/weights.bin']
  SKIP NVFP4E2M1/Var0p1/bitplane  [[Errno 2] No such file or directory: '/shared/home/erg966/LosslessModelCompression/RESULTS_2_10/NVFP4E2M1/Var0p1/Base/weights.bin']
  SKIP NVFP4E2M1/Var0p25/bitplane  [[Errno 2] No such file or directory: '/shared/home/erg966/LosslessModelCompression/RESULTS_2_10/NVFP4E2M1/Var0p25/Base/weights.bin']
  SKIP NVFP4E2M1/Var0p5/bitplane  [[Errno 2] No such file or directory: '/shared/home/erg966/LosslessModelCompression/RESULTS_2_10/NVFP4E2M1/Var0p5/Base/weights.bin']
  SKIP FP32E8M23/Var0p01/gorilla_base  [[Errno 2] No such file or directory: '/shared/home/erg966/LosslessModelCompression/RESULTS_2_10/FP32E8M23/Var0p01/Base/weights.bin']
  SKIP FP32E8M23/Var0p025/gorilla_base  [[Errno 2] No such file or directory: '/shared/home/erg966/LosslessModelCompression/RESULTS_2_10/FP32E8M23/Var0p025/Base/weights.bin']
  SKIP FP32E8M23/Var0p05/gorilla_base  [[Errno 2] No such file or directory: '/shared/home/erg966/LosslessModelCompression/RESULTS_2_10/FP32E8M23/Var0p05/Base/weights.bin']
  SKIP FP32E8M23/Var0p1/gorilla_base  [[Errno 2] No such file or directory: '/shared/home/erg966/LosslessModelCompression/RESULTS_2_10/FP32E8M23/Var0p1/Base/weights.bin']
  SKIP FP32E8M23/Var0p25/gorilla_base  [[Errno 2] No such file or directory: '/shared/home/erg966/LosslessModelCompression/RESULTS_2_10/FP32E8M23/Var0p25/Base/weights.bin']
  SKIP FP16E5M10/Var0p01/gorilla_base  [[Errno 2] No such file or directory: '/shared/home/erg966/LosslessModelCompression/RESULTS_2_10/FP16E5M10/Var0p01/Base/weights.bin']
  SKIP FP32E8M23/Var0p5/gorilla_base  [[Errno 2] No such file or directory: '/shared/home/erg966/LosslessModelCompression/RESULTS_2_10/FP32E8M23/Var0p5/Base/weights.bin']
  SKIP FP16E5M10/Var0p025/gorilla_base  [[Errno 2] No such file or directory: '/shared/home/erg966/LosslessModelCompression/RESULTS_2_10/FP16E5M10/Var0p025/Base/weights.bin']
  SKIP FP16E5M10/Var0p05/gorilla_base  [[Errno 2] No such file or directory: '/shared/home/erg966/LosslessModelCompression/RESULTS_2_10/FP16E5M10/Var0p05/Base/weights.bin']
  SKIP FP16E5M10/Var0p1/gorilla_base  [[Errno 2] No such file or directory: '/shared/home/erg966/LosslessModelCompression/RESULTS_2_10/FP16E5M10/Var0p1/Base/weights.bin']
  SKIP FP16E5M10/Var0p25/gorilla_base  [[Errno 2] No such file or directory: '/shared/home/erg966/LosslessModelCompression/RESULTS_2_10/FP16E5M10/Var0p25/Base/weights.bin']
  SKIP FP16E5M10/Var0p5/gorilla_base  [[Errno 2] No such file or directory: '/shared/home/erg966/LosslessModelCompression/RESULTS_2_10/FP16E5M10/Var0p5/Base/weights.bin']
  SKIP BF16E8M7/Var0p01/gorilla_base  [[Errno 2] No such file or directory: '/shared/home/erg966/LosslessModelCompression/RESULTS_2_10/BF16E8M7/Var0p01/Base/weights.bin']
  SKIP BF16E8M7/Var0p025/gorilla_base  [[Errno 2] No such file or directory: '/shared/home/erg966/LosslessModelCompression/RESULTS_2_10/BF16E8M7/Var0p025/Base/weights.bin']
  SKIP BF16E8M7/Var0p05/gorilla_base  [[Errno 2] No such file or directory: '/shared/home/erg966/LosslessModelCompression/RESULTS_2_10/BF16E8M7/Var0p05/Base/weights.bin']
  SKIP BF16E8M7/Var0p1/gorilla_base  [[Errno 2] No such file or directory: '/shared/home/erg966/LosslessModelCompression/RESULTS_2_10/BF16E8M7/Var0p1/Base/weights.bin']
  SKIP BF16E8M7/Var0p25/gorilla_base  [[Errno 2] No such file or directory: '/shared/home/erg966/LosslessModelCompression/RESULTS_2_10/BF16E8M7/Var0p25/Base/weights.bin']
  SKIP BF16E8M7/Var0p5/gorilla_base  [[Errno 2] No such file or directory: '/shared/home/erg966/LosslessModelCompression/RESULTS_2_10/BF16E8M7/Var0p5/Base/weights.bin']
  SKIP FP8E4M3/Var0p01/gorilla_base  [[Errno 2] No such file or directory: '/shared/home/erg966/LosslessModelCompression/RESULTS_2_10/FP8E4M3/Var0p01/Base/weights.bin']
  SKIP FP8E4M3/Var0p025/gorilla_base  [[Errno 2] No such file or directory: '/shared/home/erg966/LosslessModelCompression/RESULTS_2_10/FP8E4M3/Var0p025/Base/weights.bin']
  SKIP FP8E4M3/Var0p05/gorilla_base  [[Errno 2] No such file or directory: '/shared/home/erg966/LosslessModelCompression/RESULTS_2_10/FP8E4M3/Var0p05/Base/weights.bin']
  SKIP FP8E4M3/Var0p1/gorilla_base  [[Errno 2] No such file or directory: '/shared/home/erg966/LosslessModelCompression/RESULTS_2_10/FP8E4M3/Var0p1/Base/weights.bin']
  SKIP FP8E4M3/Var0p25/gorilla_base  [[Errno 2] No such file or directory: '/shared/home/erg966/LosslessModelCompression/RESULTS_2_10/FP8E4M3/Var0p25/Base/weights.bin']
  SKIP FP8E4M3/Var0p5/gorilla_base  [[Errno 2] No such file or directory: '/shared/home/erg966/LosslessModelCompression/RESULTS_2_10/FP8E4M3/Var0p5/Base/weights.bin']
  SKIP FP8E5M2/Var0p05/gorilla_base  [[Errno 2] No such file or directory: '/shared/home/erg966/LosslessModelCompression/RESULTS_2_10/FP8E5M2/Var0p05/Base/weights.bin']
  SKIP FP8E5M2/Var0p025/gorilla_base  [[Errno 2] No such file or directory: '/shared/home/erg966/LosslessModelCompression/RESULTS_2_10/FP8E5M2/Var0p025/Base/weights.bin']
  SKIP FP8E5M2/Var0p01/gorilla_base  [[Errno 2] No such file or directory: '/shared/home/erg966/LosslessModelCompression/RESULTS_2_10/FP8E5M2/Var0p01/Base/weights.bin']
  SKIP FP8E5M2/Var0p1/gorilla_base  [[Errno 2] No such file or directory: '/shared/home/erg966/LosslessModelCompression/RESULTS_2_10/FP8E5M2/Var0p1/Base/weights.bin']
  SKIP FP8E5M2/Var0p25/gorilla_base  [[Errno 2] No such file or directory: '/shared/home/erg966/LosslessModelCompression/RESULTS_2_10/FP8E5M2/Var0p25/Base/weights.bin']
  SKIP FP8E5M2/Var0p5/gorilla_base  [[Errno 2] No such file or directory: '/shared/home/erg966/LosslessModelCompression/RESULTS_2_10/FP8E5M2/Var0p5/Base/weights.bin']
  SKIP MXFP4E2M1/Var0p01/gorilla_base  [[Errno 2] No such file or directory: '/shared/home/erg966/LosslessModelCompression/RESULTS_2_10/MXFP4E2M1/Var0p01/Base/weights.bin']
  SKIP MXFP4E2M1/Var0p025/gorilla_base  [[Errno 2] No such file or directory: '/shared/home/erg966/LosslessModelCompression/RESULTS_2_10/MXFP4E2M1/Var0p025/Base/weights.bin']
  SKIP MXFP4E2M1/Var0p1/gorilla_base  [[Errno 2] No such file or directory: '/shared/home/erg966/LosslessModelCompression/RESULTS_2_10/MXFP4E2M1/Var0p1/Base/weights.bin']
  SKIP MXFP4E2M1/Var0p05/gorilla_base  [[Errno 2] No such file or directory: '/shared/home/erg966/LosslessModelCompression/RESULTS_2_10/MXFP4E2M1/Var0p05/Base/weights.bin']
  SKIP MXFP4E2M1/Var0p25/gorilla_base  [[Errno 2] No such file or directory: '/shared/home/erg966/LosslessModelCompression/RESULTS_2_10/MXFP4E2M1/Var0p25/Base/weights.bin']
  SKIP MXFP4E2M1/Var0p5/gorilla_base  [[Errno 2] No such file or directory: '/shared/home/erg966/LosslessModelCompression/RESULTS_2_10/MXFP4E2M1/Var0p5/Base/weights.bin']
  SKIP NVFP4E2M1/Var0p01/gorilla_base  [[Errno 2] No such file or directory: '/shared/home/erg966/LosslessModelCompression/RESULTS_2_10/NVFP4E2M1/Var0p01/Base/weights.bin']
  SKIP NVFP4E2M1/Var0p025/gorilla_base  [[Errno 2] No such file or directory: '/shared/home/erg966/LosslessModelCompression/RESULTS_2_10/NVFP4E2M1/Var0p025/Base/weights.bin']
  SKIP NVFP4E2M1/Var0p1/gorilla_base  [[Errno 2] No such file or directory: '/shared/home/erg966/LosslessModelCompression/RESULTS_2_10/NVFP4E2M1/Var0p1/Base/weights.bin']
  SKIP NVFP4E2M1/Var0p05/gorilla_base  [[Errno 2] No such file or directory: '/shared/home/erg966/LosslessModelCompression/RESULTS_2_10/NVFP4E2M1/Var0p05/Base/weights.bin']
  SKIP NVFP4E2M1/Var0p25/gorilla_base  [[Errno 2] No such file or directory: '/shared/home/erg966/LosslessModelCompression/RESULTS_2_10/NVFP4E2M1/Var0p25/Base/weights.bin']
  SKIP FP32E8M23/Var0p01/xor_delta  [[Errno 2] No such file or directory: '/shared/home/erg966/LosslessModelCompression/RESULTS_2_10/FP32E8M23/Var0p01/Base/weights.bin']
  SKIP NVFP4E2M1/Var0p5/gorilla_base  [[Errno 2] No such file or directory: '/shared/home/erg966/LosslessModelCompression/RESULTS_2_10/NVFP4E2M1/Var0p5/Base/weights.bin']
  SKIP FP32E8M23/Var0p025/xor_delta  [[Errno 2] No such file or directory: '/shared/home/erg966/LosslessModelCompression/RESULTS_2_10/FP32E8M23/Var0p025/Base/weights.bin']
  SKIP FP32E8M23/Var0p05/xor_delta  [[Errno 2] No such file or directory: '/shared/home/erg966/LosslessModelCompression/RESULTS_2_10/FP32E8M23/Var0p05/Base/weights.bin']
  SKIP FP32E8M23/Var0p1/xor_delta  [[Errno 2] No such file or directory: '/shared/home/erg966/LosslessModelCompression/RESULTS_2_10/FP32E8M23/Var0p1/Base/weights.bin']
  SKIP FP32E8M23/Var0p25/xor_delta  [[Errno 2] No such file or directory: '/shared/home/erg966/LosslessModelCompression/RESULTS_2_10/FP32E8M23/Var0p25/Base/weights.bin']
  SKIP FP32E8M23/Var0p5/xor_delta  [[Errno 2] No such file or directory: '/shared/home/erg966/LosslessModelCompression/RESULTS_2_10/FP32E8M23/Var0p5/Base/weights.bin']
  SKIP FP16E5M10/Var0p01/xor_delta  [[Errno 2] No such file or directory: '/shared/home/erg966/LosslessModelCompression/RESULTS_2_10/FP16E5M10/Var0p01/Base/weights.bin']
  SKIP FP16E5M10/Var0p025/xor_delta  [[Errno 2] No such file or directory: '/shared/home/erg966/LosslessModelCompression/RESULTS_2_10/FP16E5M10/Var0p025/Base/weights.bin']
  SKIP FP16E5M10/Var0p05/xor_delta  [[Errno 2] No such file or directory: '/shared/home/erg966/LosslessModelCompression/RESULTS_2_10/FP16E5M10/Var0p05/Base/weights.bin']
  SKIP FP16E5M10/Var0p1/xor_delta  [[Errno 2] No such file or directory: '/shared/home/erg966/LosslessModelCompression/RESULTS_2_10/FP16E5M10/Var0p1/Base/weights.bin']
  SKIP FP16E5M10/Var0p25/xor_delta  [[Errno 2] No such file or directory: '/shared/home/erg966/LosslessModelCompression/RESULTS_2_10/FP16E5M10/Var0p25/Base/weights.bin']
  SKIP FP16E5M10/Var0p5/xor_delta  [[Errno 2] No such file or directory: '/shared/home/erg966/LosslessModelCompression/RESULTS_2_10/FP16E5M10/Var0p5/Base/weights.bin']
  SKIP BF16E8M7/Var0p01/xor_delta  [[Errno 2] No such file or directory: '/shared/home/erg966/LosslessModelCompression/RESULTS_2_10/BF16E8M7/Var0p01/Base/weights.bin']
  SKIP BF16E8M7/Var0p025/xor_delta  [[Errno 2] No such file or directory: '/shared/home/erg966/LosslessModelCompression/RESULTS_2_10/BF16E8M7/Var0p025/Base/weights.bin']
  SKIP BF16E8M7/Var0p05/xor_delta  [[Errno 2] No such file or directory: '/shared/home/erg966/LosslessModelCompression/RESULTS_2_10/BF16E8M7/Var0p05/Base/weights.bin']
  SKIP BF16E8M7/Var0p25/xor_delta  [[Errno 2] No such file or directory: '/shared/home/erg966/LosslessModelCompression/RESULTS_2_10/BF16E8M7/Var0p25/Base/weights.bin']
  SKIP BF16E8M7/Var0p1/xor_delta  [[Errno 2] No such file or directory: '/shared/home/erg966/LosslessModelCompression/RESULTS_2_10/BF16E8M7/Var0p1/Base/weights.bin']
  SKIP BF16E8M7/Var0p5/xor_delta  [[Errno 2] No such file or directory: '/shared/home/erg966/LosslessModelCompression/RESULTS_2_10/BF16E8M7/Var0p5/Base/weights.bin']
  SKIP FP8E4M3/Var0p01/xor_delta  [[Errno 2] No such file or directory: '/shared/home/erg966/LosslessModelCompression/RESULTS_2_10/FP8E4M3/Var0p01/Base/weights.bin']
  SKIP FP8E4M3/Var0p025/xor_delta  [[Errno 2] No such file or directory: '/shared/home/erg966/LosslessModelCompression/RESULTS_2_10/FP8E4M3/Var0p025/Base/weights.bin']
  SKIP FP8E4M3/Var0p05/xor_delta  [[Errno 2] No such file or directory: '/shared/home/erg966/LosslessModelCompression/RESULTS_2_10/FP8E4M3/Var0p05/Base/weights.bin']
  SKIP FP8E4M3/Var0p1/xor_delta  [[Errno 2] No such file or directory: '/shared/home/erg966/LosslessModelCompression/RESULTS_2_10/FP8E4M3/Var0p1/Base/weights.bin']
  SKIP FP8E4M3/Var0p25/xor_delta  [[Errno 2] No such file or directory: '/shared/home/erg966/LosslessModelCompression/RESULTS_2_10/FP8E4M3/Var0p25/Base/weights.bin']
  SKIP FP8E4M3/Var0p5/xor_delta  [[Errno 2] No such file or directory: '/shared/home/erg966/LosslessModelCompression/RESULTS_2_10/FP8E4M3/Var0p5/Base/weights.bin']
  SKIP FP8E5M2/Var0p01/xor_delta  [[Errno 2] No such file or directory: '/shared/home/erg966/LosslessModelCompression/RESULTS_2_10/FP8E5M2/Var0p01/Base/weights.bin']
  SKIP FP8E5M2/Var0p025/xor_delta  [[Errno 2] No such file or directory: '/shared/home/erg966/LosslessModelCompression/RESULTS_2_10/FP8E5M2/Var0p025/Base/weights.bin']
  SKIP FP8E5M2/Var0p05/xor_delta  [[Errno 2] No such file or directory: '/shared/home/erg966/LosslessModelCompression/RESULTS_2_10/FP8E5M2/Var0p05/Base/weights.bin']
  SKIP FP8E5M2/Var0p1/xor_delta  [[Errno 2] No such file or directory: '/shared/home/erg966/LosslessModelCompression/RESULTS_2_10/FP8E5M2/Var0p1/Base/weights.bin']
  SKIP FP8E5M2/Var0p25/xor_delta  [[Errno 2] No such file or directory: '/shared/home/erg966/LosslessModelCompression/RESULTS_2_10/FP8E5M2/Var0p25/Base/weights.bin']
  SKIP FP8E5M2/Var0p5/xor_delta  [[Errno 2] No such file or directory: '/shared/home/erg966/LosslessModelCompression/RESULTS_2_10/FP8E5M2/Var0p5/Base/weights.bin']
  SKIP MXFP4E2M1/Var0p01/xor_delta  [[Errno 2] No such file or directory: '/shared/home/erg966/LosslessModelCompression/RESULTS_2_10/MXFP4E2M1/Var0p01/Base/weights.bin']
  SKIP MXFP4E2M1/Var0p025/xor_delta  [[Errno 2] No such file or directory: '/shared/home/erg966/LosslessModelCompression/RESULTS_2_10/MXFP4E2M1/Var0p025/Base/weights.bin']
  SKIP MXFP4E2M1/Var0p1/xor_delta  [[Errno 2] No such file or directory: '/shared/home/erg966/LosslessModelCompression/RESULTS_2_10/MXFP4E2M1/Var0p1/Base/weights.bin']
  SKIP MXFP4E2M1/Var0p25/xor_delta  [[Errno 2] No such file or directory: '/shared/home/erg966/LosslessModelCompression/RESULTS_2_10/MXFP4E2M1/Var0p25/Base/weights.bin']
  SKIP MXFP4E2M1/Var0p05/xor_delta  [[Errno 2] No such file or directory: '/shared/home/erg966/LosslessModelCompression/RESULTS_2_10/MXFP4E2M1/Var0p05/Base/weights.bin']
  SKIP MXFP4E2M1/Var0p5/xor_delta  [[Errno 2] No such file or directory: '/shared/home/erg966/LosslessModelCompression/RESULTS_2_10/MXFP4E2M1/Var0p5/Base/weights.bin']
  SKIP NVFP4E2M1/Var0p025/xor_delta  [[Errno 2] No such file or directory: '/shared/home/erg966/LosslessModelCompression/RESULTS_2_10/NVFP4E2M1/Var0p025/Base/weights.bin']
  SKIP NVFP4E2M1/Var0p01/xor_delta  [[Errno 2] No such file or directory: '/shared/home/erg966/LosslessModelCompression/RESULTS_2_10/NVFP4E2M1/Var0p01/Base/weights.bin']
  SKIP NVFP4E2M1/Var0p05/xor_delta  [[Errno 2] No such file or directory: '/shared/home/erg966/LosslessModelCompression/RESULTS_2_10/NVFP4E2M1/Var0p05/Base/weights.bin']
  SKIP NVFP4E2M1/Var0p1/xor_delta  [[Errno 2] No such file or directory: '/shared/home/erg966/LosslessModelCompression/RESULTS_2_10/NVFP4E2M1/Var0p1/Base/weights.bin']
  SKIP NVFP4E2M1/Var0p25/xor_delta  [[Errno 2] No such file or directory: '/shared/home/erg966/LosslessModelCompression/RESULTS_2_10/NVFP4E2M1/Var0p25/Base/weights.bin']
  SKIP NVFP4E2M1/Var0p5/xor_delta  [[Errno 2] No such file or directory: '/shared/home/erg966/LosslessModelCompression/RESULTS_2_10/NVFP4E2M1/Var0p5/Base/weights.bin']
  SKIP FP32E8M23/Var0p01/gorilla_xor_delta  [[Errno 2] No such file or directory: '/shared/home/erg966/LosslessModelCompression/RESULTS_2_10/FP32E8M23/Var0p01/Base/weights.bin']
  SKIP FP32E8M23/Var0p025/gorilla_xor_delta  [[Errno 2] No such file or directory: '/shared/home/erg966/LosslessModelCompression/RESULTS_2_10/FP32E8M23/Var0p025/Base/weights.bin']
  SKIP FP32E8M23/Var0p05/gorilla_xor_delta  [[Errno 2] No such file or directory: '/shared/home/erg966/LosslessModelCompression/RESULTS_2_10/FP32E8M23/Var0p05/Base/weights.bin']
  SKIP FP32E8M23/Var0p1/gorilla_xor_delta  [[Errno 2] No such file or directory: '/shared/home/erg966/LosslessModelCompression/RESULTS_2_10/FP32E8M23/Var0p1/Base/weights.bin']
  SKIP FP32E8M23/Var0p25/gorilla_xor_delta  [[Errno 2] No such file or directory: '/shared/home/erg966/LosslessModelCompression/RESULTS_2_10/FP32E8M23/Var0p25/Base/weights.bin']
  SKIP FP16E5M10/Var0p01/gorilla_xor_delta  [[Errno 2] No such file or directory: '/shared/home/erg966/LosslessModelCompression/RESULTS_2_10/FP16E5M10/Var0p01/Base/weights.bin']
  SKIP FP32E8M23/Var0p5/gorilla_xor_delta  [[Errno 2] No such file or directory: '/shared/home/erg966/LosslessModelCompression/RESULTS_2_10/FP32E8M23/Var0p5/Base/weights.bin']
  SKIP FP16E5M10/Var0p025/gorilla_xor_delta  [[Errno 2] No such file or directory: '/shared/home/erg966/LosslessModelCompression/RESULTS_2_10/FP16E5M10/Var0p025/Base/weights.bin']
  SKIP FP16E5M10/Var0p05/gorilla_xor_delta  [[Errno 2] No such file or directory: '/shared/home/erg966/LosslessModelCompression/RESULTS_2_10/FP16E5M10/Var0p05/Base/weights.bin']
  SKIP FP16E5M10/Var0p1/gorilla_xor_delta  [[Errno 2] No such file or directory: '/shared/home/erg966/LosslessModelCompression/RESULTS_2_10/FP16E5M10/Var0p1/Base/weights.bin']
  SKIP FP16E5M10/Var0p5/gorilla_xor_delta  [[Errno 2] No such file or directory: '/shared/home/erg966/LosslessModelCompression/RESULTS_2_10/FP16E5M10/Var0p5/Base/weights.bin']
  SKIP BF16E8M7/Var0p01/gorilla_xor_delta  [[Errno 2] No such file or directory: '/shared/home/erg966/LosslessModelCompression/RESULTS_2_10/BF16E8M7/Var0p01/Base/weights.bin']
  SKIP BF16E8M7/Var0p025/gorilla_xor_delta  [[Errno 2] No such file or directory: '/shared/home/erg966/LosslessModelCompression/RESULTS_2_10/BF16E8M7/Var0p025/Base/weights.bin']
  SKIP FP16E5M10/Var0p25/gorilla_xor_delta  [[Errno 2] No such file or directory: '/shared/home/erg966/LosslessModelCompression/RESULTS_2_10/FP16E5M10/Var0p25/Base/weights.bin']
  SKIP BF16E8M7/Var0p05/gorilla_xor_delta  [[Errno 2] No such file or directory: '/shared/home/erg966/LosslessModelCompression/RESULTS_2_10/BF16E8M7/Var0p05/Base/weights.bin']
  SKIP BF16E8M7/Var0p1/gorilla_xor_delta  [[Errno 2] No such file or directory: '/shared/home/erg966/LosslessModelCompression/RESULTS_2_10/BF16E8M7/Var0p1/Base/weights.bin']
  SKIP BF16E8M7/Var0p25/gorilla_xor_delta  [[Errno 2] No such file or directory: '/shared/home/erg966/LosslessModelCompression/RESULTS_2_10/BF16E8M7/Var0p25/Base/weights.bin']
  SKIP FP8E4M3/Var0p01/gorilla_xor_delta  [[Errno 2] No such file or directory: '/shared/home/erg966/LosslessModelCompression/RESULTS_2_10/FP8E4M3/Var0p01/Base/weights.bin']
  SKIP BF16E8M7/Var0p5/gorilla_xor_delta  [[Errno 2] No such file or directory: '/shared/home/erg966/LosslessModelCompression/RESULTS_2_10/BF16E8M7/Var0p5/Base/weights.bin']
  SKIP FP8E4M3/Var0p025/gorilla_xor_delta  [[Errno 2] No such file or directory: '/shared/home/erg966/LosslessModelCompression/RESULTS_2_10/FP8E4M3/Var0p025/Base/weights.bin']
  SKIP FP8E4M3/Var0p05/gorilla_xor_delta  [[Errno 2] No such file or directory: '/shared/home/erg966/LosslessModelCompression/RESULTS_2_10/FP8E4M3/Var0p05/Base/weights.bin']
  SKIP FP8E4M3/Var0p1/gorilla_xor_delta  [[Errno 2] No such file or directory: '/shared/home/erg966/LosslessModelCompression/RESULTS_2_10/FP8E4M3/Var0p1/Base/weights.bin']
  SKIP FP8E4M3/Var0p25/gorilla_xor_delta  [[Errno 2] No such file or directory: '/shared/home/erg966/LosslessModelCompression/RESULTS_2_10/FP8E4M3/Var0p25/Base/weights.bin']
  SKIP FP8E4M3/Var0p5/gorilla_xor_delta  [[Errno 2] No such file or directory: '/shared/home/erg966/LosslessModelCompression/RESULTS_2_10/FP8E4M3/Var0p5/Base/weights.bin']
  SKIP FP8E5M2/Var0p01/gorilla_xor_delta  [[Errno 2] No such file or directory: '/shared/home/erg966/LosslessModelCompression/RESULTS_2_10/FP8E5M2/Var0p01/Base/weights.bin']
  SKIP FP8E5M2/Var0p025/gorilla_xor_delta  [[Errno 2] No such file or directory: '/shared/home/erg966/LosslessModelCompression/RESULTS_2_10/FP8E5M2/Var0p025/Base/weights.bin']
  SKIP FP8E5M2/Var0p05/gorilla_xor_delta  [[Errno 2] No such file or directory: '/shared/home/erg966/LosslessModelCompression/RESULTS_2_10/FP8E5M2/Var0p05/Base/weights.bin']
  SKIP FP8E5M2/Var0p1/gorilla_xor_delta  [[Errno 2] No such file or directory: '/shared/home/erg966/LosslessModelCompression/RESULTS_2_10/FP8E5M2/Var0p1/Base/weights.bin']
  SKIP FP8E5M2/Var0p25/gorilla_xor_delta  [[Errno 2] No such file or directory: '/shared/home/erg966/LosslessModelCompression/RESULTS_2_10/FP8E5M2/Var0p25/Base/weights.bin']
  SKIP FP8E5M2/Var0p5/gorilla_xor_delta  [[Errno 2] No such file or directory: '/shared/home/erg966/LosslessModelCompression/RESULTS_2_10/FP8E5M2/Var0p5/Base/weights.bin']
  SKIP MXFP4E2M1/Var0p01/gorilla_xor_delta  [[Errno 2] No such file or directory: '/shared/home/erg966/LosslessModelCompression/RESULTS_2_10/MXFP4E2M1/Var0p01/Base/weights.bin']
  SKIP MXFP4E2M1/Var0p025/gorilla_xor_delta  [[Errno 2] No such file or directory: '/shared/home/erg966/LosslessModelCompression/RESULTS_2_10/MXFP4E2M1/Var0p025/Base/weights.bin']
  SKIP MXFP4E2M1/Var0p05/gorilla_xor_delta  [[Errno 2] No such file or directory: '/shared/home/erg966/LosslessModelCompression/RESULTS_2_10/MXFP4E2M1/Var0p05/Base/weights.bin']
  SKIP MXFP4E2M1/Var0p1/gorilla_xor_delta  [[Errno 2] No such file or directory: '/shared/home/erg966/LosslessModelCompression/RESULTS_2_10/MXFP4E2M1/Var0p1/Base/weights.bin']
  SKIP MXFP4E2M1/Var0p25/gorilla_xor_delta  [[Errno 2] No such file or directory: '/shared/home/erg966/LosslessModelCompression/RESULTS_2_10/MXFP4E2M1/Var0p25/Base/weights.bin']
  SKIP MXFP4E2M1/Var0p5/gorilla_xor_delta  [[Errno 2] No such file or directory: '/shared/home/erg966/LosslessModelCompression/RESULTS_2_10/MXFP4E2M1/Var0p5/Base/weights.bin']
  SKIP NVFP4E2M1/Var0p01/gorilla_xor_delta  [[Errno 2] No such file or directory: '/shared/home/erg966/LosslessModelCompression/RESULTS_2_10/NVFP4E2M1/Var0p01/Base/weights.bin']
  SKIP NVFP4E2M1/Var0p025/gorilla_xor_delta  [[Errno 2] No such file or directory: '/shared/home/erg966/LosslessModelCompression/RESULTS_2_10/NVFP4E2M1/Var0p025/Base/weights.bin']
  SKIP NVFP4E2M1/Var0p05/gorilla_xor_delta  [[Errno 2] No such file or directory: '/shared/home/erg966/LosslessModelCompression/RESULTS_2_10/NVFP4E2M1/Var0p05/Base/weights.bin']
  SKIP NVFP4E2M1/Var0p1/gorilla_xor_delta  [[Errno 2] No such file or directory: '/shared/home/erg966/LosslessModelCompression/RESULTS_2_10/NVFP4E2M1/Var0p1/Base/weights.bin']
  SKIP NVFP4E2M1/Var0p25/gorilla_xor_delta  [[Errno 2] No such file or directory: '/shared/home/erg966/LosslessModelCompression/RESULTS_2_10/NVFP4E2M1/Var0p25/Base/weights.bin']
  SKIP NVFP4E2M1/Var0p5/gorilla_xor_delta  [[Errno 2] No such file or directory: '/shared/home/erg966/LosslessModelCompression/RESULTS_2_10/NVFP4E2M1/Var0p5/Base/weights.bin']

All done.  Wall time: 0.1s  (0.0 min)
Results → /shared/home/erg966/LosslessModelCompression/compression_results_huffman.jsonl
