Output       : /shared/home/erg966/LosslessModelCompression/compression_results_huffman.jsonl
RESULTS dir  : /shared/home/erg966/LosslessModelCompression/RESULTS_2_30
Chunk size   : 128 MB
Workers      : 6
Algorithms   : ['raw_huffman', 'byte_transpose', 'semantic_sep', 'bitplane', 'gorilla_base', 'xor_delta', 'gorilla_xor_delta']
Codec        : naive Huffman (byte symbols, per-stream tables)
Total trials : 294

[  1/294]  FP32E8M23/Var0p5/raw_huffman             ratio=0.9250  c=  45.13s  elapsed=45s
[  2/294]  FP32E8M23/Var0p25/raw_huffman             ratio=0.9276  c=  45.21s  elapsed=45s
[  3/294]  FP32E8M23/Var0p1/raw_huffman             ratio=0.9256  c=  45.21s  elapsed=45s
[  4/294]  FP32E8M23/Var0p05/raw_huffman             ratio=0.9243  c=  45.35s  elapsed=45s
[  5/294]  FP32E8M23/Var0p01/raw_huffman             ratio=0.9271  c=  45.52s  elapsed=46s
[  6/294]  FP32E8M23/Var0p025/raw_huffman             ratio=0.9257  c=  45.63s  elapsed=46s
[  7/294]  FP16E5M10/Var0p05/raw_huffman             ratio=0.9182  c=  23.09s  elapsed=68s
[  8/294]  FP16E5M10/Var0p01/raw_huffman             ratio=0.9181  c=  23.23s  elapsed=68s
[  9/294]  FP16E5M10/Var0p1/raw_huffman             ratio=0.9184  c=  23.20s  elapsed=69s
[ 10/294]  FP16E5M10/Var0p025/raw_huffman             ratio=0.9183  c=  23.34s  elapsed=69s
[ 11/294]  FP16E5M10/Var0p5/raw_huffman             ratio=0.9185  c=  23.07s  elapsed=69s
[ 12/294]  FP16E5M10/Var0p25/raw_huffman             ratio=0.9187  c=  23.33s  elapsed=69s
[ 13/294]  BF16E8M7/Var0p01/raw_huffman             ratio=0.7826  c=  23.99s  elapsed=92s
[ 14/294]  BF16E8M7/Var0p025/raw_huffman             ratio=0.7797  c=  24.21s  elapsed=93s
[ 15/294]  BF16E8M7/Var0p1/raw_huffman             ratio=0.7797  c=  24.17s  elapsed=93s
[ 16/294]  BF16E8M7/Var0p25/raw_huffman             ratio=0.7831  c=  24.09s  elapsed=93s
[ 17/294]  BF16E8M7/Var0p05/raw_huffman             ratio=0.7762  c=  24.58s  elapsed=93s
[ 18/294]  BF16E8M7/Var0p5/raw_huffman             ratio=0.7781  c=  24.68s  elapsed=94s
[ 19/294]  FP8E4M3/Var0p01/raw_huffman             ratio=0.7962  c=  10.67s  elapsed=103s
[ 20/294]  FP8E4M3/Var0p025/raw_huffman             ratio=0.7961  c=  10.90s  elapsed=104s
[ 21/294]  FP8E4M3/Var0p05/raw_huffman             ratio=0.7961  c=  10.81s  elapsed=104s
[ 22/294]  FP8E4M3/Var0p1/raw_huffman             ratio=0.7962  c=  10.77s  elapsed=104s
[ 23/294]  FP8E4M3/Var0p25/raw_huffman             ratio=0.7962  c=  10.86s  elapsed=104s
[ 24/294]  FP8E4M3/Var0p5/raw_huffman             ratio=0.7961  c=  11.19s  elapsed=105s
[ 25/294]  FP8E5M2/Var0p01/raw_huffman             ratio=0.7106  c=  10.74s  elapsed=114s
[ 26/294]  FP8E5M2/Var0p025/raw_huffman             ratio=0.7106  c=  10.64s  elapsed=114s
[ 27/294]  FP8E5M2/Var0p05/raw_huffman             ratio=0.7106  c=  10.79s  elapsed=114s
[ 28/294]  FP8E5M2/Var0p1/raw_huffman             ratio=0.7106  c=  10.88s  elapsed=115s
[ 29/294]  FP8E5M2/Var0p25/raw_huffman             ratio=0.7106  c=  10.61s  elapsed=115s
[ 30/294]  FP8E5M2/Var0p5/raw_huffman             ratio=0.7106  c=  10.94s  elapsed=116s
[ 31/294]  MXFP4E2M1/Var0p01/raw_huffman             ratio=0.9400  c=   5.57s  elapsed=119s
[ 32/294]  MXFP4E2M1/Var0p025/raw_huffman             ratio=0.9568  c=   5.45s  elapsed=120s
[ 33/294]  MXFP4E2M1/Var0p05/raw_huffman             ratio=0.9416  c=   5.61s  elapsed=120s
[ 34/294]  MXFP4E2M1/Var0p1/raw_huffman             ratio=0.9568  c=   5.58s  elapsed=120s
[ 35/294]  MXFP4E2M1/Var0p25/raw_huffman             ratio=0.9506  c=   5.58s  elapsed=120s
[ 36/294]  MXFP4E2M1/Var0p5/raw_huffman             ratio=0.9481  c=   5.60s  elapsed=121s
[ 37/294]  NVFP4E2M1/Var0p01/raw_huffman             ratio=0.9967  c=   5.78s  elapsed=125s
[ 38/294]  NVFP4E2M1/Var0p025/raw_huffman             ratio=0.9965  c=   5.81s  elapsed=125s
[ 39/294]  NVFP4E2M1/Var0p05/raw_huffman             ratio=0.9966  c=   5.89s  elapsed=126s
[ 40/294]  NVFP4E2M1/Var0p1/raw_huffman             ratio=0.9965  c=   5.87s  elapsed=126s
[ 41/294]  NVFP4E2M1/Var0p25/raw_huffman             ratio=0.9966  c=   5.90s  elapsed=126s
[ 42/294]  NVFP4E2M1/Var0p5/raw_huffman             ratio=0.9965  c=   5.67s  elapsed=127s
[ 43/294]  FP32E8M23/Var0p01/byte_transpose          ratio=0.8359  c=  74.47s  elapsed=200s
[ 44/294]  FP32E8M23/Var0p025/byte_transpose          ratio=0.8352  c=  74.67s  elapsed=200s
[ 45/294]  FP32E8M23/Var0p1/byte_transpose          ratio=0.8347  c=  74.40s  elapsed=201s
[ 46/294]  FP32E8M23/Var0p05/byte_transpose          ratio=0.8330  c=  75.01s  elapsed=201s
[ 47/294]  FP32E8M23/Var0p25/byte_transpose          ratio=0.8361  c=  75.09s  elapsed=201s
[ 48/294]  FP32E8M23/Var0p5/byte_transpose          ratio=0.8337  c=  75.00s  elapsed=202s
[ 49/294]  FP16E5M10/Var0p01/byte_transpose          ratio=0.8439  c=  26.86s  elapsed=227s
[ 50/294]  FP16E5M10/Var0p025/byte_transpose          ratio=0.8439  c=  27.01s  elapsed=228s
[ 51/294]  FP16E5M10/Var0p05/byte_transpose          ratio=0.8447  c=  26.83s  elapsed=228s
[ 52/294]  FP16E5M10/Var0p1/byte_transpose          ratio=0.8440  c=  27.04s  elapsed=228s
[ 53/294]  FP16E5M10/Var0p25/byte_transpose          ratio=0.8449  c=  26.95s  elapsed=229s
[ 54/294]  FP16E5M10/Var0p5/byte_transpose          ratio=0.8439  c=  26.96s  elapsed=229s
[ 55/294]  BF16E8M7/Var0p01/byte_transpose          ratio=0.6719  c=  26.94s  elapsed=254s
[ 56/294]  BF16E8M7/Var0p025/byte_transpose          ratio=0.6704  c=  26.90s  elapsed=255s
[ 57/294]  BF16E8M7/Var0p05/byte_transpose          ratio=0.6661  c=  26.92s  elapsed=255s
[ 58/294]  BF16E8M7/Var0p1/byte_transpose          ratio=0.6695  c=  27.19s  elapsed=256s
[ 59/294]  BF16E8M7/Var0p25/byte_transpose          ratio=0.6722  c=  26.98s  elapsed=256s
[ 60/294]  BF16E8M7/Var0p5/byte_transpose          ratio=0.6674  c=  27.02s  elapsed=257s
[ 61/294]  FP8E4M3/Var0p01/byte_transpose          ratio=0.7962  c=   9.80s  elapsed=264s
[ 62/294]  FP8E4M3/Var0p025/byte_transpose          ratio=0.7961  c=   9.90s  elapsed=265s
[ 63/294]  FP8E4M3/Var0p05/byte_transpose          ratio=0.7961  c=   9.87s  elapsed=265s
[ 64/294]  FP8E4M3/Var0p1/byte_transpose          ratio=0.7962  c=   9.91s  elapsed=266s
[ 65/294]  FP8E4M3/Var0p25/byte_transpose          ratio=0.7962  c=   9.88s  elapsed=266s
[ 66/294]  FP8E4M3/Var0p5/byte_transpose          ratio=0.7961  c=   9.82s  elapsed=267s
[ 67/294]  FP8E5M2/Var0p01/byte_transpose          ratio=0.7106  c=   9.72s  elapsed=274s
[ 68/294]  FP8E5M2/Var0p05/byte_transpose          ratio=0.7106  c=   9.82s  elapsed=275s
[ 69/294]  FP8E5M2/Var0p025/byte_transpose          ratio=0.7106  c=   9.88s  elapsed=275s
[ 70/294]  FP8E5M2/Var0p25/byte_transpose          ratio=0.7106  c=   9.84s  elapsed=276s
[ 71/294]  FP8E5M2/Var0p1/byte_transpose          ratio=0.7106  c=   9.90s  elapsed=276s
[ 72/294]  FP8E5M2/Var0p5/byte_transpose          ratio=0.7106  c=   9.84s  elapsed=277s
[ 73/294]  MXFP4E2M1/Var0p01/byte_transpose          ratio=0.9400  c=   4.92s  elapsed=279s
[ 74/294]  MXFP4E2M1/Var0p025/byte_transpose          ratio=0.9568  c=   4.96s  elapsed=280s
[ 75/294]  MXFP4E2M1/Var0p05/byte_transpose          ratio=0.9416  c=   5.01s  elapsed=280s
[ 76/294]  MXFP4E2M1/Var0p1/byte_transpose          ratio=0.9568  c=   4.94s  elapsed=281s
[ 77/294]  MXFP4E2M1/Var0p25/byte_transpose          ratio=0.9506  c=   5.03s  elapsed=281s
[ 78/294]  MXFP4E2M1/Var0p5/byte_transpose          ratio=0.9481  c=   4.98s  elapsed=282s
[ 79/294]  NVFP4E2M1/Var0p01/byte_transpose          ratio=0.9967  c=   5.20s  elapsed=284s
[ 80/294]  NVFP4E2M1/Var0p025/byte_transpose          ratio=0.9965  c=   5.20s  elapsed=285s
[ 81/294]  NVFP4E2M1/Var0p05/byte_transpose          ratio=0.9966  c=   5.24s  elapsed=285s
[ 82/294]  NVFP4E2M1/Var0p1/byte_transpose          ratio=0.9965  c=   5.19s  elapsed=286s
[ 83/294]  NVFP4E2M1/Var0p25/byte_transpose          ratio=0.9966  c=   5.27s  elapsed=286s
[ 84/294]  NVFP4E2M1/Var0p5/byte_transpose          ratio=0.9965  c=   5.25s  elapsed=287s
[ 85/294]  FP32E8M23/Var0p01/semantic_sep            ratio=0.8332  c= 108.94s  elapsed=394s
[ 86/294]  FP32E8M23/Var0p025/semantic_sep            ratio=0.8337  c= 108.75s  elapsed=395s
[ 87/294]  FP32E8M23/Var0p05/semantic_sep            ratio=0.8332  c= 109.40s  elapsed=395s
[ 88/294]  FP32E8M23/Var0p1/semantic_sep            ratio=0.8337  c= 109.22s  elapsed=396s
[ 89/294]  FP32E8M23/Var0p25/semantic_sep            ratio=0.8335  c= 110.00s  elapsed=397s
[ 90/294]  FP32E8M23/Var0p5/semantic_sep            ratio=0.8338  c= 109.54s  elapsed=397s
[ 91/294]  FP16E5M10/Var0p01/semantic_sep            ratio=0.6184  c=  59.73s  elapsed=454s
[ 92/294]  FP16E5M10/Var0p025/semantic_sep            ratio=0.6192  c=  59.77s  elapsed=455s
[ 93/294]  FP16E5M10/Var0p05/semantic_sep            ratio=0.6185  c=  60.28s  elapsed=456s
[ 94/294]  FP16E5M10/Var0p1/semantic_sep            ratio=0.6192  c=  59.98s  elapsed=457s
[ 95/294]  FP16E5M10/Var0p5/semantic_sep            ratio=0.6194  c=  60.40s  elapsed=458s
[ 96/294]  FP16E5M10/Var0p25/semantic_sep            ratio=0.6190  c=  60.60s  elapsed=458s
[ 97/294]  BF16E8M7/Var0p01/semantic_sep            ratio=0.6224  c=  49.70s  elapsed=504s
[ 98/294]  BF16E8M7/Var0p025/semantic_sep            ratio=0.6235  c=  49.83s  elapsed=505s
[ 99/294]  BF16E8M7/Var0p05/semantic_sep            ratio=0.6225  c=  50.13s  elapsed=507s
[100/294]  BF16E8M7/Var0p1/semantic_sep            ratio=0.6235  c=  50.04s  elapsed=507s
[101/294]  BF16E8M7/Var0p25/semantic_sep            ratio=0.6231  c=  50.12s  elapsed=509s
[102/294]  BF16E8M7/Var0p5/semantic_sep            ratio=0.6237  c=  50.45s  elapsed=509s
[103/294]  FP8E4M3/Var0p01/semantic_sep            ratio=0.3941  c=  39.06s  elapsed=544s
[104/294]  FP8E4M3/Var0p025/semantic_sep            ratio=0.3940  c=  39.03s  elapsed=545s
[105/294]  FP8E4M3/Var0p05/semantic_sep            ratio=0.3940  c=  39.28s  elapsed=547s
[106/294]  FP8E4M3/Var0p1/semantic_sep            ratio=0.3940  c=  39.27s  elapsed=547s
[107/294]  FP8E4M3/Var0p25/semantic_sep            ratio=0.3940  c=  39.35s  elapsed=549s
[108/294]  FP8E4M3/Var0p5/semantic_sep            ratio=0.3940  c=  39.53s  elapsed=550s
[109/294]  FP8E5M2/Var0p01/semantic_sep            ratio=0.3359  c=  38.67s  elapsed=584s
[110/294]  FP8E5M2/Var0p025/semantic_sep            ratio=0.3358  c=  38.67s  elapsed=585s
[111/294]  FP8E5M2/Var0p05/semantic_sep            ratio=0.3358  c=  38.97s  elapsed=587s
[112/294]  FP8E5M2/Var0p1/semantic_sep            ratio=0.3358  c=  38.85s  elapsed=587s
[113/294]  FP8E5M2/Var0p25/semantic_sep            ratio=0.3358  c=  39.04s  elapsed=589s
[114/294]  FP8E5M2/Var0p5/semantic_sep            ratio=0.3358  c=  39.20s  elapsed=590s
[115/294]  MXFP4E2M1/Var0p01/semantic_sep            ratio=0.4228  c=  24.08s  elapsed=609s
[116/294]  MXFP4E2M1/Var0p025/semantic_sep            ratio=0.4306  c=  23.96s  elapsed=610s
[117/294]  MXFP4E2M1/Var0p05/semantic_sep            ratio=0.4255  c=  24.30s  elapsed=612s
[118/294]  MXFP4E2M1/Var0p1/semantic_sep            ratio=0.4306  c=  24.16s  elapsed=612s
[119/294]  MXFP4E2M1/Var0p25/semantic_sep            ratio=0.4296  c=  24.28s  elapsed=614s
[120/294]  MXFP4E2M1/Var0p5/semantic_sep            ratio=0.4269  c=  24.41s  elapsed=615s
[121/294]  NVFP4E2M1/Var0p01/semantic_sep            ratio=0.4444  c=  26.09s  elapsed=636s
[122/294]  NVFP4E2M1/Var0p025/semantic_sep            ratio=0.4444  c=  26.10s  elapsed=637s
[123/294]  NVFP4E2M1/Var0p05/semantic_sep            ratio=0.4444  c=  26.42s  elapsed=640s
[124/294]  NVFP4E2M1/Var0p1/semantic_sep            ratio=0.4444  c=  26.36s  elapsed=640s
[125/294]  NVFP4E2M1/Var0p25/semantic_sep            ratio=0.4444  c=  26.42s  elapsed=642s
[126/294]  NVFP4E2M1/Var0p5/semantic_sep            ratio=0.4444  c=  26.50s  elapsed=643s
[127/294]  FP32E8M23/Var0p025/bitplane                ratio=0.8670  c=3780.51s  elapsed=4421s
[128/294]  FP32E8M23/Var0p5/bitplane                ratio=0.8527  c=3801.45s  elapsed=4448s
[129/294]  FP32E8M23/Var0p1/bitplane                ratio=0.8594  c=3809.84s  elapsed=4453s
[130/294]  FP32E8M23/Var0p01/bitplane                ratio=0.8642  c=3816.50s  elapsed=4456s
[131/294]  FP32E8M23/Var0p05/bitplane                ratio=0.8635  c=3816.12s  elapsed=4460s
[132/294]  FP32E8M23/Var0p25/bitplane                ratio=0.8551  c=3815.34s  elapsed=4461s
[133/294]  FP16E5M10/Var0p01/bitplane                ratio=0.8922  c= 574.44s  elapsed=4997s
[134/294]  FP16E5M10/Var0p025/bitplane                ratio=0.8978  c= 567.54s  elapsed=5018s
[135/294]  FP16E5M10/Var0p05/bitplane                ratio=0.8906  c= 569.44s  elapsed=5025s
[136/294]  FP16E5M10/Var0p25/bitplane                ratio=0.8736  c= 570.07s  elapsed=5032s
[137/294]  FP16E5M10/Var0p1/bitplane                ratio=0.8824  c= 574.53s  elapsed=5033s
[138/294]  FP16E5M10/Var0p5/bitplane                ratio=0.8662  c= 570.54s  elapsed=5033s
[139/294]  BF16E8M7/Var0p01/bitplane                ratio=0.7285  c= 577.94s  elapsed=5577s
[140/294]  BF16E8M7/Var0p025/bitplane                ratio=0.7340  c= 568.35s  elapsed=5588s
[141/294]  BF16E8M7/Var0p05/bitplane                ratio=0.7269  c= 569.71s  elapsed=5596s
[142/294]  BF16E8M7/Var0p1/bitplane                ratio=0.7188  c= 570.28s  elapsed=5604s
[143/294]  BF16E8M7/Var0p5/bitplane                ratio=0.7055  c= 570.77s  elapsed=5606s
[144/294]  BF16E8M7/Var0p25/bitplane                ratio=0.7101  c= 577.14s  elapsed=5612s
[145/294]  FP8E4M3/Var0p01/bitplane                ratio=0.8546  c= 135.23s  elapsed=5715s
[146/294]  FP8E4M3/Var0p025/bitplane                ratio=0.8546  c= 132.89s  elapsed=5723s
[147/294]  FP8E4M3/Var0p05/bitplane                ratio=0.8546  c= 132.96s  elapsed=5732s
[148/294]  FP8E4M3/Var0p1/bitplane                ratio=0.8546  c= 133.14s  elapsed=5739s
[149/294]  FP8E4M3/Var0p25/bitplane                ratio=0.8546  c= 133.22s  elapsed=5742s
[150/294]  FP8E4M3/Var0p5/bitplane                ratio=0.8546  c= 134.72s  elapsed=5749s
[151/294]  FP8E5M2/Var0p01/bitplane                ratio=0.7754  c= 135.15s  elapsed=5852s
[152/294]  FP8E5M2/Var0p025/bitplane                ratio=0.7754  c= 133.00s  elapsed=5858s
[153/294]  FP8E5M2/Var0p05/bitplane                ratio=0.7754  c= 133.02s  elapsed=5867s
[154/294]  FP8E5M2/Var0p1/bitplane                ratio=0.7754  c= 133.16s  elapsed=5874s
[155/294]  FP8E5M2/Var0p25/bitplane                ratio=0.7754  c= 133.22s  elapsed=5877s
[156/294]  FP8E5M2/Var0p5/bitplane                ratio=0.7754  c= 134.91s  elapsed=5886s
[157/294]  MXFP4E2M1/Var0p01/bitplane                ratio=0.9652  c=  56.07s  elapsed=5910s
[158/294]  MXFP4E2M1/Var0p025/bitplane                ratio=0.9720  c=  55.21s  elapsed=5915s
[159/294]  MXFP4E2M1/Var0p05/bitplane                ratio=0.9709  c=  55.16s  elapsed=5924s
[160/294]  MXFP4E2M1/Var0p1/bitplane                ratio=0.9720  c=  55.21s  elapsed=5931s
[161/294]  MXFP4E2M1/Var0p25/bitplane                ratio=0.9759  c=  55.27s  elapsed=5934s
[162/294]  MXFP4E2M1/Var0p5/bitplane                ratio=0.9664  c=  55.91s  elapsed=5944s
[163/294]  NVFP4E2M1/Var0p01/bitplane                ratio=0.9989  c=  59.30s  elapsed=5971s
[164/294]  NVFP4E2M1/Var0p025/bitplane                ratio=0.9989  c=  58.34s  elapsed=5975s
[165/294]  NVFP4E2M1/Var0p05/bitplane                ratio=0.9989  c=  58.33s  elapsed=5984s
[166/294]  NVFP4E2M1/Var0p1/bitplane                ratio=0.9989  c=  58.33s  elapsed=5992s
[167/294]  NVFP4E2M1/Var0p25/bitplane                ratio=0.9989  c=  58.36s  elapsed=5994s
[168/294]  NVFP4E2M1/Var0p5/bitplane                ratio=0.9989  c=  59.16s  elapsed=6005s
[169/294]  FP32E8M23/Var0p01/gorilla_base            ratio=0.9443  c=  48.40s  elapsed=6020s
[170/294]  FP32E8M23/Var0p025/gorilla_base            ratio=0.9404  c=  47.75s  elapsed=6023s
[171/294]  FP32E8M23/Var0p05/gorilla_base            ratio=0.9370  c=  47.82s  elapsed=6032s
[172/294]  FP32E8M23/Var0p1/gorilla_base            ratio=0.9386  c=  47.76s  elapsed=6039s
[173/294]  FP32E8M23/Var0p25/gorilla_base            ratio=0.9391  c=  47.83s  elapsed=6042s
[174/294]  FP16E5M10/Var0p01/gorilla_base            ratio=0.9516  c=  24.25s  elapsed=6044s
[175/294]  FP16E5M10/Var0p025/gorilla_base            ratio=0.9454  c=  23.97s  elapsed=6047s
[176/294]  FP32E8M23/Var0p5/gorilla_base            ratio=0.9360  c=  48.38s  elapsed=6053s
[177/294]  FP16E5M10/Var0p05/gorilla_base            ratio=0.9401  c=  23.84s  elapsed=6055s
[178/294]  FP16E5M10/Var0p1/gorilla_base            ratio=0.9445  c=  23.91s  elapsed=6063s
[179/294]  FP16E5M10/Var0p25/gorilla_base            ratio=0.9429  c=  23.93s  elapsed=6066s
[180/294]  FP16E5M10/Var0p5/gorilla_base            ratio=0.9395  c=  24.28s  elapsed=6068s
[181/294]  BF16E8M7/Var0p01/gorilla_base            ratio=0.8182  c=  23.87s  elapsed=6071s
[182/294]  BF16E8M7/Var0p025/gorilla_base            ratio=0.8086  c=  24.16s  elapsed=6077s
[183/294]  BF16E8M7/Var0p05/gorilla_base            ratio=0.8004  c=  23.99s  elapsed=6079s
[184/294]  FP8E4M3/Var0p01/gorilla_base            ratio=0.8801  c=  12.29s  elapsed=6083s
[185/294]  BF16E8M7/Var0p1/gorilla_base            ratio=0.8032  c=  23.89s  elapsed=6087s
[186/294]  FP8E4M3/Var0p025/gorilla_base            ratio=0.8801  c=  12.50s  elapsed=6090s
[187/294]  BF16E8M7/Var0p25/gorilla_base            ratio=0.8036  c=  24.01s  elapsed=6090s
[188/294]  FP8E4M3/Var0p05/gorilla_base            ratio=0.8801  c=  12.36s  elapsed=6092s
[189/294]  BF16E8M7/Var0p5/gorilla_base            ratio=0.7985  c=  24.22s  elapsed=6092s
[190/294]  FP8E4M3/Var0p1/gorilla_base            ratio=0.8801  c=  12.31s  elapsed=6095s
[191/294]  FP8E4M3/Var0p25/gorilla_base            ratio=0.8801  c=  12.35s  elapsed=6100s
[192/294]  FP8E4M3/Var0p5/gorilla_base            ratio=0.8801  c=  12.39s  elapsed=6102s
[193/294]  FP8E5M2/Var0p01/gorilla_base            ratio=0.7758  c=  12.30s  elapsed=6102s
[194/294]  FP8E5M2/Var0p025/gorilla_base            ratio=0.7758  c=  12.32s  elapsed=6104s
[195/294]  FP8E5M2/Var0p05/gorilla_base            ratio=0.7758  c=  12.51s  elapsed=6105s
[196/294]  FP8E5M2/Var0p1/gorilla_base            ratio=0.7758  c=  12.33s  elapsed=6108s
[197/294]  MXFP4E2M1/Var0p01/gorilla_base            ratio=0.9957  c=   6.39s  elapsed=6109s
[198/294]  MXFP4E2M1/Var0p025/gorilla_base            ratio=0.9965  c=   6.34s  elapsed=6111s
[199/294]  MXFP4E2M1/Var0p05/gorilla_base            ratio=0.9975  c=   6.47s  elapsed=6111s
[200/294]  FP8E5M2/Var0p25/gorilla_base            ratio=0.7758  c=  12.31s  elapsed=6112s
[201/294]  MXFP4E2M1/Var0p1/gorilla_base            ratio=0.9965  c=   6.35s  elapsed=6114s
[202/294]  FP8E5M2/Var0p5/gorilla_base            ratio=0.7757  c=  12.40s  elapsed=6115s
[203/294]  MXFP4E2M1/Var0p25/gorilla_base            ratio=0.9984  c=   6.39s  elapsed=6115s
[204/294]  MXFP4E2M1/Var0p5/gorilla_base            ratio=0.9943  c=   6.34s  elapsed=6117s
[205/294]  NVFP4E2M1/Var0p01/gorilla_base            ratio=1.0000  c=   6.79s  elapsed=6118s
[206/294]  NVFP4E2M1/Var0p025/gorilla_base            ratio=1.0000  c=   6.73s  elapsed=6119s
[207/294]  NVFP4E2M1/Var0p05/gorilla_base            ratio=1.0000  c=   6.72s  elapsed=6121s
[208/294]  NVFP4E2M1/Var0p1/gorilla_base            ratio=1.0000  c=   6.82s  elapsed=6121s
[209/294]  NVFP4E2M1/Var0p25/gorilla_base            ratio=1.0000  c=   6.77s  elapsed=6122s
[210/294]  NVFP4E2M1/Var0p5/gorilla_base            ratio=1.0000  c=   6.81s  elapsed=6124s
[211/294]  FP32E8M23/Var0p025/xor_delta               ratio=0.1338  c=  74.19s  elapsed=6193s
[212/294]  FP32E8M23/Var0p01/xor_delta               ratio=0.1338  c=  75.64s  elapsed=6194s
[213/294]  FP32E8M23/Var0p05/xor_delta               ratio=0.1338  c=  76.17s  elapsed=6197s
[214/294]  FP32E8M23/Var0p1/xor_delta               ratio=0.1338  c=  76.43s  elapsed=6198s
[215/294]  FP32E8M23/Var0p25/xor_delta               ratio=0.1338  c=  78.50s  elapsed=6200s
[216/294]  FP32E8M23/Var0p5/xor_delta               ratio=0.1338  c=  77.93s  elapsed=6202s
[217/294]  FP16E5M10/Var0p01/xor_delta               ratio=0.1341  c=  40.55s  elapsed=6233s
[218/294]  FP16E5M10/Var0p025/xor_delta               ratio=0.1341  c=  39.95s  elapsed=6234s
[219/294]  FP16E5M10/Var0p05/xor_delta               ratio=0.1341  c=  41.27s  elapsed=6238s
[220/294]  FP16E5M10/Var0p1/xor_delta               ratio=0.1341  c=  41.86s  elapsed=6240s
[221/294]  FP16E5M10/Var0p5/xor_delta               ratio=0.1341  c=  39.02s  elapsed=6241s
[222/294]  FP16E5M10/Var0p25/xor_delta               ratio=0.1341  c=  40.68s  elapsed=6241s
[223/294]  BF16E8M7/Var0p01/xor_delta               ratio=0.1322  c=  39.30s  elapsed=6273s
[224/294]  BF16E8M7/Var0p025/xor_delta               ratio=0.1322  c=  39.39s  elapsed=6273s
[225/294]  BF16E8M7/Var0p05/xor_delta               ratio=0.1321  c=  39.29s  elapsed=6278s
[226/294]  BF16E8M7/Var0p1/xor_delta               ratio=0.1321  c=  38.87s  elapsed=6279s
[227/294]  BF16E8M7/Var0p25/xor_delta               ratio=0.1321  c=  38.60s  elapsed=6279s
[228/294]  BF16E8M7/Var0p5/xor_delta               ratio=0.1321  c=  38.28s  elapsed=6279s
[229/294]  FP8E4M3/Var0p01/xor_delta               ratio=0.1383  c=  18.35s  elapsed=6291s
[230/294]  FP8E4M3/Var0p025/xor_delta               ratio=0.1383  c=  18.50s  elapsed=6292s
[231/294]  FP8E4M3/Var0p05/xor_delta               ratio=0.1383  c=  18.97s  elapsed=6297s
[232/294]  FP8E4M3/Var0p1/xor_delta               ratio=0.1383  c=  19.16s  elapsed=6298s
[233/294]  FP8E4M3/Var0p5/xor_delta               ratio=0.1383  c=  18.83s  elapsed=6298s
[234/294]  FP8E4M3/Var0p25/xor_delta               ratio=0.1383  c=  18.88s  elapsed=6298s
[235/294]  FP8E5M2/Var0p01/xor_delta               ratio=0.1356  c=  19.50s  elapsed=6311s
[236/294]  FP8E5M2/Var0p025/xor_delta               ratio=0.1356  c=  19.45s  elapsed=6311s
[237/294]  FP8E5M2/Var0p05/xor_delta               ratio=0.1356  c=  19.74s  elapsed=6316s
[238/294]  FP8E5M2/Var0p1/xor_delta               ratio=0.1356  c=  19.84s  elapsed=6318s
[239/294]  FP8E5M2/Var0p25/xor_delta               ratio=0.1356  c=  19.62s  elapsed=6318s
[240/294]  FP8E5M2/Var0p5/xor_delta               ratio=0.1356  c=  19.73s  elapsed=6318s
[241/294]  MXFP4E2M1/Var0p01/xor_delta               ratio=0.1380  c=  11.34s  elapsed=6322s
[242/294]  MXFP4E2M1/Var0p025/xor_delta               ratio=0.1384  c=  10.93s  elapsed=6322s
[243/294]  MXFP4E2M1/Var0p05/xor_delta               ratio=0.1370  c=  12.03s  elapsed=6328s
[244/294]  MXFP4E2M1/Var0p1/xor_delta               ratio=0.1384  c=  12.30s  elapsed=6330s
[245/294]  MXFP4E2M1/Var0p25/xor_delta               ratio=0.1368  c=  12.13s  elapsed=6330s
[246/294]  MXFP4E2M1/Var0p5/xor_delta               ratio=0.1388  c=  12.37s  elapsed=6330s
[247/294]  NVFP4E2M1/Var0p01/xor_delta               ratio=0.1407  c=  11.44s  elapsed=6333s
[248/294]  NVFP4E2M1/Var0p025/xor_delta               ratio=0.1407  c=  11.89s  elapsed=6334s
[249/294]  NVFP4E2M1/Var0p05/xor_delta               ratio=0.1407  c=  10.84s  elapsed=6339s
[250/294]  NVFP4E2M1/Var0p1/xor_delta               ratio=0.1407  c=  10.48s  elapsed=6340s
[251/294]  NVFP4E2M1/Var0p25/xor_delta               ratio=0.1407  c=  10.75s  elapsed=6341s
[252/294]  NVFP4E2M1/Var0p5/xor_delta               ratio=0.1407  c=  10.85s  elapsed=6341s
[253/294]  FP32E8M23/Var0p01/gorilla_xor_delta       ratio=0.1426  c=  99.78s  elapsed=6433s
[254/294]  FP32E8M23/Var0p025/gorilla_xor_delta       ratio=0.1425  c=  99.38s  elapsed=6433s
[255/294]  FP32E8M23/Var0p05/gorilla_xor_delta       ratio=0.1424  c=  97.55s  elapsed=6437s
[256/294]  FP32E8M23/Var0p1/gorilla_xor_delta       ratio=0.1425  c=  98.75s  elapsed=6439s
[257/294]  FP32E8M23/Var0p5/gorilla_xor_delta       ratio=0.1424  c=  98.41s  elapsed=6440s
[258/294]  FP32E8M23/Var0p25/gorilla_xor_delta       ratio=0.1425  c=  99.50s  elapsed=6440s
[259/294]  FP16E5M10/Var0p01/gorilla_xor_delta       ratio=0.1432  c=  42.50s  elapsed=6476s
[260/294]  FP16E5M10/Var0p025/gorilla_xor_delta       ratio=0.1432  c=  42.33s  elapsed=6476s
[261/294]  FP16E5M10/Var0p05/gorilla_xor_delta       ratio=0.1431  c=  42.67s  elapsed=6480s
[262/294]  FP16E5M10/Var0p1/gorilla_xor_delta       ratio=0.1431  c=  42.62s  elapsed=6482s
[263/294]  FP16E5M10/Var0p25/gorilla_xor_delta       ratio=0.1431  c=  42.61s  elapsed=6482s
[264/294]  FP16E5M10/Var0p5/gorilla_xor_delta       ratio=0.1431  c=  42.61s  elapsed=6483s
[265/294]  BF16E8M7/Var0p01/gorilla_xor_delta       ratio=0.1394  c=  53.87s  elapsed=6530s
[266/294]  BF16E8M7/Var0p025/gorilla_xor_delta       ratio=0.1393  c=  54.31s  elapsed=6530s
[267/294]  BF16E8M7/Var0p05/gorilla_xor_delta       ratio=0.1391  c=  50.95s  elapsed=6530s
[268/294]  BF16E8M7/Var0p1/gorilla_xor_delta       ratio=0.1391  c=  51.01s  elapsed=6533s
[269/294]  BF16E8M7/Var0p5/gorilla_xor_delta       ratio=0.1391  c=  50.52s  elapsed=6533s
[270/294]  BF16E8M7/Var0p25/gorilla_xor_delta       ratio=0.1392  c=  51.32s  elapsed=6534s
[271/294]  FP8E4M3/Var0p01/gorilla_xor_delta       ratio=0.1471  c=  23.55s  elapsed=6553s
[272/294]  FP8E4M3/Var0p025/gorilla_xor_delta       ratio=0.1471  c=  23.40s  elapsed=6553s
[273/294]  FP8E4M3/Var0p05/gorilla_xor_delta       ratio=0.1471  c=  23.38s  elapsed=6554s
[274/294]  FP8E4M3/Var0p1/gorilla_xor_delta       ratio=0.1471  c=  22.91s  elapsed=6556s
[275/294]  FP8E4M3/Var0p25/gorilla_xor_delta       ratio=0.1471  c=  22.84s  elapsed=6556s
[276/294]  FP8E4M3/Var0p5/gorilla_xor_delta       ratio=0.1471  c=  23.04s  elapsed=6557s
[277/294]  FP8E5M2/Var0p025/gorilla_xor_delta       ratio=0.1432  c=  22.22s  elapsed=6576s
[278/294]  FP8E5M2/Var0p01/gorilla_xor_delta       ratio=0.1432  c=  22.77s  elapsed=6576s
[279/294]  FP8E5M2/Var0p05/gorilla_xor_delta       ratio=0.1432  c=  22.35s  elapsed=6576s
[280/294]  FP8E5M2/Var0p1/gorilla_xor_delta       ratio=0.1432  c=  22.41s  elapsed=6578s
[281/294]  FP8E5M2/Var0p25/gorilla_xor_delta       ratio=0.1432  c=  22.20s  elapsed=6578s
[282/294]  FP8E5M2/Var0p5/gorilla_xor_delta       ratio=0.1432  c=  22.37s  elapsed=6579s
[283/294]  MXFP4E2M1/Var0p01/gorilla_xor_delta       ratio=0.1486  c=  12.57s  elapsed=6588s
[284/294]  MXFP4E2M1/Var0p025/gorilla_xor_delta       ratio=0.1492  c=  12.75s  elapsed=6589s
[285/294]  MXFP4E2M1/Var0p05/gorilla_xor_delta       ratio=0.1474  c=  12.85s  elapsed=6589s
[286/294]  MXFP4E2M1/Var0p1/gorilla_xor_delta       ratio=0.1492  c=  12.30s  elapsed=6590s
[287/294]  MXFP4E2M1/Var0p25/gorilla_xor_delta       ratio=0.1472  c=  12.40s  elapsed=6591s
[288/294]  MXFP4E2M1/Var0p5/gorilla_xor_delta       ratio=0.1495  c=  12.37s  elapsed=6591s
[289/294]  NVFP4E2M1/Var0p01/gorilla_xor_delta       ratio=0.1530  c=  13.32s  elapsed=6602s
[290/294]  NVFP4E2M1/Var0p025/gorilla_xor_delta       ratio=0.1530  c=  13.32s  elapsed=6602s
[291/294]  NVFP4E2M1/Var0p05/gorilla_xor_delta       ratio=0.1530  c=  13.01s  elapsed=6602s
[292/294]  NVFP4E2M1/Var0p1/gorilla_xor_delta       ratio=0.1530  c=  13.14s  elapsed=6604s
[293/294]  NVFP4E2M1/Var0p25/gorilla_xor_delta       ratio=0.1530  c=  12.91s  elapsed=6604s
[294/294]  NVFP4E2M1/Var0p5/gorilla_xor_delta       ratio=0.1530  c=  12.73s  elapsed=6604s

All done.  Wall time: 6604.1s  (110.1 min)
Results → /shared/home/erg966/LosslessModelCompression/compression_results_huffman.jsonl
