Output       : /shared/home/erg966/LosslessModelCompression/compression_results.jsonl
RESULTS dir  : /shared/home/erg966/LosslessModelCompression/RESULTS_2_30
Chunk size   : 128 MB
Workers      : 42  (7 formats × 6 variances)
Algorithms   : ['raw_zstd', 'byte_transpose', 'semantic_sep', 'bitplane', 'gorilla_base', 'xor_delta', 'gorilla_xor_delta']
Zstd level   : 1
Total trials : 294

  OK   MXFP4E2M1/Var0p1/raw_zstd                                ratio=0.9572  c=    1.1s  d=   0.9s
  OK   MXFP4E2M1/Var0p05/raw_zstd                               ratio=0.9428  c=    1.2s  d=   0.9s
  OK   MXFP4E2M1/Var0p5/raw_zstd                                ratio=0.9484  c=    1.2s  d=   0.9s
  OK   MXFP4E2M1/Var0p25/raw_zstd                               ratio=0.9514  c=    1.4s  d=   0.8s
  OK   NVFP4E2M1/Var0p1/raw_zstd                                ratio=1.0000  c=    0.6s  d=   0.4s
  OK   NVFP4E2M1/Var0p05/raw_zstd                               ratio=1.0000  c=    0.6s  d=   0.4s
  OK   MXFP4E2M1/Var0p01/raw_zstd                               ratio=0.9406  c=    1.3s  d=   1.0s
  OK   NVFP4E2M1/Var0p25/raw_zstd                               ratio=1.0000  c=    0.6s  d=   0.4s
  OK   NVFP4E2M1/Var0p01/raw_zstd                               ratio=1.0000  c=    0.6s  d=   0.4s
  OK   MXFP4E2M1/Var0p025/raw_zstd                              ratio=0.9572  c=    1.7s  d=   0.9s
  OK   NVFP4E2M1/Var0p025/raw_zstd                              ratio=1.0000  c=    0.6s  d=   0.4s
  OK   NVFP4E2M1/Var0p5/raw_zstd                                ratio=1.0000  c=    0.6s  d=   0.4s
  OK   NVFP4E2M1/Var0p25/byte_transpose                         ratio=1.0000  c=    0.6s  d=   1.1s
  OK   NVFP4E2M1/Var0p05/byte_transpose                         ratio=1.0000  c=    0.6s  d=   1.1s
  OK   NVFP4E2M1/Var0p025/byte_transpose                        ratio=1.0000  c=    0.6s  d=   1.1s
  OK   NVFP4E2M1/Var0p1/byte_transpose                          ratio=1.0000  c=    0.6s  d=   1.1s
  OK   NVFP4E2M1/Var0p01/byte_transpose                         ratio=1.0000  c=    0.6s  d=   1.1s
  OK   NVFP4E2M1/Var0p5/byte_transpose                          ratio=1.0000  c=    0.6s  d=   1.0s
  OK   MXFP4E2M1/Var0p1/byte_transpose                          ratio=0.9572  c=    1.1s  d=   1.9s
  OK   MXFP4E2M1/Var0p5/byte_transpose                          ratio=0.9484  c=    1.0s  d=   2.0s
  OK   MXFP4E2M1/Var0p25/byte_transpose                         ratio=0.9514  c=    1.2s  d=   1.8s
  OK   MXFP4E2M1/Var0p05/byte_transpose                         ratio=0.9428  c=    1.1s  d=   1.9s
  OK   MXFP4E2M1/Var0p025/byte_transpose                        ratio=0.9572  c=    1.1s  d=   1.8s
  OK   MXFP4E2M1/Var0p01/byte_transpose                         ratio=0.9406  c=    1.3s  d=   2.1s
  OK   FP8E5M2/Var0p01/raw_zstd                                 ratio=0.7140  c=    2.1s  d=   1.4s
  OK   FP8E5M2/Var0p25/raw_zstd                                 ratio=0.7140  c=    2.1s  d=   1.6s
  OK   FP8E4M3/Var0p05/raw_zstd                                 ratio=0.8017  c=    2.1s  d=   2.0s
  OK   FP8E5M2/Var0p05/raw_zstd                                 ratio=0.7140  c=    2.4s  d=   1.5s
  OK   FP8E4M3/Var0p025/raw_zstd                                ratio=0.8017  c=    2.4s  d=   2.1s
  OK   FP8E4M3/Var0p5/raw_zstd                                  ratio=0.8017  c=    2.5s  d=   1.8s
  OK   FP8E5M2/Var0p5/raw_zstd                                  ratio=0.7140  c=    2.4s  d=   1.8s
  OK   FP8E5M2/Var0p1/raw_zstd                                  ratio=0.7140  c=    2.7s  d=   1.7s
  OK   FP8E4M3/Var0p01/raw_zstd                                 ratio=0.8018  c=    2.4s  d=   2.0s
  OK   FP8E5M2/Var0p025/raw_zstd                                ratio=0.7140  c=    2.9s  d=   1.8s
  OK   FP8E4M3/Var0p25/raw_zstd                                 ratio=0.8017  c=    3.0s  d=   1.8s
  OK   FP8E4M3/Var0p1/raw_zstd                                  ratio=0.8017  c=    2.8s  d=   2.0s
  OK   FP8E5M2/Var0p01/byte_transpose                           ratio=0.7140  c=    2.6s  d=   4.4s
  OK   FP8E5M2/Var0p5/byte_transpose                            ratio=0.7140  c=    2.6s  d=   4.1s
  OK   FP8E4M3/Var0p05/byte_transpose                           ratio=0.8017  c=    2.5s  d=   5.1s
  OK   FP8E4M3/Var0p025/byte_transpose                          ratio=0.8017  c=    2.6s  d=   4.8s
  OK   FP8E5M2/Var0p25/byte_transpose                           ratio=0.7140  c=    2.8s  d=   4.7s
  OK   FP8E5M2/Var0p05/byte_transpose                           ratio=0.7140  c=    2.7s  d=   5.2s
  OK   FP8E4M3/Var0p5/byte_transpose                            ratio=0.8017  c=    2.7s  d=   4.9s
  OK   FP8E5M2/Var0p1/byte_transpose                            ratio=0.7140  c=    2.6s  d=   4.8s
  OK   FP8E5M2/Var0p025/byte_transpose                          ratio=0.7140  c=    2.5s  d=   4.6s
  OK   FP8E4M3/Var0p01/byte_transpose                           ratio=0.8018  c=    3.9s  d=   5.3s
  OK   FP8E4M3/Var0p1/byte_transpose                            ratio=0.8017  c=    3.8s  d=   5.4s
  OK   BF16E8M7/Var0p025/raw_zstd                               ratio=0.7799  c=    5.1s  d=   4.1s
  OK   BF16E8M7/Var0p1/raw_zstd                                 ratio=0.7800  c=    5.5s  d=   4.2s
  OK   BF16E8M7/Var0p5/raw_zstd                                 ratio=0.7783  c=    5.5s  d=   4.5s
  OK   FP16E5M10/Var0p25/raw_zstd                               ratio=0.9189  c=    5.5s  d=   3.8s
  OK   FP16E5M10/Var0p1/raw_zstd                                ratio=0.9186  c=    6.0s  d=   4.3s
  OK   FP8E4M3/Var0p25/byte_transpose                           ratio=0.8017  c=    4.0s  d=   7.2s
  OK   FP16E5M10/Var0p01/raw_zstd                               ratio=0.9183  c=    6.2s  d=   4.1s
  OK   BF16E8M7/Var0p25/raw_zstd                                ratio=0.7833  c=    5.8s  d=   4.4s
  OK   FP16E5M10/Var0p025/raw_zstd                              ratio=0.9185  c=    6.5s  d=   4.3s
  OK   FP16E5M10/Var0p05/raw_zstd                               ratio=0.9184  c=    6.5s  d=   4.3s
  OK   FP16E5M10/Var0p5/raw_zstd                                ratio=0.9187  c=    6.3s  d=   4.3s
  OK   BF16E8M7/Var0p01/raw_zstd                                ratio=0.7828  c=    6.2s  d=   5.0s
  OK   BF16E8M7/Var0p05/raw_zstd                                ratio=0.7764  c=    6.5s  d=   4.9s
  OK   NVFP4E2M1/Var0p25/semantic_sep                           ratio=1.0000  c=   10.3s  d=  15.9s
  OK   MXFP4E2M1/Var0p1/semantic_sep                            ratio=0.9722  c=   11.5s  d=  17.3s
  OK   NVFP4E2M1/Var0p1/semantic_sep                            ratio=1.0000  c=   10.9s  d=  16.9s
  OK   NVFP4E2M1/Var0p5/semantic_sep                            ratio=1.0000  c=   11.0s  d=  16.2s
  OK   MXFP4E2M1/Var0p05/semantic_sep                           ratio=0.9712  c=   11.3s  d=  19.0s
  OK   MXFP4E2M1/Var0p5/semantic_sep                            ratio=0.9667  c=   11.4s  d=  19.2s
  OK   NVFP4E2M1/Var0p025/semantic_sep                          ratio=1.0000  c=   11.0s  d=  16.1s
  OK   NVFP4E2M1/Var0p01/semantic_sep                           ratio=1.0000  c=   11.0s  d=  16.7s
  OK   NVFP4E2M1/Var0p05/semantic_sep                           ratio=1.0000  c=   11.1s  d=  16.6s
  OK   MXFP4E2M1/Var0p01/semantic_sep                           ratio=0.9654  c=   12.1s  d=  18.2s
  OK   MXFP4E2M1/Var0p025/semantic_sep                          ratio=0.9722  c=   11.3s  d=  19.5s
  OK   MXFP4E2M1/Var0p25/semantic_sep                           ratio=0.9761  c=   11.8s  d=  20.1s
  OK   FP32E8M23/Var0p01/raw_zstd                               ratio=0.9270  c=   14.5s  d=   9.1s
  OK   FP32E8M23/Var0p05/raw_zstd                               ratio=0.9242  c=   14.7s  d=   9.9s
  OK   FP32E8M23/Var0p5/raw_zstd                                ratio=0.9250  c=   14.9s  d=  10.0s
  OK   FP32E8M23/Var0p25/raw_zstd                               ratio=0.9276  c=   14.9s  d=  10.0s
  OK   FP32E8M23/Var0p025/raw_zstd                              ratio=0.9258  c=   14.9s  d=  10.0s
  OK   FP32E8M23/Var0p1/raw_zstd                                ratio=0.9256  c=   15.1s  d=  10.1s
  OK   FP16E5M10/Var0p025/byte_transpose                        ratio=0.8460  c=   11.7s  d=  12.9s
  OK   FP16E5M10/Var0p25/byte_transpose                         ratio=0.8473  c=   10.3s  d=  15.2s
  OK   FP16E5M10/Var0p05/byte_transpose                         ratio=0.8469  c=   10.6s  d=  14.7s
  OK   FP16E5M10/Var0p01/byte_transpose                         ratio=0.8459  c=    9.4s  d=  17.1s
  OK   FP16E5M10/Var0p5/byte_transpose                          ratio=0.8466  c=   10.7s  d=  15.1s
  OK   FP16E5M10/Var0p1/byte_transpose                          ratio=0.8463  c=   11.7s  d=  17.4s
  OK   BF16E8M7/Var0p025/byte_transpose                         ratio=0.6846  c=   13.2s  d=  21.4s
  OK   BF16E8M7/Var0p05/byte_transpose                          ratio=0.6830  c=   13.3s  d=  21.5s
  OK   BF16E8M7/Var0p1/byte_transpose                           ratio=0.6849  c=   15.4s  d=  21.4s
  OK   BF16E8M7/Var0p5/byte_transpose                           ratio=0.6835  c=   16.0s  d=  21.5s
  OK   NVFP4E2M1/Var0p025/bitplane                              ratio=1.0000  c=   14.1s  d=  14.3s
  OK   NVFP4E2M1/Var0p05/bitplane                               ratio=1.0000  c=   13.4s  d=  13.8s
  OK   MXFP4E2M1/Var0p25/bitplane                               ratio=0.9761  c=   15.5s  d=  13.0s
  OK   NVFP4E2M1/Var0p5/bitplane                                ratio=1.0000  c=   16.2s  d=  13.8s
  OK   BF16E8M7/Var0p01/byte_transpose                          ratio=0.6860  c=   14.9s  d=  25.2s
  OK   MXFP4E2M1/Var0p5/bitplane                                ratio=0.9666  c=   15.4s  d=  15.6s
  OK   NVFP4E2M1/Var0p1/bitplane                                ratio=1.0000  c=   13.7s  d=  15.9s
  OK   BF16E8M7/Var0p25/byte_transpose                          ratio=0.6848  c=   15.0s  d=  25.9s
  OK   MXFP4E2M1/Var0p1/bitplane                                ratio=0.9722  c=   15.9s  d=  17.5s
  OK   MXFP4E2M1/Var0p05/bitplane                               ratio=0.9712  c=   15.2s  d=  18.3s
  OK   NVFP4E2M1/Var0p025/gorilla_base                          ratio=1.0000  c=    1.2s  d=   0.7s
  OK   MXFP4E2M1/Var0p01/bitplane                               ratio=0.9654  c=   16.3s  d=  18.2s
  OK   MXFP4E2M1/Var0p025/bitplane                              ratio=0.9722  c=   15.2s  d=  18.7s
  OK   NVFP4E2M1/Var0p05/gorilla_base                           ratio=1.0000  c=    1.2s  d=   0.8s
  OK   NVFP4E2M1/Var0p25/bitplane                               ratio=1.0000  c=   16.3s  d=  18.4s
  OK   NVFP4E2M1/Var0p01/bitplane                               ratio=1.0000  c=   15.9s  d=  16.3s
  OK   MXFP4E2M1/Var0p25/gorilla_base                           ratio=1.0000  c=    2.1s  d=   0.9s
  OK   NVFP4E2M1/Var0p5/gorilla_base                            ratio=1.0000  c=    1.1s  d=   0.8s
  OK   NVFP4E2M1/Var0p1/gorilla_base                            ratio=1.0000  c=    1.3s  d=   0.9s
  OK   MXFP4E2M1/Var0p5/gorilla_base                            ratio=1.0000  c=    2.6s  d=   1.0s
  OK   MXFP4E2M1/Var0p1/gorilla_base                            ratio=1.0000  c=    2.7s  d=   1.0s
  OK   MXFP4E2M1/Var0p05/gorilla_base                           ratio=1.0000  c=    2.3s  d=   0.9s
  OK   NVFP4E2M1/Var0p25/gorilla_base                           ratio=1.0000  c=    1.1s  d=   0.8s
  OK   MXFP4E2M1/Var0p01/gorilla_base                           ratio=1.0000  c=    2.1s  d=   0.8s
  OK   NVFP4E2M1/Var0p01/gorilla_base                           ratio=1.0000  c=    1.5s  d=   0.9s
  OK   MXFP4E2M1/Var0p025/gorilla_base                          ratio=1.0000  c=    2.6s  d=   1.0s
  OK   NVFP4E2M1/Var0p025/xor_delta                             ratio=0.0533  c=    1.1s  d=   1.0s
  OK   NVFP4E2M1/Var0p05/xor_delta                              ratio=0.0533  c=    1.2s  d=   1.2s
  OK   NVFP4E2M1/Var0p5/xor_delta                               ratio=0.0533  c=    1.1s  d=   1.0s
  OK   MXFP4E2M1/Var0p25/xor_delta                              ratio=0.0462  c=    1.3s  d=   1.4s
  OK   NVFP4E2M1/Var0p1/xor_delta                               ratio=0.0533  c=    1.3s  d=   1.4s
  OK   MXFP4E2M1/Var0p5/xor_delta                               ratio=0.0482  c=    1.1s  d=   1.1s
  OK   MXFP4E2M1/Var0p1/xor_delta                               ratio=0.0479  c=    1.1s  d=   1.0s
  OK   FP8E4M3/Var0p025/semantic_sep                            ratio=0.8559  c=   28.8s  d=  32.4s
  OK   MXFP4E2M1/Var0p05/xor_delta                              ratio=0.0464  c=    1.1s  d=   1.3s
  OK   NVFP4E2M1/Var0p25/xor_delta                              ratio=0.0533  c=    1.3s  d=   1.2s
  OK   MXFP4E2M1/Var0p01/xor_delta                              ratio=0.0474  c=    1.1s  d=   1.1s
  OK   NVFP4E2M1/Var0p01/xor_delta                              ratio=0.0533  c=    1.0s  d=   1.0s
  OK   MXFP4E2M1/Var0p025/xor_delta                             ratio=0.0479  c=    1.1s  d=   1.0s
  OK   FP8E4M3/Var0p01/semantic_sep                             ratio=0.8559  c=   28.8s  d=  33.1s
  OK   NVFP4E2M1/Var0p025/gorilla_xor_delta                     ratio=0.0643  c=    1.4s  d=   1.2s
[ 1/42]  NVFP4E2M1/Var0p025  → 7 records written  (cumulative 7/294, elapsed 114s)
  OK   FP8E5M2/Var0p25/semantic_sep                             ratio=0.7647  c=   33.0s  d=  32.4s
  OK   FP8E5M2/Var0p05/semantic_sep                             ratio=0.7647  c=   29.8s  d=  35.6s
  OK   FP8E4M3/Var0p5/semantic_sep                              ratio=0.8559  c=   32.2s  d=  32.8s
  OK   NVFP4E2M1/Var0p05/gorilla_xor_delta                      ratio=0.0643  c=    1.5s  d=   1.4s
[ 2/42]  NVFP4E2M1/Var0p05  → 7 records written  (cumulative 14/294, elapsed 116s)
  OK   FP8E5M2/Var0p01/semantic_sep                             ratio=0.7647  c=   30.8s  d=  37.3s
  OK   NVFP4E2M1/Var0p5/gorilla_xor_delta                       ratio=0.0643  c=    1.4s  d=   1.2s
[ 3/42]  NVFP4E2M1/Var0p5  → 7 records written  (cumulative 21/294, elapsed 119s)
  OK   MXFP4E2M1/Var0p25/gorilla_xor_delta                      ratio=0.0556  c=    0.9s  d=   1.1s
[ 4/42]  MXFP4E2M1/Var0p25  → 7 records written  (cumulative 28/294, elapsed 119s)
  OK   FP8E5M2/Var0p5/semantic_sep                              ratio=0.7646  c=   31.8s  d=  38.3s
  OK   FP8E5M2/Var0p025/semantic_sep                            ratio=0.7647  c=   30.9s  d=  37.3s
  OK   FP8E4M3/Var0p05/semantic_sep                             ratio=0.8559  c=   31.8s  d=  38.2s
  OK   MXFP4E2M1/Var0p5/gorilla_xor_delta                       ratio=0.0581  c=    1.1s  d=   1.3s
[ 5/42]  MXFP4E2M1/Var0p5  → 7 records written  (cumulative 35/294, elapsed 120s)
  OK   MXFP4E2M1/Var0p1/gorilla_xor_delta                       ratio=0.0578  c=    1.3s  d=   1.2s
[ 6/42]  MXFP4E2M1/Var0p1  → 7 records written  (cumulative 42/294, elapsed 121s)
  OK   NVFP4E2M1/Var0p01/gorilla_xor_delta                      ratio=0.0643  c=    1.0s  d=   0.9s
[ 7/42]  NVFP4E2M1/Var0p01  → 7 records written  (cumulative 49/294, elapsed 121s)
  OK   NVFP4E2M1/Var0p1/gorilla_xor_delta                       ratio=0.0643  c=    1.3s  d=   1.2s
[ 8/42]  NVFP4E2M1/Var0p1  → 7 records written  (cumulative 56/294, elapsed 121s)
  OK   MXFP4E2M1/Var0p01/gorilla_xor_delta                      ratio=0.0571  c=    1.2s  d=   1.1s
[ 9/42]  MXFP4E2M1/Var0p01  → 7 records written  (cumulative 63/294, elapsed 121s)
  OK   MXFP4E2M1/Var0p025/gorilla_xor_delta                     ratio=0.0578  c=    1.2s  d=   1.2s
[10/42]  MXFP4E2M1/Var0p025  → 7 records written  (cumulative 70/294, elapsed 122s)
  OK   MXFP4E2M1/Var0p05/gorilla_xor_delta                      ratio=0.0558  c=    1.2s  d=   1.3s
[11/42]  MXFP4E2M1/Var0p05  → 7 records written  (cumulative 77/294, elapsed 122s)
  OK   NVFP4E2M1/Var0p25/gorilla_xor_delta                      ratio=0.0643  c=    1.2s  d=   1.1s
[12/42]  NVFP4E2M1/Var0p25  → 7 records written  (cumulative 84/294, elapsed 123s)
  OK   FP8E5M2/Var0p1/semantic_sep                              ratio=0.7647  c=   33.0s  d=  39.7s
  OK   FP8E4M3/Var0p1/semantic_sep                              ratio=0.8559  c=   29.9s  d=  40.0s
  OK   FP8E4M3/Var0p25/semantic_sep                             ratio=0.8559  c=   31.0s  d=  38.5s
  OK   FP32E8M23/Var0p1/byte_transpose                          ratio=0.8424  c=   23.5s  d=  27.4s
  OK   FP32E8M23/Var0p5/byte_transpose                          ratio=0.8418  c=   28.7s  d=  29.7s
  OK   FP32E8M23/Var0p025/byte_transpose                        ratio=0.8423  c=   26.6s  d=  32.8s
  OK   FP32E8M23/Var0p25/byte_transpose                         ratio=0.8424  c=   30.1s  d=  30.8s
  OK   FP32E8M23/Var0p01/byte_transpose                         ratio=0.8430  c=   31.3s  d=  40.3s
  OK   FP32E8M23/Var0p05/byte_transpose                         ratio=0.8415  c=   35.4s  d=  40.5s
  OK   FP8E5M2/Var0p25/bitplane                                 ratio=0.7647  c=   22.7s  d=  25.0s
  OK   FP8E4M3/Var0p01/bitplane                                 ratio=0.8559  c=   23.9s  d=  25.1s
  OK   FP8E5M2/Var0p5/bitplane                                  ratio=0.7646  c=   22.4s  d=  25.2s
  OK   FP8E4M3/Var0p05/bitplane                                 ratio=0.8559  c=   23.8s  d=  25.4s
  OK   FP8E5M2/Var0p25/gorilla_base                             ratio=0.7785  c=    2.3s  d=   1.9s
  OK   FP8E4M3/Var0p5/bitplane                                  ratio=0.8559  c=   24.1s  d=  29.3s
  OK   FP8E4M3/Var0p01/gorilla_base                             ratio=0.8826  c=    2.4s  d=   2.0s
  OK   FP8E5M2/Var0p5/gorilla_base                              ratio=0.7785  c=    2.3s  d=   1.9s
  OK   FP8E5M2/Var0p05/bitplane                                 ratio=0.7647  c=   26.3s  d=  33.7s
  OK   FP8E4M3/Var0p05/gorilla_base                             ratio=0.8826  c=    3.9s  d=   2.7s
  OK   FP8E4M3/Var0p5/gorilla_base                              ratio=0.8826  c=    3.4s  d=   2.3s
  OK   FP8E5M2/Var0p25/xor_delta                                ratio=0.0341  c=    2.1s  d=   2.5s
  OK   FP8E5M2/Var0p05/gorilla_base                             ratio=0.7785  c=    2.9s  d=   2.1s
  OK   FP8E4M3/Var0p01/xor_delta                                ratio=0.0364  c=    2.0s  d=   2.4s
  OK   FP8E4M3/Var0p025/bitplane                                ratio=0.8559  c=   35.7s  d=  35.8s
  OK   FP8E5M2/Var0p5/xor_delta                                 ratio=0.0341  c=    1.8s  d=   2.1s
  OK   FP8E5M2/Var0p1/bitplane                                  ratio=0.7647  c=   31.3s  d=  33.9s
  OK   FP8E5M2/Var0p01/bitplane                                 ratio=0.7647  c=   36.5s  d=  37.0s
  OK   FP8E4M3/Var0p1/bitplane                                  ratio=0.8559  c=   37.6s  d=  29.7s
  OK   FP8E4M3/Var0p25/bitplane                                 ratio=0.8559  c=   38.0s  d=  29.3s
  OK   FP8E4M3/Var0p05/xor_delta                                ratio=0.0365  c=    1.8s  d=   2.1s
  OK   FP8E4M3/Var0p5/xor_delta                                 ratio=0.0364  c=    1.7s  d=   1.7s
  OK   FP8E4M3/Var0p025/gorilla_base                            ratio=0.8826  c=    2.5s  d=   1.9s
  OK   FP8E5M2/Var0p025/bitplane                                ratio=0.7647  c=   38.7s  d=  36.3s
  OK   FP8E5M2/Var0p1/gorilla_base                              ratio=0.7785  c=    2.5s  d=   2.0s
  OK   FP8E5M2/Var0p05/xor_delta                                ratio=0.0341  c=    1.8s  d=   2.2s
  OK   FP8E5M2/Var0p25/gorilla_xor_delta                        ratio=0.0410  c=    1.4s  d=   1.7s
[13/42]  FP8E5M2/Var0p25  → 7 records written  (cumulative 91/294, elapsed 206s)
  OK   FP8E4M3/Var0p1/gorilla_base                              ratio=0.8826  c=    2.3s  d=   1.8s
  OK   FP8E5M2/Var0p01/gorilla_base                             ratio=0.7785  c=    2.6s  d=   2.0s
  OK   FP8E4M3/Var0p25/gorilla_base                             ratio=0.8826  c=    2.3s  d=   1.8s
  OK   FP8E4M3/Var0p01/gorilla_xor_delta                        ratio=0.0444  c=    1.8s  d=   2.0s
[14/42]  FP8E4M3/Var0p01  → 7 records written  (cumulative 98/294, elapsed 210s)
  OK   FP8E5M2/Var0p025/gorilla_base                            ratio=0.7785  c=    2.4s  d=   1.9s
  OK   FP8E5M2/Var0p5/gorilla_xor_delta                         ratio=0.0410  c=    1.6s  d=   1.8s
[15/42]  FP8E5M2/Var0p5  → 7 records written  (cumulative 105/294, elapsed 213s)
  OK   FP8E4M3/Var0p025/xor_delta                               ratio=0.0364  c=    1.3s  d=   1.5s
  OK   FP8E4M3/Var0p5/gorilla_xor_delta                         ratio=0.0445  c=    1.3s  d=   1.4s
[16/42]  FP8E4M3/Var0p5  → 7 records written  (cumulative 112/294, elapsed 224s)
  OK   FP8E5M2/Var0p01/xor_delta                                ratio=0.0340  c=    1.3s  d=   1.4s
  OK   FP8E5M2/Var0p1/xor_delta                                 ratio=0.0341  c=    1.2s  d=   1.5s
  OK   FP8E4M3/Var0p25/xor_delta                                ratio=0.0365  c=    1.3s  d=   1.4s
  OK   FP8E4M3/Var0p05/gorilla_xor_delta                        ratio=0.0445  c=    1.6s  d=   1.7s
[17/42]  FP8E4M3/Var0p05  → 7 records written  (cumulative 119/294, elapsed 228s)
  OK   FP8E5M2/Var0p025/xor_delta                               ratio=0.0341  c=    1.5s  d=   1.7s
  OK   FP8E4M3/Var0p1/xor_delta                                 ratio=0.0364  c=    1.5s  d=   1.6s
  OK   FP8E5M2/Var0p05/gorilla_xor_delta                        ratio=0.0410  c=    1.3s  d=   1.6s
[18/42]  FP8E5M2/Var0p05  → 7 records written  (cumulative 126/294, elapsed 230s)
  OK   FP8E4M3/Var0p025/gorilla_xor_delta                       ratio=0.0445  c=    1.1s  d=   1.3s
[19/42]  FP8E4M3/Var0p025  → 7 records written  (cumulative 133/294, elapsed 232s)
  OK   FP8E5M2/Var0p01/gorilla_xor_delta                        ratio=0.0409  c=    1.2s  d=   1.4s
[20/42]  FP8E5M2/Var0p01  → 7 records written  (cumulative 140/294, elapsed 235s)
  OK   FP8E4M3/Var0p25/gorilla_xor_delta                        ratio=0.0445  c=    1.1s  d=   1.3s
[21/42]  FP8E4M3/Var0p25  → 7 records written  (cumulative 147/294, elapsed 236s)
  OK   FP8E5M2/Var0p1/gorilla_xor_delta                         ratio=0.0410  c=    1.1s  d=   1.3s
[22/42]  FP8E5M2/Var0p1  → 7 records written  (cumulative 154/294, elapsed 236s)
  OK   FP8E5M2/Var0p025/gorilla_xor_delta                       ratio=0.0410  c=    1.1s  d=   1.3s
[23/42]  FP8E5M2/Var0p025  → 7 records written  (cumulative 161/294, elapsed 237s)
  OK   FP8E4M3/Var0p1/gorilla_xor_delta                         ratio=0.0445  c=    1.1s  d=   1.3s
[24/42]  FP8E4M3/Var0p1  → 7 records written  (cumulative 168/294, elapsed 238s)
  OK   FP16E5M10/Var0p1/semantic_sep                            ratio=0.8780  c=   91.6s  d=  75.4s
  OK   FP16E5M10/Var0p25/semantic_sep                           ratio=0.8677  c=   98.5s  d=  73.5s
  OK   FP16E5M10/Var0p5/semantic_sep                            ratio=0.8646  c=   96.6s  d=  74.2s
  OK   FP16E5M10/Var0p01/semantic_sep                           ratio=0.8887  c=   92.5s  d=  79.3s
  OK   FP16E5M10/Var0p05/semantic_sep                           ratio=0.8872  c=   96.4s  d=  77.7s
  OK   BF16E8M7/Var0p01/semantic_sep                            ratio=0.7030  c=   87.4s  d=  72.5s
  OK   BF16E8M7/Var0p025/semantic_sep                           ratio=0.7101  c=   92.7s  d=  76.3s
  OK   FP16E5M10/Var0p025/semantic_sep                          ratio=0.8952  c=  109.6s  d=  71.7s
  OK   BF16E8M7/Var0p1/semantic_sep                             ratio=0.6937  c=   94.1s  d=  76.7s
  OK   BF16E8M7/Var0p25/semantic_sep                            ratio=0.6839  c=   97.4s  d=  70.5s
  OK   BF16E8M7/Var0p05/semantic_sep                            ratio=0.7026  c=  105.6s  d=  69.0s
  OK   BF16E8M7/Var0p5/semantic_sep                             ratio=0.6945  c=  105.8s  d=  70.9s
  OK   FP16E5M10/Var0p25/bitplane                               ratio=0.8677  c=   55.9s  d=  58.1s
  OK   FP16E5M10/Var0p1/bitplane                                ratio=0.8780  c=   56.1s  d=  58.4s
  OK   FP16E5M10/Var0p5/bitplane                                ratio=0.8646  c=   56.2s  d=  58.6s
  OK   FP16E5M10/Var0p01/bitplane                               ratio=0.8887  c=   56.0s  d=  58.0s
  OK   FP16E5M10/Var0p05/bitplane                               ratio=0.8872  c=   56.1s  d=  57.8s
  OK   BF16E8M7/Var0p01/bitplane                                ratio=0.7030  c=   56.3s  d=  57.6s
  OK   BF16E8M7/Var0p025/bitplane                               ratio=0.7101  c=   56.2s  d=  57.4s
  OK   FP16E5M10/Var0p025/bitplane                              ratio=0.8952  c=   55.7s  d=  56.7s
  OK   BF16E8M7/Var0p1/bitplane                                 ratio=0.6937  c=   56.3s  d=  56.9s
  OK   BF16E8M7/Var0p25/bitplane                                ratio=0.6839  c=   55.4s  d=  55.9s
  OK   BF16E8M7/Var0p05/bitplane                                ratio=0.7026  c=   56.1s  d=  55.7s
  OK   FP16E5M10/Var0p25/gorilla_base                           ratio=0.9431  c=    4.2s  d=   3.2s
  OK   FP16E5M10/Var0p1/gorilla_base                            ratio=0.9447  c=    4.1s  d=   3.1s
  OK   FP16E5M10/Var0p5/gorilla_base                            ratio=0.9397  c=    4.1s  d=   3.1s
  OK   FP16E5M10/Var0p01/gorilla_base                           ratio=0.9518  c=    4.1s  d=   3.1s
  OK   BF16E8M7/Var0p5/bitplane                                 ratio=0.6945  c=   56.7s  d=  55.6s
  OK   FP16E5M10/Var0p05/gorilla_base                           ratio=0.9403  c=    4.1s  d=   3.1s
  OK   BF16E8M7/Var0p01/gorilla_base                            ratio=0.8183  c=    4.0s  d=   3.5s
  OK   BF16E8M7/Var0p025/gorilla_base                           ratio=0.8087  c=    3.9s  d=   3.5s
  OK   FP16E5M10/Var0p025/gorilla_base                          ratio=0.9457  c=    4.0s  d=   3.1s
  OK   BF16E8M7/Var0p1/gorilla_base                             ratio=0.8033  c=    3.9s  d=   3.4s
  OK   BF16E8M7/Var0p25/gorilla_base                            ratio=0.8038  c=    3.8s  d=   3.4s
  OK   BF16E8M7/Var0p05/gorilla_base                            ratio=0.8005  c=    3.8s  d=   3.4s
  OK   BF16E8M7/Var0p5/gorilla_base                             ratio=0.7986  c=    3.9s  d=   3.4s
  OK   FP16E5M10/Var0p25/xor_delta                              ratio=0.0218  c=    1.3s  d=   1.8s
  OK   FP16E5M10/Var0p1/xor_delta                               ratio=0.0218  c=    1.3s  d=   1.8s
  OK   FP16E5M10/Var0p5/xor_delta                               ratio=0.0218  c=    1.3s  d=   1.8s
  OK   FP16E5M10/Var0p01/xor_delta                              ratio=0.0219  c=    1.3s  d=   1.8s
  OK   FP16E5M10/Var0p05/xor_delta                              ratio=0.0218  c=    1.3s  d=   1.8s
  OK   BF16E8M7/Var0p01/xor_delta                               ratio=0.0202  c=    1.3s  d=   1.8s
  OK   BF16E8M7/Var0p025/xor_delta                              ratio=0.0201  c=    1.3s  d=   1.8s
  OK   FP16E5M10/Var0p025/xor_delta                             ratio=0.0218  c=    1.3s  d=   1.7s
  OK   BF16E8M7/Var0p25/xor_delta                               ratio=0.0201  c=    1.3s  d=   1.8s
  OK   BF16E8M7/Var0p1/xor_delta                                ratio=0.0201  c=    1.3s  d=   1.8s
  OK   BF16E8M7/Var0p05/xor_delta                               ratio=0.0201  c=    1.4s  d=   1.8s
  OK   BF16E8M7/Var0p5/xor_delta                                ratio=0.0200  c=    1.3s  d=   1.8s
  OK   FP16E5M10/Var0p25/gorilla_xor_delta                      ratio=0.0306  c=    1.6s  d=   1.9s
[25/42]  FP16E5M10/Var0p25  → 7 records written  (cumulative 175/294, elapsed 432s)
  OK   FP16E5M10/Var0p1/gorilla_xor_delta                       ratio=0.0307  c=    1.5s  d=   1.8s
[26/42]  FP16E5M10/Var0p1  → 7 records written  (cumulative 182/294, elapsed 432s)
  OK   FP16E5M10/Var0p5/gorilla_xor_delta                       ratio=0.0306  c=    1.5s  d=   1.9s
[27/42]  FP16E5M10/Var0p5  → 7 records written  (cumulative 189/294, elapsed 433s)
  OK   FP16E5M10/Var0p01/gorilla_xor_delta                      ratio=0.0308  c=    1.6s  d=   2.0s
[28/42]  FP16E5M10/Var0p01  → 7 records written  (cumulative 196/294, elapsed 434s)
  OK   FP16E5M10/Var0p05/gorilla_xor_delta                      ratio=0.0306  c=    1.5s  d=   1.9s
[29/42]  FP16E5M10/Var0p05  → 7 records written  (cumulative 203/294, elapsed 435s)
  OK   BF16E8M7/Var0p01/gorilla_xor_delta                       ratio=0.0260  c=    1.5s  d=   1.9s
[30/42]  BF16E8M7/Var0p01  → 7 records written  (cumulative 210/294, elapsed 436s)
  OK   BF16E8M7/Var0p025/gorilla_xor_delta                      ratio=0.0260  c=    1.4s  d=   1.9s
[31/42]  BF16E8M7/Var0p025  → 7 records written  (cumulative 217/294, elapsed 437s)
  OK   FP16E5M10/Var0p025/gorilla_xor_delta                     ratio=0.0307  c=    1.5s  d=   1.9s
[32/42]  FP16E5M10/Var0p025  → 7 records written  (cumulative 224/294, elapsed 438s)
  OK   BF16E8M7/Var0p1/gorilla_xor_delta                        ratio=0.0258  c=    1.4s  d=   1.9s
[33/42]  BF16E8M7/Var0p1  → 7 records written  (cumulative 231/294, elapsed 439s)
  OK   BF16E8M7/Var0p25/gorilla_xor_delta                       ratio=0.0257  c=    1.4s  d=   1.9s
[34/42]  BF16E8M7/Var0p25  → 7 records written  (cumulative 238/294, elapsed 439s)
  OK   BF16E8M7/Var0p05/gorilla_xor_delta                       ratio=0.0258  c=    1.5s  d=   1.9s
[35/42]  BF16E8M7/Var0p05  → 7 records written  (cumulative 245/294, elapsed 439s)
  OK   BF16E8M7/Var0p5/gorilla_xor_delta                        ratio=0.0257  c=    1.4s  d=   1.9s
[36/42]  BF16E8M7/Var0p5  → 7 records written  (cumulative 252/294, elapsed 440s)
  OK   FP32E8M23/Var0p1/semantic_sep                            ratio=0.8468  c=  230.8s  d= 133.4s
  OK   FP32E8M23/Var0p5/semantic_sep                            ratio=0.8471  c=  228.2s  d= 131.2s
  OK   FP32E8M23/Var0p25/semantic_sep                           ratio=0.8420  c=  226.6s  d= 130.5s
  OK   FP32E8M23/Var0p025/semantic_sep                          ratio=0.8551  c=  235.1s  d= 128.3s
  OK   FP32E8M23/Var0p05/semantic_sep                           ratio=0.8513  c=  218.0s  d= 128.5s
  OK   FP32E8M23/Var0p01/semantic_sep                           ratio=0.8514  c=  227.9s  d= 127.9s
  OK   FP32E8M23/Var0p1/bitplane                                ratio=0.8468  c=  112.5s  d= 117.8s
  OK   FP32E8M23/Var0p25/bitplane                               ratio=0.8420  c=  112.1s  d= 117.3s
  OK   FP32E8M23/Var0p5/bitplane                                ratio=0.8471  c=  112.9s  d= 118.3s
  OK   FP32E8M23/Var0p025/bitplane                              ratio=0.8551  c=  110.7s  d= 115.6s
  OK   FP32E8M23/Var0p05/bitplane                               ratio=0.8513  c=  112.3s  d= 117.1s
  OK   FP32E8M23/Var0p01/bitplane                               ratio=0.8514  c=  112.1s  d= 116.1s
  OK   FP32E8M23/Var0p1/gorilla_base                            ratio=0.9376  c=    7.7s  d=   6.0s
  OK   FP32E8M23/Var0p25/gorilla_base                           ratio=0.9382  c=    7.7s  d=   6.0s
  OK   FP32E8M23/Var0p5/gorilla_base                            ratio=0.9351  c=    7.7s  d=   6.0s
  OK   FP32E8M23/Var0p025/gorilla_base                          ratio=0.9394  c=    7.7s  d=   6.0s
  OK   FP32E8M23/Var0p05/gorilla_base                           ratio=0.9360  c=    7.7s  d=   6.0s
  OK   FP32E8M23/Var0p01/gorilla_base                           ratio=0.9434  c=    7.7s  d=   6.0s
  OK   FP32E8M23/Var0p1/xor_delta                               ratio=0.0166  c=    1.8s  d=   3.0s
  OK   FP32E8M23/Var0p25/xor_delta                              ratio=0.0166  c=    1.8s  d=   3.0s
  OK   FP32E8M23/Var0p5/xor_delta                               ratio=0.0166  c=    1.8s  d=   3.0s
  OK   FP32E8M23/Var0p025/xor_delta                             ratio=0.0166  c=    1.8s  d=   3.1s
  OK   FP32E8M23/Var0p05/xor_delta                              ratio=0.0166  c=    1.8s  d=   3.0s
  OK   FP32E8M23/Var0p01/xor_delta                              ratio=0.0166  c=    1.8s  d=   3.0s
  OK   FP32E8M23/Var0p1/gorilla_xor_delta                       ratio=0.0250  c=    2.1s  d=   3.3s
[37/42]  FP32E8M23/Var0p1  → 7 records written  (cumulative 259/294, elapsed 823s)
  OK   FP32E8M23/Var0p25/gorilla_xor_delta                      ratio=0.0250  c=    2.1s  d=   3.2s
[38/42]  FP32E8M23/Var0p25  → 7 records written  (cumulative 266/294, elapsed 824s)
  OK   FP32E8M23/Var0p5/gorilla_xor_delta                       ratio=0.0250  c=    2.1s  d=   3.2s
[39/42]  FP32E8M23/Var0p5  → 7 records written  (cumulative 273/294, elapsed 824s)
  OK   FP32E8M23/Var0p025/gorilla_xor_delta                     ratio=0.0251  c=    2.1s  d=   3.2s
[40/42]  FP32E8M23/Var0p025  → 7 records written  (cumulative 280/294, elapsed 825s)
  OK   FP32E8M23/Var0p05/gorilla_xor_delta                      ratio=0.0250  c=    2.1s  d=   3.2s
[41/42]  FP32E8M23/Var0p05  → 7 records written  (cumulative 287/294, elapsed 830s)
  OK   FP32E8M23/Var0p01/gorilla_xor_delta                      ratio=0.0251  c=    2.1s  d=   3.2s
[42/42]  FP32E8M23/Var0p01  → 7 records written  (cumulative 294/294, elapsed 832s)

All done.  Wall time: 831.6s  (13.9 min)
Results → /shared/home/erg966/LosslessModelCompression/compression_results.jsonl
