/opt/parallelcluster/pyenv/versions/3.12.11/envs/awsbatch_virtualenv/bin/python
Python 3.12.11
pip 25.0.1 from /opt/parallelcluster/pyenv/versions/3.12.11/envs/awsbatch_virtualenv/lib/python3.12/site-packages/pip (python 3.12)
Collecting numpy
  Downloading numpy-2.4.4-cp312-cp312-manylinux_2_27_x86_64.manylinux_2_28_x86_64.whl.metadata (6.6 kB)
Collecting zstandard
  Downloading zstandard-0.25.0-cp312-cp312-manylinux2014_x86_64.manylinux_2_17_x86_64.whl.metadata (3.3 kB)
Downloading numpy-2.4.4-cp312-cp312-manylinux_2_27_x86_64.manylinux_2_28_x86_64.whl (16.6 MB)
   ━━━━━━━━━━━━━━━━━━━━━━━━━━━━━━━━━━━━━━━━ 16.6/16.6 MB 24.1 MB/s eta 0:00:00
Downloading zstandard-0.25.0-cp312-cp312-manylinux2014_x86_64.manylinux_2_17_x86_64.whl (5.5 MB)
   ━━━━━━━━━━━━━━━━━━━━━━━━━━━━━━━━━━━━━━━━ 5.5/5.5 MB 19.3 MB/s eta 0:00:00
Installing collected packages: zstandard, numpy
ERROR: Could not install packages due to an OSError: [Errno 13] Permission denied: '/opt/parallelcluster/pyenv/versions/3.12.11/envs/awsbatch_virtualenv/lib/python3.12/site-packages/zstandard'
Check the permissions.


[notice] A new release of pip is available: 25.0.1 -> 26.1
[notice] To update, run: pip3.12 install --upgrade pip
/opt/parallelcluster/pyenv/versions/3.12.11/envs/awsbatch_virtualenv/bin/python
Traceback (most recent call last):
  File "<string>", line 1, in <module>
ModuleNotFoundError: No module named 'numpy'
Traceback (most recent call last):
  File "<string>", line 1, in <module>
ModuleNotFoundError: No module named 'zstandard'
Traceback (most recent call last):
  File "/shared/home/erg966/LosslessModelCompression/CompressionBenchmark.py", line 42, in <module>
    import numpy as np
ModuleNotFoundError: No module named 'numpy'
srun: error: general-dy-general-cr-3: task 0: Exited with exit code 1
